#! /c/Source/iverilog-install/bin/vvp
:ivl_version "12.0 (devel)" "(s20150603-1110-g18392a46)";
:ivl_delay_selection "TYPICAL";
:vpi_time_precision - 12;
:vpi_module "C:\iverilog\lib\ivl\system.vpi";
:vpi_module "C:\iverilog\lib\ivl\vhdl_sys.vpi";
:vpi_module "C:\iverilog\lib\ivl\vhdl_textio.vpi";
:vpi_module "C:\iverilog\lib\ivl\v2005_math.vpi";
:vpi_module "C:\iverilog\lib\ivl\va_math.vpi";
S_000001827f14dab0 .scope module, "CLA_tb" "CLA_tb" 2 2;
 .timescale -9 -12;
P_000001827f1c79f0 .param/l "W" 0 2 2, +C4<00000000000000000000000000100000>;
v000001827f5907d0_0 .var "Cin", 0 0;
v000001827f590370_0 .net "Cout", 0 0, L_000001827f5a78d0;  1 drivers
v000001827f591e50_0 .net "Sum", 31 0, L_000001827f5aeb60;  1 drivers
v000001827f591ef0_0 .var "shift_FRAC_A", 31 0;
v000001827f590730_0 .var "shift_FRAC_B", 31 0;
S_000001827f14dc40 .scope module, "uut0" "CLA" 2 13, 3 1 0, S_000001827f14dab0;
 .timescale 0 0;
    .port_info 0 /INPUT 32 "shift_FRAC_A";
    .port_info 1 /INPUT 32 "shift_FRAC_B";
    .port_info 2 /INPUT 1 "Cin";
    .port_info 3 /OUTPUT 32 "Sum";
    .port_info 4 /OUTPUT 1 "Cout";
P_000001827f1c7930 .param/l "W" 0 3 1, +C4<00000000000000000000000000100000>;
L_000001827f5adba0 .functor AND 32, v000001827f591ef0_0, v000001827f590730_0, C4<11111111111111111111111111111111>, C4<11111111111111111111111111111111>;
L_000001827f5ad740 .functor XOR 32, v000001827f591ef0_0, v000001827f590730_0, C4<00000000000000000000000000000000>, C4<00000000000000000000000000000000>;
L_000001827f5ae310 .functor BUFZ 1, v000001827f5907d0_0, C4<0>, C4<0>, C4<0>;
L_000001827f5aeb60 .functor XOR 32, L_000001827f5ad740, L_000001827f5a6930, C4<00000000000000000000000000000000>, C4<00000000000000000000000000000000>;
v000001827f1fb610_0 .net "C", 32 0, L_000001827f5a6c50;  1 drivers
v000001827f1fb930_0 .net "Cin", 0 0, v000001827f5907d0_0;  1 drivers
v000001827f1fbbb0_0 .net "Cout", 0 0, L_000001827f5a78d0;  alias, 1 drivers
v000001827f1fb6b0_0 .net "G", 31 0, L_000001827f5adba0;  1 drivers
v000001827f1fba70_0 .net "P", 31 0, L_000001827f5ad740;  1 drivers
v000001827f1fb9d0_0 .net "Sum", 31 0, L_000001827f5aeb60;  alias, 1 drivers
v000001827f1fb7f0_0 .net *"_ivl_344", 0 0, L_000001827f5ae310;  1 drivers
v000001827f1fbc50_0 .net *"_ivl_348", 31 0, L_000001827f5a6930;  1 drivers
v000001827f1fb750_0 .net "shift_FRAC_A", 31 0, v000001827f591ef0_0;  1 drivers
v000001827f1fbb10_0 .net "shift_FRAC_B", 31 0, v000001827f590730_0;  1 drivers
L_000001827f592530 .part L_000001827f5adba0, 0, 1;
L_000001827f590af0 .part L_000001827f5ad740, 0, 1;
L_000001827f5922b0 .part L_000001827f5a6c50, 0, 1;
L_000001827f591b30 .part L_000001827f5adba0, 1, 1;
L_000001827f590b90 .part L_000001827f5ad740, 1, 1;
L_000001827f592030 .part L_000001827f5adba0, 0, 1;
L_000001827f590550 .part L_000001827f5ad740, 1, 1;
L_000001827f5902d0 .part L_000001827f5ad740, 0, 1;
L_000001827f592490 .part L_000001827f5a6c50, 0, 1;
L_000001827f590c30 .part L_000001827f5adba0, 2, 1;
L_000001827f592350 .part L_000001827f5ad740, 2, 1;
L_000001827f590ff0 .part L_000001827f5adba0, 1, 1;
L_000001827f590eb0 .part L_000001827f5ad740, 2, 1;
L_000001827f5909b0 .part L_000001827f5ad740, 1, 1;
L_000001827f590410 .part L_000001827f5adba0, 0, 1;
L_000001827f5904b0 .part L_000001827f5ad740, 2, 1;
L_000001827f5916d0 .part L_000001827f5ad740, 1, 1;
L_000001827f590870 .part L_000001827f5ad740, 0, 1;
L_000001827f590cd0 .part L_000001827f5a6c50, 0, 1;
L_000001827f591bd0 .part L_000001827f5adba0, 3, 1;
L_000001827f592170 .part L_000001827f5ad740, 3, 1;
L_000001827f5911d0 .part L_000001827f5adba0, 2, 1;
L_000001827f591770 .part L_000001827f5ad740, 3, 1;
L_000001827f5900f0 .part L_000001827f5ad740, 2, 1;
L_000001827f592210 .part L_000001827f5adba0, 1, 1;
L_000001827f5923f0 .part L_000001827f5ad740, 3, 1;
L_000001827f590050 .part L_000001827f5ad740, 2, 1;
L_000001827f591f90 .part L_000001827f5ad740, 1, 1;
L_000001827f590190 .part L_000001827f5adba0, 0, 1;
L_000001827f590a50 .part L_000001827f5ad740, 3, 1;
L_000001827f591090 .part L_000001827f5ad740, 2, 1;
L_000001827f591130 .part L_000001827f5ad740, 1, 1;
L_000001827f590d70 .part L_000001827f5ad740, 0, 1;
L_000001827f5905f0 .part L_000001827f5a6c50, 0, 1;
L_000001827f5920d0 .part L_000001827f5adba0, 4, 1;
L_000001827f591270 .part L_000001827f5ad740, 4, 1;
L_000001827f591310 .part L_000001827f5a6c50, 4, 1;
L_000001827f58fdd0 .part L_000001827f5adba0, 5, 1;
L_000001827f58fe70 .part L_000001827f5ad740, 5, 1;
L_000001827f590690 .part L_000001827f5adba0, 4, 1;
L_000001827f590e10 .part L_000001827f5ad740, 5, 1;
L_000001827f58ff10 .part L_000001827f5ad740, 4, 1;
L_000001827f590910 .part L_000001827f5a6c50, 4, 1;
L_000001827f591810 .part L_000001827f5adba0, 6, 1;
L_000001827f58ffb0 .part L_000001827f5ad740, 6, 1;
L_000001827f590230 .part L_000001827f5adba0, 5, 1;
L_000001827f590f50 .part L_000001827f5ad740, 6, 1;
L_000001827f591950 .part L_000001827f5ad740, 5, 1;
L_000001827f5913b0 .part L_000001827f5adba0, 4, 1;
L_000001827f591db0 .part L_000001827f5ad740, 6, 1;
L_000001827f591450 .part L_000001827f5ad740, 5, 1;
L_000001827f5918b0 .part L_000001827f5ad740, 4, 1;
L_000001827f5914f0 .part L_000001827f5a6c50, 4, 1;
L_000001827f591590 .part L_000001827f5adba0, 7, 1;
L_000001827f591630 .part L_000001827f5ad740, 7, 1;
L_000001827f591c70 .part L_000001827f5adba0, 6, 1;
L_000001827f5919f0 .part L_000001827f5ad740, 7, 1;
L_000001827f591a90 .part L_000001827f5ad740, 6, 1;
L_000001827f591d10 .part L_000001827f5adba0, 5, 1;
L_000001827f5934d0 .part L_000001827f5ad740, 7, 1;
L_000001827f593430 .part L_000001827f5ad740, 6, 1;
L_000001827f594d30 .part L_000001827f5ad740, 5, 1;
L_000001827f594b50 .part L_000001827f5adba0, 4, 1;
L_000001827f592ad0 .part L_000001827f5ad740, 7, 1;
L_000001827f593cf0 .part L_000001827f5ad740, 6, 1;
L_000001827f594290 .part L_000001827f5ad740, 5, 1;
L_000001827f592f30 .part L_000001827f5ad740, 4, 1;
L_000001827f592710 .part L_000001827f5a6c50, 4, 1;
L_000001827f592a30 .part L_000001827f5adba0, 8, 1;
L_000001827f592fd0 .part L_000001827f5ad740, 8, 1;
L_000001827f592990 .part L_000001827f5a6c50, 8, 1;
L_000001827f592b70 .part L_000001827f5adba0, 9, 1;
L_000001827f594330 .part L_000001827f5ad740, 9, 1;
L_000001827f593f70 .part L_000001827f5adba0, 8, 1;
L_000001827f593e30 .part L_000001827f5ad740, 9, 1;
L_000001827f592670 .part L_000001827f5ad740, 8, 1;
L_000001827f5927b0 .part L_000001827f5a6c50, 8, 1;
L_000001827f592e90 .part L_000001827f5adba0, 10, 1;
L_000001827f593570 .part L_000001827f5ad740, 10, 1;
L_000001827f592850 .part L_000001827f5adba0, 9, 1;
L_000001827f592c10 .part L_000001827f5ad740, 10, 1;
L_000001827f594650 .part L_000001827f5ad740, 9, 1;
L_000001827f5928f0 .part L_000001827f5adba0, 8, 1;
L_000001827f5945b0 .part L_000001827f5ad740, 10, 1;
L_000001827f594830 .part L_000001827f5ad740, 9, 1;
L_000001827f593610 .part L_000001827f5ad740, 8, 1;
L_000001827f592cb0 .part L_000001827f5a6c50, 8, 1;
L_000001827f592df0 .part L_000001827f5adba0, 11, 1;
L_000001827f5936b0 .part L_000001827f5ad740, 11, 1;
L_000001827f5943d0 .part L_000001827f5adba0, 10, 1;
L_000001827f593750 .part L_000001827f5ad740, 11, 1;
L_000001827f5937f0 .part L_000001827f5ad740, 10, 1;
L_000001827f5925d0 .part L_000001827f5adba0, 9, 1;
L_000001827f593890 .part L_000001827f5ad740, 11, 1;
L_000001827f5931b0 .part L_000001827f5ad740, 10, 1;
L_000001827f593d90 .part L_000001827f5ad740, 9, 1;
L_000001827f594470 .part L_000001827f5adba0, 8, 1;
L_000001827f594510 .part L_000001827f5ad740, 11, 1;
L_000001827f592d50 .part L_000001827f5ad740, 10, 1;
L_000001827f594790 .part L_000001827f5ad740, 9, 1;
L_000001827f593070 .part L_000001827f5ad740, 8, 1;
L_000001827f593110 .part L_000001827f5a6c50, 8, 1;
L_000001827f5946f0 .part L_000001827f5adba0, 12, 1;
L_000001827f594010 .part L_000001827f5ad740, 12, 1;
L_000001827f593250 .part L_000001827f5a6c50, 12, 1;
L_000001827f5932f0 .part L_000001827f5adba0, 13, 1;
L_000001827f593390 .part L_000001827f5ad740, 13, 1;
L_000001827f593930 .part L_000001827f5adba0, 12, 1;
L_000001827f593ed0 .part L_000001827f5ad740, 13, 1;
L_000001827f594c90 .part L_000001827f5ad740, 12, 1;
L_000001827f5948d0 .part L_000001827f5a6c50, 12, 1;
L_000001827f5939d0 .part L_000001827f5adba0, 14, 1;
L_000001827f593a70 .part L_000001827f5ad740, 14, 1;
L_000001827f5940b0 .part L_000001827f5adba0, 13, 1;
L_000001827f593b10 .part L_000001827f5ad740, 14, 1;
L_000001827f594970 .part L_000001827f5ad740, 13, 1;
L_000001827f593bb0 .part L_000001827f5adba0, 12, 1;
L_000001827f594a10 .part L_000001827f5ad740, 14, 1;
L_000001827f593c50 .part L_000001827f5ad740, 13, 1;
L_000001827f594ab0 .part L_000001827f5ad740, 12, 1;
L_000001827f594150 .part L_000001827f5a6c50, 12, 1;
L_000001827f5941f0 .part L_000001827f5adba0, 15, 1;
L_000001827f594bf0 .part L_000001827f5ad740, 15, 1;
L_000001827f595410 .part L_000001827f5adba0, 14, 1;
L_000001827f595050 .part L_000001827f5ad740, 15, 1;
L_000001827f5954b0 .part L_000001827f5ad740, 14, 1;
L_000001827f595190 .part L_000001827f5adba0, 13, 1;
L_000001827f594dd0 .part L_000001827f5ad740, 15, 1;
L_000001827f594e70 .part L_000001827f5ad740, 14, 1;
L_000001827f594fb0 .part L_000001827f5ad740, 13, 1;
L_000001827f5950f0 .part L_000001827f5adba0, 12, 1;
L_000001827f595230 .part L_000001827f5ad740, 15, 1;
L_000001827f594f10 .part L_000001827f5ad740, 14, 1;
L_000001827f5952d0 .part L_000001827f5ad740, 13, 1;
L_000001827f595370 .part L_000001827f5ad740, 12, 1;
L_000001827f58d990 .part L_000001827f5a6c50, 12, 1;
L_000001827f58e570 .part L_000001827f5adba0, 16, 1;
L_000001827f58e430 .part L_000001827f5ad740, 16, 1;
L_000001827f58dad0 .part L_000001827f5a6c50, 16, 1;
L_000001827f58f010 .part L_000001827f5adba0, 17, 1;
L_000001827f58ddf0 .part L_000001827f5ad740, 17, 1;
L_000001827f58e930 .part L_000001827f5adba0, 16, 1;
L_000001827f58dd50 .part L_000001827f5ad740, 17, 1;
L_000001827f58e750 .part L_000001827f5ad740, 16, 1;
L_000001827f58db70 .part L_000001827f5a6c50, 16, 1;
L_000001827f58fd30 .part L_000001827f5adba0, 18, 1;
L_000001827f58f290 .part L_000001827f5ad740, 18, 1;
L_000001827f58e2f0 .part L_000001827f5adba0, 17, 1;
L_000001827f58f330 .part L_000001827f5ad740, 18, 1;
L_000001827f58ed90 .part L_000001827f5ad740, 17, 1;
L_000001827f58e390 .part L_000001827f5adba0, 16, 1;
L_000001827f58df30 .part L_000001827f5ad740, 18, 1;
L_000001827f58f3d0 .part L_000001827f5ad740, 17, 1;
L_000001827f58e4d0 .part L_000001827f5ad740, 16, 1;
L_000001827f58dc10 .part L_000001827f5a6c50, 16, 1;
L_000001827f58e890 .part L_000001827f5adba0, 19, 1;
L_000001827f58f0b0 .part L_000001827f5ad740, 19, 1;
L_000001827f58de90 .part L_000001827f5adba0, 18, 1;
L_000001827f58dcb0 .part L_000001827f5ad740, 19, 1;
L_000001827f58dfd0 .part L_000001827f5ad740, 18, 1;
L_000001827f58d8f0 .part L_000001827f5adba0, 17, 1;
L_000001827f58f650 .part L_000001827f5ad740, 19, 1;
L_000001827f58e9d0 .part L_000001827f5ad740, 18, 1;
L_000001827f58f470 .part L_000001827f5ad740, 17, 1;
L_000001827f58e070 .part L_000001827f5adba0, 16, 1;
L_000001827f58e110 .part L_000001827f5ad740, 19, 1;
L_000001827f58e1b0 .part L_000001827f5ad740, 18, 1;
L_000001827f58ea70 .part L_000001827f5ad740, 17, 1;
L_000001827f58eb10 .part L_000001827f5ad740, 16, 1;
L_000001827f58e250 .part L_000001827f5a6c50, 16, 1;
L_000001827f58e610 .part L_000001827f5adba0, 20, 1;
L_000001827f58f830 .part L_000001827f5ad740, 20, 1;
L_000001827f58fbf0 .part L_000001827f5a6c50, 20, 1;
L_000001827f58da30 .part L_000001827f5adba0, 21, 1;
L_000001827f58e6b0 .part L_000001827f5ad740, 21, 1;
L_000001827f58e7f0 .part L_000001827f5adba0, 20, 1;
L_000001827f58d7b0 .part L_000001827f5ad740, 21, 1;
L_000001827f58f510 .part L_000001827f5ad740, 20, 1;
L_000001827f58ebb0 .part L_000001827f5a6c50, 20, 1;
L_000001827f58ec50 .part L_000001827f5adba0, 22, 1;
L_000001827f58fc90 .part L_000001827f5ad740, 22, 1;
L_000001827f58ecf0 .part L_000001827f5adba0, 21, 1;
L_000001827f58ee30 .part L_000001827f5ad740, 22, 1;
L_000001827f58eed0 .part L_000001827f5ad740, 21, 1;
L_000001827f58ef70 .part L_000001827f5adba0, 20, 1;
L_000001827f58f150 .part L_000001827f5ad740, 22, 1;
L_000001827f58d850 .part L_000001827f5ad740, 21, 1;
L_000001827f58fab0 .part L_000001827f5ad740, 20, 1;
L_000001827f58f970 .part L_000001827f5a6c50, 20, 1;
L_000001827f58f6f0 .part L_000001827f5adba0, 23, 1;
L_000001827f58f1f0 .part L_000001827f5ad740, 23, 1;
L_000001827f58f5b0 .part L_000001827f5adba0, 22, 1;
L_000001827f58f790 .part L_000001827f5ad740, 23, 1;
L_000001827f58f8d0 .part L_000001827f5ad740, 22, 1;
L_000001827f58fa10 .part L_000001827f5adba0, 21, 1;
L_000001827f58fb50 .part L_000001827f5ad740, 23, 1;
L_000001827f58d5d0 .part L_000001827f5ad740, 22, 1;
L_000001827f58d670 .part L_000001827f5ad740, 21, 1;
L_000001827f58d710 .part L_000001827f5adba0, 20, 1;
L_000001827f5a64d0 .part L_000001827f5ad740, 23, 1;
L_000001827f5a4b30 .part L_000001827f5ad740, 22, 1;
L_000001827f5a4ef0 .part L_000001827f5ad740, 21, 1;
L_000001827f5a5490 .part L_000001827f5ad740, 20, 1;
L_000001827f5a4bd0 .part L_000001827f5a6c50, 20, 1;
L_000001827f5a5fd0 .part L_000001827f5adba0, 24, 1;
L_000001827f5a6110 .part L_000001827f5ad740, 24, 1;
L_000001827f5a5170 .part L_000001827f5a6c50, 24, 1;
L_000001827f5a5350 .part L_000001827f5adba0, 25, 1;
L_000001827f5a6570 .part L_000001827f5ad740, 25, 1;
L_000001827f5a4310 .part L_000001827f5adba0, 24, 1;
L_000001827f5a4d10 .part L_000001827f5ad740, 25, 1;
L_000001827f5a48b0 .part L_000001827f5ad740, 24, 1;
L_000001827f5a4c70 .part L_000001827f5a6c50, 24, 1;
L_000001827f5a57b0 .part L_000001827f5adba0, 26, 1;
L_000001827f5a4130 .part L_000001827f5ad740, 26, 1;
L_000001827f5a4450 .part L_000001827f5adba0, 25, 1;
L_000001827f5a3ff0 .part L_000001827f5ad740, 26, 1;
L_000001827f5a52b0 .part L_000001827f5ad740, 25, 1;
L_000001827f5a43b0 .part L_000001827f5adba0, 24, 1;
L_000001827f5a44f0 .part L_000001827f5ad740, 26, 1;
L_000001827f5a50d0 .part L_000001827f5ad740, 25, 1;
L_000001827f5a4a90 .part L_000001827f5ad740, 24, 1;
L_000001827f5a4f90 .part L_000001827f5a6c50, 24, 1;
L_000001827f5a4950 .part L_000001827f5adba0, 27, 1;
L_000001827f5a6070 .part L_000001827f5ad740, 27, 1;
L_000001827f5a49f0 .part L_000001827f5adba0, 26, 1;
L_000001827f5a5f30 .part L_000001827f5ad740, 27, 1;
L_000001827f5a5e90 .part L_000001827f5ad740, 26, 1;
L_000001827f5a4090 .part L_000001827f5adba0, 25, 1;
L_000001827f5a5030 .part L_000001827f5ad740, 27, 1;
L_000001827f5a6390 .part L_000001827f5ad740, 26, 1;
L_000001827f5a5c10 .part L_000001827f5ad740, 25, 1;
L_000001827f5a5850 .part L_000001827f5adba0, 24, 1;
L_000001827f5a58f0 .part L_000001827f5ad740, 27, 1;
L_000001827f5a4590 .part L_000001827f5ad740, 26, 1;
L_000001827f5a4db0 .part L_000001827f5ad740, 25, 1;
L_000001827f5a4630 .part L_000001827f5ad740, 24, 1;
L_000001827f5a61b0 .part L_000001827f5a6c50, 24, 1;
L_000001827f5a6250 .part L_000001827f5adba0, 28, 1;
L_000001827f5a53f0 .part L_000001827f5ad740, 28, 1;
L_000001827f5a46d0 .part L_000001827f5a6c50, 28, 1;
L_000001827f5a4e50 .part L_000001827f5adba0, 29, 1;
L_000001827f5a5210 .part L_000001827f5ad740, 29, 1;
L_000001827f5a5530 .part L_000001827f5adba0, 28, 1;
L_000001827f5a55d0 .part L_000001827f5ad740, 29, 1;
L_000001827f5a4810 .part L_000001827f5ad740, 28, 1;
L_000001827f5a5a30 .part L_000001827f5a6c50, 28, 1;
L_000001827f5a5670 .part L_000001827f5adba0, 30, 1;
L_000001827f5a41d0 .part L_000001827f5ad740, 30, 1;
L_000001827f5a5710 .part L_000001827f5adba0, 29, 1;
L_000001827f5a5990 .part L_000001827f5ad740, 30, 1;
L_000001827f5a4770 .part L_000001827f5ad740, 29, 1;
L_000001827f5a6430 .part L_000001827f5adba0, 28, 1;
L_000001827f5a5ad0 .part L_000001827f5ad740, 30, 1;
L_000001827f5a5b70 .part L_000001827f5ad740, 29, 1;
L_000001827f5a62f0 .part L_000001827f5ad740, 28, 1;
L_000001827f5a5cb0 .part L_000001827f5a6c50, 28, 1;
L_000001827f5a5d50 .part L_000001827f5adba0, 31, 1;
L_000001827f5a5df0 .part L_000001827f5ad740, 31, 1;
L_000001827f5a6610 .part L_000001827f5adba0, 30, 1;
L_000001827f5a3eb0 .part L_000001827f5ad740, 31, 1;
L_000001827f5a3f50 .part L_000001827f5ad740, 30, 1;
L_000001827f5a4270 .part L_000001827f5adba0, 29, 1;
L_000001827f5a7150 .part L_000001827f5ad740, 31, 1;
L_000001827f5a8a50 .part L_000001827f5ad740, 30, 1;
L_000001827f5a80f0 .part L_000001827f5ad740, 29, 1;
L_000001827f5a8050 .part L_000001827f5adba0, 28, 1;
L_000001827f5a7b50 .part L_000001827f5ad740, 31, 1;
L_000001827f5a7bf0 .part L_000001827f5ad740, 30, 1;
L_000001827f5a70b0 .part L_000001827f5ad740, 29, 1;
L_000001827f5a8af0 .part L_000001827f5ad740, 28, 1;
L_000001827f5a6a70 .part L_000001827f5a6c50, 28, 1;
LS_000001827f5a6c50_0_0 .concat8 [ 1 1 1 1], L_000001827f5ae310, L_000001827f1d4fa0, L_000001827f1d4de0, L_000001827f1d48a0;
LS_000001827f5a6c50_0_4 .concat8 [ 1 1 1 1], L_000001827f595b80, L_000001827f596360, L_000001827f5964b0, L_000001827f5961a0;
LS_000001827f5a6c50_0_8 .concat8 [ 1 1 1 1], L_000001827f595a30, L_000001827f5980a0, L_000001827f598110, L_000001827f598030;
LS_000001827f5a6c50_0_12 .concat8 [ 1 1 1 1], L_000001827f596f20, L_000001827f597070, L_000001827f5971c0, L_000001827f597000;
LS_000001827f5a6c50_0_16 .concat8 [ 1 1 1 1], L_000001827f597bd0, L_000001827f597d20, L_000001827f5985e0, L_000001827f59def0;
LS_000001827f5a6c50_0_20 .concat8 [ 1 1 1 1], L_000001827f59f1c0, L_000001827f59e120, L_000001827f59f7e0, L_000001827f59f0e0;
LS_000001827f5a6c50_0_24 .concat8 [ 1 1 1 1], L_000001827f59f850, L_000001827f59f8c0, L_000001827f59e510, L_000001827f59f5b0;
LS_000001827f5a6c50_0_28 .concat8 [ 1 1 1 1], L_000001827f5af260, L_000001827f5aefc0, L_000001827f5ae150, L_000001827f5ae8c0;
LS_000001827f5a6c50_0_32 .concat8 [ 1 0 0 0], L_000001827f5adc80;
LS_000001827f5a6c50_1_0 .concat8 [ 4 4 4 4], LS_000001827f5a6c50_0_0, LS_000001827f5a6c50_0_4, LS_000001827f5a6c50_0_8, LS_000001827f5a6c50_0_12;
LS_000001827f5a6c50_1_4 .concat8 [ 4 4 4 4], LS_000001827f5a6c50_0_16, LS_000001827f5a6c50_0_20, LS_000001827f5a6c50_0_24, LS_000001827f5a6c50_0_28;
LS_000001827f5a6c50_1_8 .concat8 [ 1 0 0 0], LS_000001827f5a6c50_0_32;
L_000001827f5a6c50 .concat8 [ 16 16 1 0], LS_000001827f5a6c50_1_0, LS_000001827f5a6c50_1_4, LS_000001827f5a6c50_1_8;
L_000001827f5a78d0 .part L_000001827f5a6c50, 32, 1;
L_000001827f5a6930 .part L_000001827f5a6c50, 0, 32;
S_000001827f14ddd0 .scope generate, "cla_blocks[0]" "cla_blocks[0]" 3 15, 3 15 0, S_000001827f14dc40;
 .timescale 0 0;
P_000001827f1c7eb0 .param/l "i" 0 3 15, +C4<00>;
L_000001827f1d4c20 .functor AND 1, L_000001827f590af0, L_000001827f5922b0, C4<1>, C4<1>;
L_000001827f1d4fa0 .functor OR 1, L_000001827f592530, L_000001827f1d4c20, C4<0>, C4<0>;
L_000001827f1d4520 .functor AND 1, L_000001827f590b90, L_000001827f592030, C4<1>, C4<1>;
L_000001827f1d4590 .functor OR 1, L_000001827f591b30, L_000001827f1d4520, C4<0>, C4<0>;
L_000001827f1d4830 .functor AND 1, L_000001827f590550, L_000001827f5902d0, C4<1>, C4<1>;
L_000001827f1d4c90 .functor AND 1, L_000001827f1d4830, L_000001827f592490, C4<1>, C4<1>;
L_000001827f1d4de0 .functor OR 1, L_000001827f1d4590, L_000001827f1d4c90, C4<0>, C4<0>;
L_000001827f1d5010 .functor AND 1, L_000001827f592350, L_000001827f590ff0, C4<1>, C4<1>;
L_000001827f1d4d00 .functor OR 1, L_000001827f590c30, L_000001827f1d5010, C4<0>, C4<0>;
L_000001827f1d4d70 .functor AND 1, L_000001827f590eb0, L_000001827f5909b0, C4<1>, C4<1>;
L_000001827f1d47c0 .functor AND 1, L_000001827f1d4d70, L_000001827f590410, C4<1>, C4<1>;
L_000001827f1d4750 .functor OR 1, L_000001827f1d4d00, L_000001827f1d47c0, C4<0>, C4<0>;
L_000001827f1d46e0 .functor AND 1, L_000001827f5904b0, L_000001827f5916d0, C4<1>, C4<1>;
L_000001827f1d44b0 .functor AND 1, L_000001827f1d46e0, L_000001827f590870, C4<1>, C4<1>;
L_000001827f1d5080 .functor AND 1, L_000001827f1d44b0, L_000001827f590cd0, C4<1>, C4<1>;
L_000001827f1d48a0 .functor OR 1, L_000001827f1d4750, L_000001827f1d5080, C4<0>, C4<0>;
L_000001827f1d50f0 .functor AND 1, L_000001827f592170, L_000001827f5911d0, C4<1>, C4<1>;
L_000001827f1d5160 .functor OR 1, L_000001827f591bd0, L_000001827f1d50f0, C4<0>, C4<0>;
L_000001827f1d4600 .functor AND 1, L_000001827f591770, L_000001827f5900f0, C4<1>, C4<1>;
L_000001827f1d4980 .functor AND 1, L_000001827f1d4600, L_000001827f592210, C4<1>, C4<1>;
L_000001827f1d51d0 .functor OR 1, L_000001827f1d5160, L_000001827f1d4980, C4<0>, C4<0>;
L_000001827f1d5240 .functor AND 1, L_000001827f5923f0, L_000001827f590050, C4<1>, C4<1>;
L_000001827f1d4910 .functor AND 1, L_000001827f1d5240, L_000001827f591f90, C4<1>, C4<1>;
L_000001827f1d5320 .functor AND 1, L_000001827f1d4910, L_000001827f590190, C4<1>, C4<1>;
L_000001827f1d4440 .functor OR 1, L_000001827f1d51d0, L_000001827f1d5320, C4<0>, C4<0>;
L_000001827f595790 .functor AND 1, L_000001827f590a50, L_000001827f591090, C4<1>, C4<1>;
L_000001827f595640 .functor AND 1, L_000001827f595790, L_000001827f591130, C4<1>, C4<1>;
L_000001827f5962f0 .functor AND 1, L_000001827f595640, L_000001827f590d70, C4<1>, C4<1>;
L_000001827f595db0 .functor AND 1, L_000001827f5962f0, L_000001827f5905f0, C4<1>, C4<1>;
L_000001827f595b80 .functor OR 1, L_000001827f1d4440, L_000001827f595db0, C4<0>, C4<0>;
v000001827f1d8700_0 .net *"_ivl_0", 0 0, L_000001827f592530;  1 drivers
v000001827f1d8d40_0 .net *"_ivl_1", 0 0, L_000001827f590af0;  1 drivers
v000001827f1d9240_0 .net *"_ivl_10", 0 0, L_000001827f1d4520;  1 drivers
v000001827f1d9060_0 .net *"_ivl_12", 0 0, L_000001827f1d4590;  1 drivers
v000001827f1d88e0_0 .net *"_ivl_14", 0 0, L_000001827f590550;  1 drivers
v000001827f1d7e40_0 .net *"_ivl_15", 0 0, L_000001827f5902d0;  1 drivers
v000001827f1d7c60_0 .net *"_ivl_16", 0 0, L_000001827f1d4830;  1 drivers
v000001827f1d9100_0 .net *"_ivl_18", 0 0, L_000001827f592490;  1 drivers
v000001827f1d91a0_0 .net *"_ivl_19", 0 0, L_000001827f1d4c90;  1 drivers
v000001827f1d8a20_0 .net *"_ivl_2", 0 0, L_000001827f5922b0;  1 drivers
v000001827f1d8de0_0 .net *"_ivl_21", 0 0, L_000001827f1d4de0;  1 drivers
v000001827f1d8020_0 .net *"_ivl_23", 0 0, L_000001827f590c30;  1 drivers
v000001827f1d8980_0 .net *"_ivl_24", 0 0, L_000001827f592350;  1 drivers
v000001827f1d7d00_0 .net *"_ivl_25", 0 0, L_000001827f590ff0;  1 drivers
v000001827f1d8660_0 .net *"_ivl_26", 0 0, L_000001827f1d5010;  1 drivers
v000001827f1d7da0_0 .net *"_ivl_28", 0 0, L_000001827f1d4d00;  1 drivers
v000001827f1d8e80_0 .net *"_ivl_3", 0 0, L_000001827f1d4c20;  1 drivers
v000001827f1d7ee0_0 .net *"_ivl_30", 0 0, L_000001827f590eb0;  1 drivers
v000001827f1d8160_0 .net *"_ivl_31", 0 0, L_000001827f5909b0;  1 drivers
v000001827f1d8480_0 .net *"_ivl_32", 0 0, L_000001827f1d4d70;  1 drivers
v000001827f1d8200_0 .net *"_ivl_34", 0 0, L_000001827f590410;  1 drivers
v000001827f1d82a0_0 .net *"_ivl_35", 0 0, L_000001827f1d47c0;  1 drivers
v000001827f1d67c0_0 .net *"_ivl_37", 0 0, L_000001827f1d4750;  1 drivers
v000001827f1d62c0_0 .net *"_ivl_39", 0 0, L_000001827f5904b0;  1 drivers
v000001827f1d5be0_0 .net *"_ivl_40", 0 0, L_000001827f5916d0;  1 drivers
v000001827f1d64a0_0 .net *"_ivl_41", 0 0, L_000001827f1d46e0;  1 drivers
v000001827f1d5aa0_0 .net *"_ivl_43", 0 0, L_000001827f590870;  1 drivers
v000001827f1d6b80_0 .net *"_ivl_44", 0 0, L_000001827f1d44b0;  1 drivers
v000001827f1d6d60_0 .net *"_ivl_46", 0 0, L_000001827f590cd0;  1 drivers
v000001827f1d5c80_0 .net *"_ivl_47", 0 0, L_000001827f1d5080;  1 drivers
v000001827f1d58c0_0 .net *"_ivl_49", 0 0, L_000001827f1d48a0;  1 drivers
v000001827f1d6c20_0 .net *"_ivl_5", 0 0, L_000001827f1d4fa0;  1 drivers
v000001827f1d6fe0_0 .net *"_ivl_51", 0 0, L_000001827f591bd0;  1 drivers
v000001827f1d5960_0 .net *"_ivl_52", 0 0, L_000001827f592170;  1 drivers
v000001827f1d7580_0 .net *"_ivl_53", 0 0, L_000001827f5911d0;  1 drivers
v000001827f1d65e0_0 .net *"_ivl_54", 0 0, L_000001827f1d50f0;  1 drivers
v000001827f1d5d20_0 .net *"_ivl_56", 0 0, L_000001827f1d5160;  1 drivers
v000001827f1d6180_0 .net *"_ivl_58", 0 0, L_000001827f591770;  1 drivers
v000001827f1d5fa0_0 .net *"_ivl_59", 0 0, L_000001827f5900f0;  1 drivers
v000001827f1d5dc0_0 .net *"_ivl_60", 0 0, L_000001827f1d4600;  1 drivers
v000001827f1d74e0_0 .net *"_ivl_62", 0 0, L_000001827f592210;  1 drivers
v000001827f1d5e60_0 .net *"_ivl_63", 0 0, L_000001827f1d4980;  1 drivers
v000001827f1d5b40_0 .net *"_ivl_65", 0 0, L_000001827f1d51d0;  1 drivers
v000001827f1d7120_0 .net *"_ivl_67", 0 0, L_000001827f5923f0;  1 drivers
v000001827f1d6680_0 .net *"_ivl_68", 0 0, L_000001827f590050;  1 drivers
v000001827f1d6a40_0 .net *"_ivl_69", 0 0, L_000001827f1d5240;  1 drivers
v000001827f1d5820_0 .net *"_ivl_7", 0 0, L_000001827f591b30;  1 drivers
v000001827f1d5f00_0 .net *"_ivl_71", 0 0, L_000001827f591f90;  1 drivers
v000001827f1d7800_0 .net *"_ivl_72", 0 0, L_000001827f1d4910;  1 drivers
v000001827f1d5460_0 .net *"_ivl_74", 0 0, L_000001827f590190;  1 drivers
v000001827f1d5a00_0 .net *"_ivl_75", 0 0, L_000001827f1d5320;  1 drivers
v000001827f1d6cc0_0 .net *"_ivl_77", 0 0, L_000001827f1d4440;  1 drivers
v000001827f1d56e0_0 .net *"_ivl_79", 0 0, L_000001827f590a50;  1 drivers
v000001827f1d76c0_0 .net *"_ivl_8", 0 0, L_000001827f590b90;  1 drivers
v000001827f1d5780_0 .net *"_ivl_80", 0 0, L_000001827f591090;  1 drivers
v000001827f1d6220_0 .net *"_ivl_81", 0 0, L_000001827f595790;  1 drivers
v000001827f1d6040_0 .net *"_ivl_83", 0 0, L_000001827f591130;  1 drivers
v000001827f1d60e0_0 .net *"_ivl_84", 0 0, L_000001827f595640;  1 drivers
v000001827f1d6e00_0 .net *"_ivl_86", 0 0, L_000001827f590d70;  1 drivers
v000001827f1d7080_0 .net *"_ivl_87", 0 0, L_000001827f5962f0;  1 drivers
v000001827f1d6360_0 .net *"_ivl_89", 0 0, L_000001827f5905f0;  1 drivers
v000001827f1d5500_0 .net *"_ivl_9", 0 0, L_000001827f592030;  1 drivers
v000001827f1d7760_0 .net *"_ivl_90", 0 0, L_000001827f595db0;  1 drivers
v000001827f1d71c0_0 .net *"_ivl_92", 0 0, L_000001827f595b80;  1 drivers
S_000001827f584340 .scope generate, "cla_blocks[1]" "cla_blocks[1]" 3 15, 3 15 0, S_000001827f14dc40;
 .timescale 0 0;
P_000001827f1c7630 .param/l "i" 0 3 15, +C4<01>;
L_000001827f595bf0 .functor AND 1, L_000001827f591270, L_000001827f591310, C4<1>, C4<1>;
L_000001827f596360 .functor OR 1, L_000001827f5920d0, L_000001827f595bf0, C4<0>, C4<0>;
L_000001827f5960c0 .functor AND 1, L_000001827f58fe70, L_000001827f590690, C4<1>, C4<1>;
L_000001827f595870 .functor OR 1, L_000001827f58fdd0, L_000001827f5960c0, C4<0>, C4<0>;
L_000001827f595f00 .functor AND 1, L_000001827f590e10, L_000001827f58ff10, C4<1>, C4<1>;
L_000001827f5955d0 .functor AND 1, L_000001827f595f00, L_000001827f590910, C4<1>, C4<1>;
L_000001827f5964b0 .functor OR 1, L_000001827f595870, L_000001827f5955d0, C4<0>, C4<0>;
L_000001827f595e20 .functor AND 1, L_000001827f58ffb0, L_000001827f590230, C4<1>, C4<1>;
L_000001827f595d40 .functor OR 1, L_000001827f591810, L_000001827f595e20, C4<0>, C4<0>;
L_000001827f596130 .functor AND 1, L_000001827f590f50, L_000001827f591950, C4<1>, C4<1>;
L_000001827f595c60 .functor AND 1, L_000001827f596130, L_000001827f5913b0, C4<1>, C4<1>;
L_000001827f595e90 .functor OR 1, L_000001827f595d40, L_000001827f595c60, C4<0>, C4<0>;
L_000001827f595f70 .functor AND 1, L_000001827f591db0, L_000001827f591450, C4<1>, C4<1>;
L_000001827f595cd0 .functor AND 1, L_000001827f595f70, L_000001827f5918b0, C4<1>, C4<1>;
L_000001827f595aa0 .functor AND 1, L_000001827f595cd0, L_000001827f5914f0, C4<1>, C4<1>;
L_000001827f5961a0 .functor OR 1, L_000001827f595e90, L_000001827f595aa0, C4<0>, C4<0>;
L_000001827f595fe0 .functor AND 1, L_000001827f591630, L_000001827f591c70, C4<1>, C4<1>;
L_000001827f596050 .functor OR 1, L_000001827f591590, L_000001827f595fe0, C4<0>, C4<0>;
L_000001827f596440 .functor AND 1, L_000001827f5919f0, L_000001827f591a90, C4<1>, C4<1>;
L_000001827f596210 .functor AND 1, L_000001827f596440, L_000001827f591d10, C4<1>, C4<1>;
L_000001827f5956b0 .functor OR 1, L_000001827f596050, L_000001827f596210, C4<0>, C4<0>;
L_000001827f5963d0 .functor AND 1, L_000001827f5934d0, L_000001827f593430, C4<1>, C4<1>;
L_000001827f595800 .functor AND 1, L_000001827f5963d0, L_000001827f594d30, C4<1>, C4<1>;
L_000001827f595720 .functor AND 1, L_000001827f595800, L_000001827f594b50, C4<1>, C4<1>;
L_000001827f596280 .functor OR 1, L_000001827f5956b0, L_000001827f595720, C4<0>, C4<0>;
L_000001827f5958e0 .functor AND 1, L_000001827f592ad0, L_000001827f593cf0, C4<1>, C4<1>;
L_000001827f595b10 .functor AND 1, L_000001827f5958e0, L_000001827f594290, C4<1>, C4<1>;
L_000001827f595950 .functor AND 1, L_000001827f595b10, L_000001827f592f30, C4<1>, C4<1>;
L_000001827f5959c0 .functor AND 1, L_000001827f595950, L_000001827f592710, C4<1>, C4<1>;
L_000001827f595a30 .functor OR 1, L_000001827f596280, L_000001827f5959c0, C4<0>, C4<0>;
v000001827f1d78a0_0 .net *"_ivl_0", 0 0, L_000001827f5920d0;  1 drivers
v000001827f1d6400_0 .net *"_ivl_1", 0 0, L_000001827f591270;  1 drivers
v000001827f1d55a0_0 .net *"_ivl_10", 0 0, L_000001827f5960c0;  1 drivers
v000001827f1d6540_0 .net *"_ivl_12", 0 0, L_000001827f595870;  1 drivers
v000001827f1d7620_0 .net *"_ivl_14", 0 0, L_000001827f590e10;  1 drivers
v000001827f1d6900_0 .net *"_ivl_15", 0 0, L_000001827f58ff10;  1 drivers
v000001827f1d6720_0 .net *"_ivl_16", 0 0, L_000001827f595f00;  1 drivers
v000001827f1d6860_0 .net *"_ivl_18", 0 0, L_000001827f590910;  1 drivers
v000001827f1d7b20_0 .net *"_ivl_19", 0 0, L_000001827f5955d0;  1 drivers
v000001827f1d69a0_0 .net *"_ivl_2", 0 0, L_000001827f591310;  1 drivers
v000001827f1d7940_0 .net *"_ivl_21", 0 0, L_000001827f5964b0;  1 drivers
v000001827f1d6ae0_0 .net *"_ivl_23", 0 0, L_000001827f591810;  1 drivers
v000001827f1d7260_0 .net *"_ivl_24", 0 0, L_000001827f58ffb0;  1 drivers
v000001827f1d6ea0_0 .net *"_ivl_25", 0 0, L_000001827f590230;  1 drivers
v000001827f1d6f40_0 .net *"_ivl_26", 0 0, L_000001827f595e20;  1 drivers
v000001827f1d7300_0 .net *"_ivl_28", 0 0, L_000001827f595d40;  1 drivers
v000001827f1d73a0_0 .net *"_ivl_3", 0 0, L_000001827f595bf0;  1 drivers
v000001827f1d79e0_0 .net *"_ivl_30", 0 0, L_000001827f590f50;  1 drivers
v000001827f1d5640_0 .net *"_ivl_31", 0 0, L_000001827f591950;  1 drivers
v000001827f1d7440_0 .net *"_ivl_32", 0 0, L_000001827f596130;  1 drivers
v000001827f1d7a80_0 .net *"_ivl_34", 0 0, L_000001827f5913b0;  1 drivers
v000001827f1d7bc0_0 .net *"_ivl_35", 0 0, L_000001827f595c60;  1 drivers
v000001827f1b6830_0 .net *"_ivl_37", 0 0, L_000001827f595e90;  1 drivers
v000001827f1b3e50_0 .net *"_ivl_39", 0 0, L_000001827f591db0;  1 drivers
v000001827f1b45d0_0 .net *"_ivl_40", 0 0, L_000001827f591450;  1 drivers
v000001827f1b4710_0 .net *"_ivl_41", 0 0, L_000001827f595f70;  1 drivers
v000001827f1b4a30_0 .net *"_ivl_43", 0 0, L_000001827f5918b0;  1 drivers
v000001827f1687b0_0 .net *"_ivl_44", 0 0, L_000001827f595cd0;  1 drivers
v000001827f168b70_0 .net *"_ivl_46", 0 0, L_000001827f5914f0;  1 drivers
v000001827f167f90_0 .net *"_ivl_47", 0 0, L_000001827f595aa0;  1 drivers
v000001827f168df0_0 .net *"_ivl_49", 0 0, L_000001827f5961a0;  1 drivers
v000001827f19ba70_0 .net *"_ivl_5", 0 0, L_000001827f596360;  1 drivers
v000001827f19bb10_0 .net *"_ivl_51", 0 0, L_000001827f591590;  1 drivers
v000001827f19a850_0 .net *"_ivl_52", 0 0, L_000001827f591630;  1 drivers
v000001827f19a990_0 .net *"_ivl_53", 0 0, L_000001827f591c70;  1 drivers
v000001827f13f700_0 .net *"_ivl_54", 0 0, L_000001827f595fe0;  1 drivers
v000001827f13f840_0 .net *"_ivl_56", 0 0, L_000001827f596050;  1 drivers
v000001827f13ff20_0 .net *"_ivl_58", 0 0, L_000001827f5919f0;  1 drivers
v000001827f175df0_0 .net *"_ivl_59", 0 0, L_000001827f591a90;  1 drivers
v000001827f176430_0 .net *"_ivl_60", 0 0, L_000001827f596440;  1 drivers
v000001827f174e50_0 .net *"_ivl_62", 0 0, L_000001827f591d10;  1 drivers
v000001827f181600_0 .net *"_ivl_63", 0 0, L_000001827f596210;  1 drivers
v000001827f180de0_0 .net *"_ivl_65", 0 0, L_000001827f5956b0;  1 drivers
v000001827f1825a0_0 .net *"_ivl_67", 0 0, L_000001827f5934d0;  1 drivers
v000001827f1ac230_0 .net *"_ivl_68", 0 0, L_000001827f593430;  1 drivers
v000001827f1ac690_0 .net *"_ivl_69", 0 0, L_000001827f5963d0;  1 drivers
v000001827f1ab1f0_0 .net *"_ivl_7", 0 0, L_000001827f58fdd0;  1 drivers
v000001827f15c5f0_0 .net *"_ivl_71", 0 0, L_000001827f594d30;  1 drivers
v000001827f15b150_0 .net *"_ivl_72", 0 0, L_000001827f595800;  1 drivers
v000001827f193130_0 .net *"_ivl_74", 0 0, L_000001827f594b50;  1 drivers
v000001827f1913d0_0 .net *"_ivl_75", 0 0, L_000001827f595720;  1 drivers
v000001827f1398c0_0 .net *"_ivl_77", 0 0, L_000001827f596280;  1 drivers
v000001827f1eb490_0 .net *"_ivl_79", 0 0, L_000001827f592ad0;  1 drivers
v000001827f1eb210_0 .net *"_ivl_8", 0 0, L_000001827f58fe70;  1 drivers
v000001827f1ebdf0_0 .net *"_ivl_80", 0 0, L_000001827f593cf0;  1 drivers
v000001827f1ec890_0 .net *"_ivl_81", 0 0, L_000001827f5958e0;  1 drivers
v000001827f1ec7f0_0 .net *"_ivl_83", 0 0, L_000001827f594290;  1 drivers
v000001827f1ebb70_0 .net *"_ivl_84", 0 0, L_000001827f595b10;  1 drivers
v000001827f1ec930_0 .net *"_ivl_86", 0 0, L_000001827f592f30;  1 drivers
v000001827f1ece30_0 .net *"_ivl_87", 0 0, L_000001827f595950;  1 drivers
v000001827f1ebe90_0 .net *"_ivl_89", 0 0, L_000001827f592710;  1 drivers
v000001827f1eae50_0 .net *"_ivl_9", 0 0, L_000001827f590690;  1 drivers
v000001827f1ecd90_0 .net *"_ivl_90", 0 0, L_000001827f5959c0;  1 drivers
v000001827f1ec390_0 .net *"_ivl_92", 0 0, L_000001827f595a30;  1 drivers
S_000001827f5846e0 .scope generate, "cla_blocks[2]" "cla_blocks[2]" 3 15, 3 15 0, S_000001827f14dc40;
 .timescale 0 0;
P_000001827f1c7fb0 .param/l "i" 0 3 15, +C4<010>;
L_000001827f597f50 .functor AND 1, L_000001827f592fd0, L_000001827f592990, C4<1>, C4<1>;
L_000001827f5980a0 .functor OR 1, L_000001827f592a30, L_000001827f597f50, C4<0>, C4<0>;
L_000001827f5983b0 .functor AND 1, L_000001827f594330, L_000001827f593f70, C4<1>, C4<1>;
L_000001827f597690 .functor OR 1, L_000001827f592b70, L_000001827f5983b0, C4<0>, C4<0>;
L_000001827f597150 .functor AND 1, L_000001827f593e30, L_000001827f592670, C4<1>, C4<1>;
L_000001827f596ba0 .functor AND 1, L_000001827f597150, L_000001827f5927b0, C4<1>, C4<1>;
L_000001827f598110 .functor OR 1, L_000001827f597690, L_000001827f596ba0, C4<0>, C4<0>;
L_000001827f597fc0 .functor AND 1, L_000001827f593570, L_000001827f592850, C4<1>, C4<1>;
L_000001827f596a50 .functor OR 1, L_000001827f592e90, L_000001827f597fc0, C4<0>, C4<0>;
L_000001827f597e70 .functor AND 1, L_000001827f592c10, L_000001827f594650, C4<1>, C4<1>;
L_000001827f596cf0 .functor AND 1, L_000001827f597e70, L_000001827f5928f0, C4<1>, C4<1>;
L_000001827f597ee0 .functor OR 1, L_000001827f596a50, L_000001827f596cf0, C4<0>, C4<0>;
L_000001827f597cb0 .functor AND 1, L_000001827f5945b0, L_000001827f594830, C4<1>, C4<1>;
L_000001827f596820 .functor AND 1, L_000001827f597cb0, L_000001827f593610, C4<1>, C4<1>;
L_000001827f5979a0 .functor AND 1, L_000001827f596820, L_000001827f592cb0, C4<1>, C4<1>;
L_000001827f598030 .functor OR 1, L_000001827f597ee0, L_000001827f5979a0, C4<0>, C4<0>;
L_000001827f597930 .functor AND 1, L_000001827f5936b0, L_000001827f5943d0, C4<1>, C4<1>;
L_000001827f598180 .functor OR 1, L_000001827f592df0, L_000001827f597930, C4<0>, C4<0>;
L_000001827f5981f0 .functor AND 1, L_000001827f593750, L_000001827f5937f0, C4<1>, C4<1>;
L_000001827f5969e0 .functor AND 1, L_000001827f5981f0, L_000001827f5925d0, C4<1>, C4<1>;
L_000001827f598260 .functor OR 1, L_000001827f598180, L_000001827f5969e0, C4<0>, C4<0>;
L_000001827f5974d0 .functor AND 1, L_000001827f593890, L_000001827f5931b0, C4<1>, C4<1>;
L_000001827f5982d0 .functor AND 1, L_000001827f5974d0, L_000001827f593d90, C4<1>, C4<1>;
L_000001827f596b30 .functor AND 1, L_000001827f5982d0, L_000001827f594470, C4<1>, C4<1>;
L_000001827f596eb0 .functor OR 1, L_000001827f598260, L_000001827f596b30, C4<0>, C4<0>;
L_000001827f598340 .functor AND 1, L_000001827f594510, L_000001827f592d50, C4<1>, C4<1>;
L_000001827f596890 .functor AND 1, L_000001827f598340, L_000001827f594790, C4<1>, C4<1>;
L_000001827f597460 .functor AND 1, L_000001827f596890, L_000001827f593070, C4<1>, C4<1>;
L_000001827f597a10 .functor AND 1, L_000001827f597460, L_000001827f593110, C4<1>, C4<1>;
L_000001827f596f20 .functor OR 1, L_000001827f596eb0, L_000001827f597a10, C4<0>, C4<0>;
v000001827f1ecbb0_0 .net *"_ivl_0", 0 0, L_000001827f592a30;  1 drivers
v000001827f1eb990_0 .net *"_ivl_1", 0 0, L_000001827f592fd0;  1 drivers
v000001827f1eba30_0 .net *"_ivl_10", 0 0, L_000001827f5983b0;  1 drivers
v000001827f1eccf0_0 .net *"_ivl_12", 0 0, L_000001827f597690;  1 drivers
v000001827f1ec430_0 .net *"_ivl_14", 0 0, L_000001827f593e30;  1 drivers
v000001827f1eadb0_0 .net *"_ivl_15", 0 0, L_000001827f592670;  1 drivers
v000001827f1eced0_0 .net *"_ivl_16", 0 0, L_000001827f597150;  1 drivers
v000001827f1eaef0_0 .net *"_ivl_18", 0 0, L_000001827f5927b0;  1 drivers
v000001827f1ecc50_0 .net *"_ivl_19", 0 0, L_000001827f596ba0;  1 drivers
v000001827f1ec4d0_0 .net *"_ivl_2", 0 0, L_000001827f592990;  1 drivers
v000001827f1eb350_0 .net *"_ivl_21", 0 0, L_000001827f598110;  1 drivers
v000001827f1eaf90_0 .net *"_ivl_23", 0 0, L_000001827f592e90;  1 drivers
v000001827f1ec2f0_0 .net *"_ivl_24", 0 0, L_000001827f593570;  1 drivers
v000001827f1ec6b0_0 .net *"_ivl_25", 0 0, L_000001827f592850;  1 drivers
v000001827f1eb030_0 .net *"_ivl_26", 0 0, L_000001827f597fc0;  1 drivers
v000001827f1ecf70_0 .net *"_ivl_28", 0 0, L_000001827f596a50;  1 drivers
v000001827f1ebcb0_0 .net *"_ivl_3", 0 0, L_000001827f597f50;  1 drivers
v000001827f1eb2b0_0 .net *"_ivl_30", 0 0, L_000001827f592c10;  1 drivers
v000001827f1eb850_0 .net *"_ivl_31", 0 0, L_000001827f594650;  1 drivers
v000001827f1eb670_0 .net *"_ivl_32", 0 0, L_000001827f597e70;  1 drivers
v000001827f1eb3f0_0 .net *"_ivl_34", 0 0, L_000001827f5928f0;  1 drivers
v000001827f1ed010_0 .net *"_ivl_35", 0 0, L_000001827f596cf0;  1 drivers
v000001827f1eb530_0 .net *"_ivl_37", 0 0, L_000001827f597ee0;  1 drivers
v000001827f1eb5d0_0 .net *"_ivl_39", 0 0, L_000001827f5945b0;  1 drivers
v000001827f1ec9d0_0 .net *"_ivl_40", 0 0, L_000001827f594830;  1 drivers
v000001827f1ecb10_0 .net *"_ivl_41", 0 0, L_000001827f597cb0;  1 drivers
v000001827f1ed0b0_0 .net *"_ivl_43", 0 0, L_000001827f593610;  1 drivers
v000001827f1ed150_0 .net *"_ivl_44", 0 0, L_000001827f596820;  1 drivers
v000001827f1eb710_0 .net *"_ivl_46", 0 0, L_000001827f592cb0;  1 drivers
v000001827f1ed1f0_0 .net *"_ivl_47", 0 0, L_000001827f5979a0;  1 drivers
v000001827f1eab30_0 .net *"_ivl_49", 0 0, L_000001827f598030;  1 drivers
v000001827f1eb0d0_0 .net *"_ivl_5", 0 0, L_000001827f5980a0;  1 drivers
v000001827f1ec570_0 .net *"_ivl_51", 0 0, L_000001827f592df0;  1 drivers
v000001827f1eb170_0 .net *"_ivl_52", 0 0, L_000001827f5936b0;  1 drivers
v000001827f1ed290_0 .net *"_ivl_53", 0 0, L_000001827f5943d0;  1 drivers
v000001827f1eb7b0_0 .net *"_ivl_54", 0 0, L_000001827f597930;  1 drivers
v000001827f1eb8f0_0 .net *"_ivl_56", 0 0, L_000001827f598180;  1 drivers
v000001827f1ebad0_0 .net *"_ivl_58", 0 0, L_000001827f593750;  1 drivers
v000001827f1ebc10_0 .net *"_ivl_59", 0 0, L_000001827f5937f0;  1 drivers
v000001827f1ec610_0 .net *"_ivl_60", 0 0, L_000001827f5981f0;  1 drivers
v000001827f1ec750_0 .net *"_ivl_62", 0 0, L_000001827f5925d0;  1 drivers
v000001827f1ebd50_0 .net *"_ivl_63", 0 0, L_000001827f5969e0;  1 drivers
v000001827f1ebf30_0 .net *"_ivl_65", 0 0, L_000001827f598260;  1 drivers
v000001827f1ebfd0_0 .net *"_ivl_67", 0 0, L_000001827f593890;  1 drivers
v000001827f1ead10_0 .net *"_ivl_68", 0 0, L_000001827f5931b0;  1 drivers
v000001827f1ec070_0 .net *"_ivl_69", 0 0, L_000001827f5974d0;  1 drivers
v000001827f1ec110_0 .net *"_ivl_7", 0 0, L_000001827f592b70;  1 drivers
v000001827f1eabd0_0 .net *"_ivl_71", 0 0, L_000001827f593d90;  1 drivers
v000001827f1ec1b0_0 .net *"_ivl_72", 0 0, L_000001827f5982d0;  1 drivers
v000001827f1eac70_0 .net *"_ivl_74", 0 0, L_000001827f594470;  1 drivers
v000001827f1ec250_0 .net *"_ivl_75", 0 0, L_000001827f596b30;  1 drivers
v000001827f1eca70_0 .net *"_ivl_77", 0 0, L_000001827f596eb0;  1 drivers
v000001827f1ee370_0 .net *"_ivl_79", 0 0, L_000001827f594510;  1 drivers
v000001827f1ed6f0_0 .net *"_ivl_8", 0 0, L_000001827f594330;  1 drivers
v000001827f1ed3d0_0 .net *"_ivl_80", 0 0, L_000001827f592d50;  1 drivers
v000001827f1ee4b0_0 .net *"_ivl_81", 0 0, L_000001827f598340;  1 drivers
v000001827f1ee5f0_0 .net *"_ivl_83", 0 0, L_000001827f594790;  1 drivers
v000001827f1ed830_0 .net *"_ivl_84", 0 0, L_000001827f596890;  1 drivers
v000001827f1ed790_0 .net *"_ivl_86", 0 0, L_000001827f593070;  1 drivers
v000001827f1edf10_0 .net *"_ivl_87", 0 0, L_000001827f597460;  1 drivers
v000001827f1ee7d0_0 .net *"_ivl_89", 0 0, L_000001827f593110;  1 drivers
v000001827f1edfb0_0 .net *"_ivl_9", 0 0, L_000001827f593f70;  1 drivers
v000001827f1ee050_0 .net *"_ivl_90", 0 0, L_000001827f597a10;  1 drivers
v000001827f1ee0f0_0 .net *"_ivl_92", 0 0, L_000001827f596f20;  1 drivers
S_000001827f584a80 .scope generate, "cla_blocks[3]" "cla_blocks[3]" 3 15, 3 15 0, S_000001827f14dc40;
 .timescale 0 0;
P_000001827f1c79b0 .param/l "i" 0 3 15, +C4<011>;
L_000001827f596d60 .functor AND 1, L_000001827f594010, L_000001827f593250, C4<1>, C4<1>;
L_000001827f597070 .functor OR 1, L_000001827f5946f0, L_000001827f596d60, C4<0>, C4<0>;
L_000001827f597540 .functor AND 1, L_000001827f593390, L_000001827f593930, C4<1>, C4<1>;
L_000001827f597310 .functor OR 1, L_000001827f5932f0, L_000001827f597540, C4<0>, C4<0>;
L_000001827f596e40 .functor AND 1, L_000001827f593ed0, L_000001827f594c90, C4<1>, C4<1>;
L_000001827f597a80 .functor AND 1, L_000001827f596e40, L_000001827f5948d0, C4<1>, C4<1>;
L_000001827f5971c0 .functor OR 1, L_000001827f597310, L_000001827f597a80, C4<0>, C4<0>;
L_000001827f596900 .functor AND 1, L_000001827f593a70, L_000001827f5940b0, C4<1>, C4<1>;
L_000001827f597af0 .functor OR 1, L_000001827f5939d0, L_000001827f596900, C4<0>, C4<0>;
L_000001827f596ac0 .functor AND 1, L_000001827f593b10, L_000001827f594970, C4<1>, C4<1>;
L_000001827f596c10 .functor AND 1, L_000001827f596ac0, L_000001827f593bb0, C4<1>, C4<1>;
L_000001827f596970 .functor OR 1, L_000001827f597af0, L_000001827f596c10, C4<0>, C4<0>;
L_000001827f596dd0 .functor AND 1, L_000001827f594a10, L_000001827f593c50, C4<1>, C4<1>;
L_000001827f597770 .functor AND 1, L_000001827f596dd0, L_000001827f594ab0, C4<1>, C4<1>;
L_000001827f5970e0 .functor AND 1, L_000001827f597770, L_000001827f594150, C4<1>, C4<1>;
L_000001827f597000 .functor OR 1, L_000001827f596970, L_000001827f5970e0, C4<0>, C4<0>;
L_000001827f5975b0 .functor AND 1, L_000001827f594bf0, L_000001827f595410, C4<1>, C4<1>;
L_000001827f597700 .functor OR 1, L_000001827f5941f0, L_000001827f5975b0, C4<0>, C4<0>;
L_000001827f5977e0 .functor AND 1, L_000001827f595050, L_000001827f5954b0, C4<1>, C4<1>;
L_000001827f5973f0 .functor AND 1, L_000001827f5977e0, L_000001827f595190, C4<1>, C4<1>;
L_000001827f596f90 .functor OR 1, L_000001827f597700, L_000001827f5973f0, C4<0>, C4<0>;
L_000001827f596c80 .functor AND 1, L_000001827f594dd0, L_000001827f594e70, C4<1>, C4<1>;
L_000001827f597230 .functor AND 1, L_000001827f596c80, L_000001827f594fb0, C4<1>, C4<1>;
L_000001827f597850 .functor AND 1, L_000001827f597230, L_000001827f5950f0, C4<1>, C4<1>;
L_000001827f5972a0 .functor OR 1, L_000001827f596f90, L_000001827f597850, C4<0>, C4<0>;
L_000001827f597620 .functor AND 1, L_000001827f595230, L_000001827f594f10, C4<1>, C4<1>;
L_000001827f597380 .functor AND 1, L_000001827f597620, L_000001827f5952d0, C4<1>, C4<1>;
L_000001827f5978c0 .functor AND 1, L_000001827f597380, L_000001827f595370, C4<1>, C4<1>;
L_000001827f597b60 .functor AND 1, L_000001827f5978c0, L_000001827f58d990, C4<1>, C4<1>;
L_000001827f597bd0 .functor OR 1, L_000001827f5972a0, L_000001827f597b60, C4<0>, C4<0>;
v000001827f1ee9b0_0 .net *"_ivl_0", 0 0, L_000001827f5946f0;  1 drivers
v000001827f1edbf0_0 .net *"_ivl_1", 0 0, L_000001827f594010;  1 drivers
v000001827f1ed8d0_0 .net *"_ivl_10", 0 0, L_000001827f597540;  1 drivers
v000001827f1ee230_0 .net *"_ivl_12", 0 0, L_000001827f597310;  1 drivers
v000001827f1ee190_0 .net *"_ivl_14", 0 0, L_000001827f593ed0;  1 drivers
v000001827f1ed970_0 .net *"_ivl_15", 0 0, L_000001827f594c90;  1 drivers
v000001827f1ee2d0_0 .net *"_ivl_16", 0 0, L_000001827f596e40;  1 drivers
v000001827f1ed650_0 .net *"_ivl_18", 0 0, L_000001827f5948d0;  1 drivers
v000001827f1ee730_0 .net *"_ivl_19", 0 0, L_000001827f597a80;  1 drivers
v000001827f1ed470_0 .net *"_ivl_2", 0 0, L_000001827f593250;  1 drivers
v000001827f1ed510_0 .net *"_ivl_21", 0 0, L_000001827f5971c0;  1 drivers
v000001827f1eda10_0 .net *"_ivl_23", 0 0, L_000001827f5939d0;  1 drivers
v000001827f1ed5b0_0 .net *"_ivl_24", 0 0, L_000001827f593a70;  1 drivers
v000001827f1ee910_0 .net *"_ivl_25", 0 0, L_000001827f5940b0;  1 drivers
v000001827f1ee870_0 .net *"_ivl_26", 0 0, L_000001827f596900;  1 drivers
v000001827f1ede70_0 .net *"_ivl_28", 0 0, L_000001827f597af0;  1 drivers
v000001827f1edab0_0 .net *"_ivl_3", 0 0, L_000001827f596d60;  1 drivers
v000001827f1edb50_0 .net *"_ivl_30", 0 0, L_000001827f593b10;  1 drivers
v000001827f1ee690_0 .net *"_ivl_31", 0 0, L_000001827f594970;  1 drivers
v000001827f1ed330_0 .net *"_ivl_32", 0 0, L_000001827f596ac0;  1 drivers
v000001827f1edc90_0 .net *"_ivl_34", 0 0, L_000001827f593bb0;  1 drivers
v000001827f1edd30_0 .net *"_ivl_35", 0 0, L_000001827f596c10;  1 drivers
v000001827f1eddd0_0 .net *"_ivl_37", 0 0, L_000001827f596970;  1 drivers
v000001827f1ee410_0 .net *"_ivl_39", 0 0, L_000001827f594a10;  1 drivers
v000001827f1ee550_0 .net *"_ivl_40", 0 0, L_000001827f593c50;  1 drivers
v000001827f1eec80_0 .net *"_ivl_41", 0 0, L_000001827f596dd0;  1 drivers
v000001827f1efe00_0 .net *"_ivl_43", 0 0, L_000001827f594ab0;  1 drivers
v000001827f1efd60_0 .net *"_ivl_44", 0 0, L_000001827f597770;  1 drivers
v000001827f1ef400_0 .net *"_ivl_46", 0 0, L_000001827f594150;  1 drivers
v000001827f1f06c0_0 .net *"_ivl_47", 0 0, L_000001827f5970e0;  1 drivers
v000001827f1f0b20_0 .net *"_ivl_49", 0 0, L_000001827f597000;  1 drivers
v000001827f1f0800_0 .net *"_ivl_5", 0 0, L_000001827f597070;  1 drivers
v000001827f1efa40_0 .net *"_ivl_51", 0 0, L_000001827f5941f0;  1 drivers
v000001827f1f0da0_0 .net *"_ivl_52", 0 0, L_000001827f594bf0;  1 drivers
v000001827f1effe0_0 .net *"_ivl_53", 0 0, L_000001827f595410;  1 drivers
v000001827f1f09e0_0 .net *"_ivl_54", 0 0, L_000001827f5975b0;  1 drivers
v000001827f1efae0_0 .net *"_ivl_56", 0 0, L_000001827f597700;  1 drivers
v000001827f1efb80_0 .net *"_ivl_58", 0 0, L_000001827f595050;  1 drivers
v000001827f1f0d00_0 .net *"_ivl_59", 0 0, L_000001827f5954b0;  1 drivers
v000001827f1f1200_0 .net *"_ivl_60", 0 0, L_000001827f5977e0;  1 drivers
v000001827f1f0080_0 .net *"_ivl_62", 0 0, L_000001827f595190;  1 drivers
v000001827f1ef860_0 .net *"_ivl_63", 0 0, L_000001827f5973f0;  1 drivers
v000001827f1f0440_0 .net *"_ivl_65", 0 0, L_000001827f596f90;  1 drivers
v000001827f1ef0e0_0 .net *"_ivl_67", 0 0, L_000001827f594dd0;  1 drivers
v000001827f1f0e40_0 .net *"_ivl_68", 0 0, L_000001827f594e70;  1 drivers
v000001827f1ef540_0 .net *"_ivl_69", 0 0, L_000001827f596c80;  1 drivers
v000001827f1ef040_0 .net *"_ivl_7", 0 0, L_000001827f5932f0;  1 drivers
v000001827f1eef00_0 .net *"_ivl_71", 0 0, L_000001827f594fb0;  1 drivers
v000001827f1f12a0_0 .net *"_ivl_72", 0 0, L_000001827f597230;  1 drivers
v000001827f1f0ee0_0 .net *"_ivl_74", 0 0, L_000001827f5950f0;  1 drivers
v000001827f1f0f80_0 .net *"_ivl_75", 0 0, L_000001827f597850;  1 drivers
v000001827f1f0120_0 .net *"_ivl_77", 0 0, L_000001827f5972a0;  1 drivers
v000001827f1f03a0_0 .net *"_ivl_79", 0 0, L_000001827f595230;  1 drivers
v000001827f1eedc0_0 .net *"_ivl_8", 0 0, L_000001827f593390;  1 drivers
v000001827f1eee60_0 .net *"_ivl_80", 0 0, L_000001827f594f10;  1 drivers
v000001827f1ef2c0_0 .net *"_ivl_81", 0 0, L_000001827f597620;  1 drivers
v000001827f1ef180_0 .net *"_ivl_83", 0 0, L_000001827f5952d0;  1 drivers
v000001827f1f1160_0 .net *"_ivl_84", 0 0, L_000001827f597380;  1 drivers
v000001827f1f1020_0 .net *"_ivl_86", 0 0, L_000001827f595370;  1 drivers
v000001827f1eff40_0 .net *"_ivl_87", 0 0, L_000001827f5978c0;  1 drivers
v000001827f1ef4a0_0 .net *"_ivl_89", 0 0, L_000001827f58d990;  1 drivers
v000001827f1eefa0_0 .net *"_ivl_9", 0 0, L_000001827f593930;  1 drivers
v000001827f1f0bc0_0 .net *"_ivl_90", 0 0, L_000001827f597b60;  1 drivers
v000001827f1f10c0_0 .net *"_ivl_92", 0 0, L_000001827f597bd0;  1 drivers
S_000001827f584e20 .scope generate, "cla_blocks[4]" "cla_blocks[4]" 3 15, 3 15 0, S_000001827f14dc40;
 .timescale 0 0;
P_000001827f1c7af0 .param/l "i" 0 3 15, +C4<0100>;
L_000001827f597c40 .functor AND 1, L_000001827f58e430, L_000001827f58dad0, C4<1>, C4<1>;
L_000001827f597d20 .functor OR 1, L_000001827f58e570, L_000001827f597c40, C4<0>, C4<0>;
L_000001827f597d90 .functor AND 1, L_000001827f58ddf0, L_000001827f58e930, C4<1>, C4<1>;
L_000001827f597e00 .functor OR 1, L_000001827f58f010, L_000001827f597d90, C4<0>, C4<0>;
L_000001827f598490 .functor AND 1, L_000001827f58dd50, L_000001827f58e750, C4<1>, C4<1>;
L_000001827f598650 .functor AND 1, L_000001827f598490, L_000001827f58db70, C4<1>, C4<1>;
L_000001827f5985e0 .functor OR 1, L_000001827f597e00, L_000001827f598650, C4<0>, C4<0>;
L_000001827f598500 .functor AND 1, L_000001827f58f290, L_000001827f58e2f0, C4<1>, C4<1>;
L_000001827f598570 .functor OR 1, L_000001827f58fd30, L_000001827f598500, C4<0>, C4<0>;
L_000001827f5986c0 .functor AND 1, L_000001827f58f330, L_000001827f58ed90, C4<1>, C4<1>;
L_000001827f598730 .functor AND 1, L_000001827f5986c0, L_000001827f58e390, C4<1>, C4<1>;
L_000001827f598420 .functor OR 1, L_000001827f598570, L_000001827f598730, C4<0>, C4<0>;
L_000001827f59ef90 .functor AND 1, L_000001827f58df30, L_000001827f58f3d0, C4<1>, C4<1>;
L_000001827f59e7b0 .functor AND 1, L_000001827f59ef90, L_000001827f58e4d0, C4<1>, C4<1>;
L_000001827f59eb30 .functor AND 1, L_000001827f59e7b0, L_000001827f58dc10, C4<1>, C4<1>;
L_000001827f59def0 .functor OR 1, L_000001827f598420, L_000001827f59eb30, C4<0>, C4<0>;
L_000001827f59ec10 .functor AND 1, L_000001827f58f0b0, L_000001827f58de90, C4<1>, C4<1>;
L_000001827f59e0b0 .functor OR 1, L_000001827f58e890, L_000001827f59ec10, C4<0>, C4<0>;
L_000001827f59e3c0 .functor AND 1, L_000001827f58dcb0, L_000001827f58dfd0, C4<1>, C4<1>;
L_000001827f59e580 .functor AND 1, L_000001827f59e3c0, L_000001827f58d8f0, C4<1>, C4<1>;
L_000001827f59f000 .functor OR 1, L_000001827f59e0b0, L_000001827f59e580, C4<0>, C4<0>;
L_000001827f59e040 .functor AND 1, L_000001827f58f650, L_000001827f58e9d0, C4<1>, C4<1>;
L_000001827f59e820 .functor AND 1, L_000001827f59e040, L_000001827f58f470, C4<1>, C4<1>;
L_000001827f59f4d0 .functor AND 1, L_000001827f59e820, L_000001827f58e070, C4<1>, C4<1>;
L_000001827f59f690 .functor OR 1, L_000001827f59f000, L_000001827f59f4d0, C4<0>, C4<0>;
L_000001827f59e970 .functor AND 1, L_000001827f58e110, L_000001827f58e1b0, C4<1>, C4<1>;
L_000001827f59f700 .functor AND 1, L_000001827f59e970, L_000001827f58ea70, C4<1>, C4<1>;
L_000001827f59e6d0 .functor AND 1, L_000001827f59f700, L_000001827f58eb10, C4<1>, C4<1>;
L_000001827f59f2a0 .functor AND 1, L_000001827f59e6d0, L_000001827f58e250, C4<1>, C4<1>;
L_000001827f59f1c0 .functor OR 1, L_000001827f59f690, L_000001827f59f2a0, C4<0>, C4<0>;
v000001827f1ef360_0 .net *"_ivl_0", 0 0, L_000001827f58e570;  1 drivers
v000001827f1f04e0_0 .net *"_ivl_1", 0 0, L_000001827f58e430;  1 drivers
v000001827f1eed20_0 .net *"_ivl_10", 0 0, L_000001827f597d90;  1 drivers
v000001827f1f0580_0 .net *"_ivl_12", 0 0, L_000001827f597e00;  1 drivers
v000001827f1ef5e0_0 .net *"_ivl_14", 0 0, L_000001827f58dd50;  1 drivers
v000001827f1ef720_0 .net *"_ivl_15", 0 0, L_000001827f58e750;  1 drivers
v000001827f1ef220_0 .net *"_ivl_16", 0 0, L_000001827f598490;  1 drivers
v000001827f1eeb40_0 .net *"_ivl_18", 0 0, L_000001827f58db70;  1 drivers
v000001827f1ef680_0 .net *"_ivl_19", 0 0, L_000001827f598650;  1 drivers
v000001827f1ef7c0_0 .net *"_ivl_2", 0 0, L_000001827f58dad0;  1 drivers
v000001827f1eebe0_0 .net *"_ivl_21", 0 0, L_000001827f5985e0;  1 drivers
v000001827f1f0c60_0 .net *"_ivl_23", 0 0, L_000001827f58fd30;  1 drivers
v000001827f1f01c0_0 .net *"_ivl_24", 0 0, L_000001827f58f290;  1 drivers
v000001827f1ef900_0 .net *"_ivl_25", 0 0, L_000001827f58e2f0;  1 drivers
v000001827f1f0a80_0 .net *"_ivl_26", 0 0, L_000001827f598500;  1 drivers
v000001827f1f0260_0 .net *"_ivl_28", 0 0, L_000001827f598570;  1 drivers
v000001827f1ef9a0_0 .net *"_ivl_3", 0 0, L_000001827f597c40;  1 drivers
v000001827f1f0620_0 .net *"_ivl_30", 0 0, L_000001827f58f330;  1 drivers
v000001827f1efc20_0 .net *"_ivl_31", 0 0, L_000001827f58ed90;  1 drivers
v000001827f1f0300_0 .net *"_ivl_32", 0 0, L_000001827f5986c0;  1 drivers
v000001827f1efcc0_0 .net *"_ivl_34", 0 0, L_000001827f58e390;  1 drivers
v000001827f1efea0_0 .net *"_ivl_35", 0 0, L_000001827f598730;  1 drivers
v000001827f1f0760_0 .net *"_ivl_37", 0 0, L_000001827f598420;  1 drivers
v000001827f1f08a0_0 .net *"_ivl_39", 0 0, L_000001827f58df30;  1 drivers
v000001827f1f0940_0 .net *"_ivl_40", 0 0, L_000001827f58f3d0;  1 drivers
v000001827f1f24c0_0 .net *"_ivl_41", 0 0, L_000001827f59ef90;  1 drivers
v000001827f1f1b60_0 .net *"_ivl_43", 0 0, L_000001827f58e4d0;  1 drivers
v000001827f1f21a0_0 .net *"_ivl_44", 0 0, L_000001827f59e7b0;  1 drivers
v000001827f1f1c00_0 .net *"_ivl_46", 0 0, L_000001827f58dc10;  1 drivers
v000001827f1f1ac0_0 .net *"_ivl_47", 0 0, L_000001827f59eb30;  1 drivers
v000001827f1f2380_0 .net *"_ivl_49", 0 0, L_000001827f59def0;  1 drivers
v000001827f1f1ca0_0 .net *"_ivl_5", 0 0, L_000001827f597d20;  1 drivers
v000001827f1f2420_0 .net *"_ivl_51", 0 0, L_000001827f58e890;  1 drivers
v000001827f1f2600_0 .net *"_ivl_52", 0 0, L_000001827f58f0b0;  1 drivers
v000001827f1f27e0_0 .net *"_ivl_53", 0 0, L_000001827f58de90;  1 drivers
v000001827f1f1480_0 .net *"_ivl_54", 0 0, L_000001827f59ec10;  1 drivers
v000001827f1f2740_0 .net *"_ivl_56", 0 0, L_000001827f59e0b0;  1 drivers
v000001827f1f26a0_0 .net *"_ivl_58", 0 0, L_000001827f58dcb0;  1 drivers
v000001827f1f2240_0 .net *"_ivl_59", 0 0, L_000001827f58dfd0;  1 drivers
v000001827f1f2560_0 .net *"_ivl_60", 0 0, L_000001827f59e3c0;  1 drivers
v000001827f1f2100_0 .net *"_ivl_62", 0 0, L_000001827f58d8f0;  1 drivers
v000001827f1f2880_0 .net *"_ivl_63", 0 0, L_000001827f59e580;  1 drivers
v000001827f1f1d40_0 .net *"_ivl_65", 0 0, L_000001827f59f000;  1 drivers
v000001827f1f1fc0_0 .net *"_ivl_67", 0 0, L_000001827f58f650;  1 drivers
v000001827f1f1de0_0 .net *"_ivl_68", 0 0, L_000001827f58e9d0;  1 drivers
v000001827f1f2060_0 .net *"_ivl_69", 0 0, L_000001827f59e040;  1 drivers
v000001827f1f1e80_0 .net *"_ivl_7", 0 0, L_000001827f58f010;  1 drivers
v000001827f1f1840_0 .net *"_ivl_71", 0 0, L_000001827f58f470;  1 drivers
v000001827f1f22e0_0 .net *"_ivl_72", 0 0, L_000001827f59e820;  1 drivers
v000001827f1f2920_0 .net *"_ivl_74", 0 0, L_000001827f58e070;  1 drivers
v000001827f1f29c0_0 .net *"_ivl_75", 0 0, L_000001827f59f4d0;  1 drivers
v000001827f1f1f20_0 .net *"_ivl_77", 0 0, L_000001827f59f690;  1 drivers
v000001827f1f1340_0 .net *"_ivl_79", 0 0, L_000001827f58e110;  1 drivers
v000001827f1f13e0_0 .net *"_ivl_8", 0 0, L_000001827f58ddf0;  1 drivers
v000001827f1f1520_0 .net *"_ivl_80", 0 0, L_000001827f58e1b0;  1 drivers
v000001827f1f15c0_0 .net *"_ivl_81", 0 0, L_000001827f59e970;  1 drivers
v000001827f1f1660_0 .net *"_ivl_83", 0 0, L_000001827f58ea70;  1 drivers
v000001827f1f1700_0 .net *"_ivl_84", 0 0, L_000001827f59f700;  1 drivers
v000001827f1f17a0_0 .net *"_ivl_86", 0 0, L_000001827f58eb10;  1 drivers
v000001827f1f18e0_0 .net *"_ivl_87", 0 0, L_000001827f59e6d0;  1 drivers
v000001827f1f1980_0 .net *"_ivl_89", 0 0, L_000001827f58e250;  1 drivers
v000001827f1f1a20_0 .net *"_ivl_9", 0 0, L_000001827f58e930;  1 drivers
v000001827f1f5df0_0 .net *"_ivl_90", 0 0, L_000001827f59f2a0;  1 drivers
v000001827f1f4bd0_0 .net *"_ivl_92", 0 0, L_000001827f59f1c0;  1 drivers
S_000001827f1fbd20 .scope generate, "cla_blocks[5]" "cla_blocks[5]" 3 15, 3 15 0, S_000001827f14dc40;
 .timescale 0 0;
P_000001827f1c7670 .param/l "i" 0 3 15, +C4<0101>;
L_000001827f59dfd0 .functor AND 1, L_000001827f58f830, L_000001827f58fbf0, C4<1>, C4<1>;
L_000001827f59e120 .functor OR 1, L_000001827f58e610, L_000001827f59dfd0, C4<0>, C4<0>;
L_000001827f59e740 .functor AND 1, L_000001827f58e6b0, L_000001827f58e7f0, C4<1>, C4<1>;
L_000001827f59e890 .functor OR 1, L_000001827f58da30, L_000001827f59e740, C4<0>, C4<0>;
L_000001827f59e190 .functor AND 1, L_000001827f58d7b0, L_000001827f58f510, C4<1>, C4<1>;
L_000001827f59e430 .functor AND 1, L_000001827f59e190, L_000001827f58ebb0, C4<1>, C4<1>;
L_000001827f59f7e0 .functor OR 1, L_000001827f59e890, L_000001827f59e430, C4<0>, C4<0>;
L_000001827f59e5f0 .functor AND 1, L_000001827f58fc90, L_000001827f58ecf0, C4<1>, C4<1>;
L_000001827f59e660 .functor OR 1, L_000001827f58ec50, L_000001827f59e5f0, C4<0>, C4<0>;
L_000001827f59ec80 .functor AND 1, L_000001827f58ee30, L_000001827f58eed0, C4<1>, C4<1>;
L_000001827f59e900 .functor AND 1, L_000001827f59ec80, L_000001827f58ef70, C4<1>, C4<1>;
L_000001827f59e2e0 .functor OR 1, L_000001827f59e660, L_000001827f59e900, C4<0>, C4<0>;
L_000001827f59e270 .functor AND 1, L_000001827f58f150, L_000001827f58d850, C4<1>, C4<1>;
L_000001827f59f620 .functor AND 1, L_000001827f59e270, L_000001827f58fab0, C4<1>, C4<1>;
L_000001827f59eeb0 .functor AND 1, L_000001827f59f620, L_000001827f58f970, C4<1>, C4<1>;
L_000001827f59f0e0 .functor OR 1, L_000001827f59e2e0, L_000001827f59eeb0, C4<0>, C4<0>;
L_000001827f59de80 .functor AND 1, L_000001827f58f1f0, L_000001827f58f5b0, C4<1>, C4<1>;
L_000001827f59ecf0 .functor OR 1, L_000001827f58f6f0, L_000001827f59de80, C4<0>, C4<0>;
L_000001827f59f770 .functor AND 1, L_000001827f58f790, L_000001827f58f8d0, C4<1>, C4<1>;
L_000001827f59e9e0 .functor AND 1, L_000001827f59f770, L_000001827f58fa10, C4<1>, C4<1>;
L_000001827f59ea50 .functor OR 1, L_000001827f59ecf0, L_000001827f59e9e0, C4<0>, C4<0>;
L_000001827f59ed60 .functor AND 1, L_000001827f58fb50, L_000001827f58d5d0, C4<1>, C4<1>;
L_000001827f59e200 .functor AND 1, L_000001827f59ed60, L_000001827f58d670, C4<1>, C4<1>;
L_000001827f59f230 .functor AND 1, L_000001827f59e200, L_000001827f58d710, C4<1>, C4<1>;
L_000001827f59eac0 .functor OR 1, L_000001827f59ea50, L_000001827f59f230, C4<0>, C4<0>;
L_000001827f59df60 .functor AND 1, L_000001827f5a64d0, L_000001827f5a4b30, C4<1>, C4<1>;
L_000001827f59e350 .functor AND 1, L_000001827f59df60, L_000001827f5a4ef0, C4<1>, C4<1>;
L_000001827f59f070 .functor AND 1, L_000001827f59e350, L_000001827f5a5490, C4<1>, C4<1>;
L_000001827f59ee40 .functor AND 1, L_000001827f59f070, L_000001827f5a4bd0, C4<1>, C4<1>;
L_000001827f59f850 .functor OR 1, L_000001827f59eac0, L_000001827f59ee40, C4<0>, C4<0>;
v000001827f1f5710_0 .net *"_ivl_0", 0 0, L_000001827f58e610;  1 drivers
v000001827f1f44f0_0 .net *"_ivl_1", 0 0, L_000001827f58f830;  1 drivers
v000001827f1f5fd0_0 .net *"_ivl_10", 0 0, L_000001827f59e740;  1 drivers
v000001827f1f5490_0 .net *"_ivl_12", 0 0, L_000001827f59e890;  1 drivers
v000001827f1f5670_0 .net *"_ivl_14", 0 0, L_000001827f58d7b0;  1 drivers
v000001827f1f4310_0 .net *"_ivl_15", 0 0, L_000001827f58f510;  1 drivers
v000001827f1f5030_0 .net *"_ivl_16", 0 0, L_000001827f59e190;  1 drivers
v000001827f1f6250_0 .net *"_ivl_18", 0 0, L_000001827f58ebb0;  1 drivers
v000001827f1f4d10_0 .net *"_ivl_19", 0 0, L_000001827f59e430;  1 drivers
v000001827f1f6110_0 .net *"_ivl_2", 0 0, L_000001827f58fbf0;  1 drivers
v000001827f1f5170_0 .net *"_ivl_21", 0 0, L_000001827f59f7e0;  1 drivers
v000001827f1f4630_0 .net *"_ivl_23", 0 0, L_000001827f58ec50;  1 drivers
v000001827f1f4130_0 .net *"_ivl_24", 0 0, L_000001827f58fc90;  1 drivers
v000001827f1f5e90_0 .net *"_ivl_25", 0 0, L_000001827f58ecf0;  1 drivers
v000001827f1f3e10_0 .net *"_ivl_26", 0 0, L_000001827f59e5f0;  1 drivers
v000001827f1f3d70_0 .net *"_ivl_28", 0 0, L_000001827f59e660;  1 drivers
v000001827f1f4db0_0 .net *"_ivl_3", 0 0, L_000001827f59dfd0;  1 drivers
v000001827f1f62f0_0 .net *"_ivl_30", 0 0, L_000001827f58ee30;  1 drivers
v000001827f1f4f90_0 .net *"_ivl_31", 0 0, L_000001827f58eed0;  1 drivers
v000001827f1f57b0_0 .net *"_ivl_32", 0 0, L_000001827f59ec80;  1 drivers
v000001827f1f4590_0 .net *"_ivl_34", 0 0, L_000001827f58ef70;  1 drivers
v000001827f1f5210_0 .net *"_ivl_35", 0 0, L_000001827f59e900;  1 drivers
v000001827f1f5850_0 .net *"_ivl_37", 0 0, L_000001827f59e2e0;  1 drivers
v000001827f1f4e50_0 .net *"_ivl_39", 0 0, L_000001827f58f150;  1 drivers
v000001827f1f4950_0 .net *"_ivl_40", 0 0, L_000001827f58d850;  1 drivers
v000001827f1f4090_0 .net *"_ivl_41", 0 0, L_000001827f59e270;  1 drivers
v000001827f1f5f30_0 .net *"_ivl_43", 0 0, L_000001827f58fab0;  1 drivers
v000001827f1f4810_0 .net *"_ivl_44", 0 0, L_000001827f59f620;  1 drivers
v000001827f1f46d0_0 .net *"_ivl_46", 0 0, L_000001827f58f970;  1 drivers
v000001827f1f49f0_0 .net *"_ivl_47", 0 0, L_000001827f59eeb0;  1 drivers
v000001827f1f5b70_0 .net *"_ivl_49", 0 0, L_000001827f59f0e0;  1 drivers
v000001827f1f4770_0 .net *"_ivl_5", 0 0, L_000001827f59e120;  1 drivers
v000001827f1f58f0_0 .net *"_ivl_51", 0 0, L_000001827f58f6f0;  1 drivers
v000001827f1f5d50_0 .net *"_ivl_52", 0 0, L_000001827f58f1f0;  1 drivers
v000001827f1f5530_0 .net *"_ivl_53", 0 0, L_000001827f58f5b0;  1 drivers
v000001827f1f3ff0_0 .net *"_ivl_54", 0 0, L_000001827f59de80;  1 drivers
v000001827f1f64d0_0 .net *"_ivl_56", 0 0, L_000001827f59ecf0;  1 drivers
v000001827f1f4a90_0 .net *"_ivl_58", 0 0, L_000001827f58f790;  1 drivers
v000001827f1f48b0_0 .net *"_ivl_59", 0 0, L_000001827f58f8d0;  1 drivers
v000001827f1f4450_0 .net *"_ivl_60", 0 0, L_000001827f59f770;  1 drivers
v000001827f1f50d0_0 .net *"_ivl_62", 0 0, L_000001827f58fa10;  1 drivers
v000001827f1f5ad0_0 .net *"_ivl_63", 0 0, L_000001827f59e9e0;  1 drivers
v000001827f1f5a30_0 .net *"_ivl_65", 0 0, L_000001827f59ea50;  1 drivers
v000001827f1f4ef0_0 .net *"_ivl_67", 0 0, L_000001827f58fb50;  1 drivers
v000001827f1f5c10_0 .net *"_ivl_68", 0 0, L_000001827f58d5d0;  1 drivers
v000001827f1f6070_0 .net *"_ivl_69", 0 0, L_000001827f59ed60;  1 drivers
v000001827f1f52b0_0 .net *"_ivl_7", 0 0, L_000001827f58da30;  1 drivers
v000001827f1f41d0_0 .net *"_ivl_71", 0 0, L_000001827f58d670;  1 drivers
v000001827f1f61b0_0 .net *"_ivl_72", 0 0, L_000001827f59e200;  1 drivers
v000001827f1f55d0_0 .net *"_ivl_74", 0 0, L_000001827f58d710;  1 drivers
v000001827f1f6390_0 .net *"_ivl_75", 0 0, L_000001827f59f230;  1 drivers
v000001827f1f5cb0_0 .net *"_ivl_77", 0 0, L_000001827f59eac0;  1 drivers
v000001827f1f5350_0 .net *"_ivl_79", 0 0, L_000001827f5a64d0;  1 drivers
v000001827f1f5990_0 .net *"_ivl_8", 0 0, L_000001827f58e6b0;  1 drivers
v000001827f1f4270_0 .net *"_ivl_80", 0 0, L_000001827f5a4b30;  1 drivers
v000001827f1f4c70_0 .net *"_ivl_81", 0 0, L_000001827f59df60;  1 drivers
v000001827f1f6430_0 .net *"_ivl_83", 0 0, L_000001827f5a4ef0;  1 drivers
v000001827f1f4b30_0 .net *"_ivl_84", 0 0, L_000001827f59e350;  1 drivers
v000001827f1f3eb0_0 .net *"_ivl_86", 0 0, L_000001827f5a5490;  1 drivers
v000001827f1f53f0_0 .net *"_ivl_87", 0 0, L_000001827f59f070;  1 drivers
v000001827f1f3f50_0 .net *"_ivl_89", 0 0, L_000001827f5a4bd0;  1 drivers
v000001827f1f43b0_0 .net *"_ivl_9", 0 0, L_000001827f58e7f0;  1 drivers
v000001827f1f7830_0 .net *"_ivl_90", 0 0, L_000001827f59ee40;  1 drivers
v000001827f1f78d0_0 .net *"_ivl_92", 0 0, L_000001827f59f850;  1 drivers
S_000001827f1fc0c0 .scope generate, "cla_blocks[6]" "cla_blocks[6]" 3 15, 3 15 0, S_000001827f14dc40;
 .timescale 0 0;
P_000001827f1c7570 .param/l "i" 0 3 15, +C4<0110>;
L_000001827f59e4a0 .functor AND 1, L_000001827f5a6110, L_000001827f5a5170, C4<1>, C4<1>;
L_000001827f59f8c0 .functor OR 1, L_000001827f5a5fd0, L_000001827f59e4a0, C4<0>, C4<0>;
L_000001827f59eba0 .functor AND 1, L_000001827f5a6570, L_000001827f5a4310, C4<1>, C4<1>;
L_000001827f59edd0 .functor OR 1, L_000001827f5a5350, L_000001827f59eba0, C4<0>, C4<0>;
L_000001827f59ef20 .functor AND 1, L_000001827f5a4d10, L_000001827f5a48b0, C4<1>, C4<1>;
L_000001827f59f150 .functor AND 1, L_000001827f59ef20, L_000001827f5a4c70, C4<1>, C4<1>;
L_000001827f59e510 .functor OR 1, L_000001827f59edd0, L_000001827f59f150, C4<0>, C4<0>;
L_000001827f59fa10 .functor AND 1, L_000001827f5a4130, L_000001827f5a4450, C4<1>, C4<1>;
L_000001827f59f930 .functor OR 1, L_000001827f5a57b0, L_000001827f59fa10, C4<0>, C4<0>;
L_000001827f59f9a0 .functor AND 1, L_000001827f5a3ff0, L_000001827f5a52b0, C4<1>, C4<1>;
L_000001827f59f310 .functor AND 1, L_000001827f59f9a0, L_000001827f5a43b0, C4<1>, C4<1>;
L_000001827f59f460 .functor OR 1, L_000001827f59f930, L_000001827f59f310, C4<0>, C4<0>;
L_000001827f59f3f0 .functor AND 1, L_000001827f5a44f0, L_000001827f5a50d0, C4<1>, C4<1>;
L_000001827f59f380 .functor AND 1, L_000001827f59f3f0, L_000001827f5a4a90, C4<1>, C4<1>;
L_000001827f59f540 .functor AND 1, L_000001827f59f380, L_000001827f5a4f90, C4<1>, C4<1>;
L_000001827f59f5b0 .functor OR 1, L_000001827f59f460, L_000001827f59f540, C4<0>, C4<0>;
L_000001827f59fb60 .functor AND 1, L_000001827f5a6070, L_000001827f5a49f0, C4<1>, C4<1>;
L_000001827f59fbd0 .functor OR 1, L_000001827f5a4950, L_000001827f59fb60, C4<0>, C4<0>;
L_000001827f59fd20 .functor AND 1, L_000001827f5a5f30, L_000001827f5a5e90, C4<1>, C4<1>;
L_000001827f59fd90 .functor AND 1, L_000001827f59fd20, L_000001827f5a4090, C4<1>, C4<1>;
L_000001827f59fa80 .functor OR 1, L_000001827f59fbd0, L_000001827f59fd90, C4<0>, C4<0>;
L_000001827f59fc40 .functor AND 1, L_000001827f5a5030, L_000001827f5a6390, C4<1>, C4<1>;
L_000001827f59fcb0 .functor AND 1, L_000001827f59fc40, L_000001827f5a5c10, C4<1>, C4<1>;
L_000001827f59faf0 .functor AND 1, L_000001827f59fcb0, L_000001827f5a5850, C4<1>, C4<1>;
L_000001827f5aed90 .functor OR 1, L_000001827f59fa80, L_000001827f59faf0, C4<0>, C4<0>;
L_000001827f5addd0 .functor AND 1, L_000001827f5a58f0, L_000001827f5a4590, C4<1>, C4<1>;
L_000001827f5ad900 .functor AND 1, L_000001827f5addd0, L_000001827f5a4db0, C4<1>, C4<1>;
L_000001827f5ae850 .functor AND 1, L_000001827f5ad900, L_000001827f5a4630, C4<1>, C4<1>;
L_000001827f5ae4d0 .functor AND 1, L_000001827f5ae850, L_000001827f5a61b0, C4<1>, C4<1>;
L_000001827f5af260 .functor OR 1, L_000001827f5aed90, L_000001827f5ae4d0, C4<0>, C4<0>;
v000001827f1f80f0_0 .net *"_ivl_0", 0 0, L_000001827f5a5fd0;  1 drivers
v000001827f1f8690_0 .net *"_ivl_1", 0 0, L_000001827f5a6110;  1 drivers
v000001827f1f71f0_0 .net *"_ivl_10", 0 0, L_000001827f59eba0;  1 drivers
v000001827f1f85f0_0 .net *"_ivl_12", 0 0, L_000001827f59edd0;  1 drivers
v000001827f1f7970_0 .net *"_ivl_14", 0 0, L_000001827f5a4d10;  1 drivers
v000001827f1f6cf0_0 .net *"_ivl_15", 0 0, L_000001827f5a48b0;  1 drivers
v000001827f1f8730_0 .net *"_ivl_16", 0 0, L_000001827f59ef20;  1 drivers
v000001827f1f6ed0_0 .net *"_ivl_18", 0 0, L_000001827f5a4c70;  1 drivers
v000001827f1f6c50_0 .net *"_ivl_19", 0 0, L_000001827f59f150;  1 drivers
v000001827f1f7290_0 .net *"_ivl_2", 0 0, L_000001827f5a5170;  1 drivers
v000001827f1f6f70_0 .net *"_ivl_21", 0 0, L_000001827f59e510;  1 drivers
v000001827f1f6d90_0 .net *"_ivl_23", 0 0, L_000001827f5a57b0;  1 drivers
v000001827f1f7a10_0 .net *"_ivl_24", 0 0, L_000001827f5a4130;  1 drivers
v000001827f1f82d0_0 .net *"_ivl_25", 0 0, L_000001827f5a4450;  1 drivers
v000001827f1f8230_0 .net *"_ivl_26", 0 0, L_000001827f59fa10;  1 drivers
v000001827f1f75b0_0 .net *"_ivl_28", 0 0, L_000001827f59f930;  1 drivers
v000001827f1f8370_0 .net *"_ivl_3", 0 0, L_000001827f59e4a0;  1 drivers
v000001827f1f8870_0 .net *"_ivl_30", 0 0, L_000001827f5a3ff0;  1 drivers
v000001827f1f7ab0_0 .net *"_ivl_31", 0 0, L_000001827f5a52b0;  1 drivers
v000001827f1f6890_0 .net *"_ivl_32", 0 0, L_000001827f59f9a0;  1 drivers
v000001827f1f87d0_0 .net *"_ivl_34", 0 0, L_000001827f5a43b0;  1 drivers
v000001827f1f7dd0_0 .net *"_ivl_35", 0 0, L_000001827f59f310;  1 drivers
v000001827f1f7510_0 .net *"_ivl_37", 0 0, L_000001827f59f460;  1 drivers
v000001827f1f8410_0 .net *"_ivl_39", 0 0, L_000001827f5a44f0;  1 drivers
v000001827f1f8910_0 .net *"_ivl_40", 0 0, L_000001827f5a50d0;  1 drivers
v000001827f1f89b0_0 .net *"_ivl_41", 0 0, L_000001827f59f3f0;  1 drivers
v000001827f1f6930_0 .net *"_ivl_43", 0 0, L_000001827f5a4a90;  1 drivers
v000001827f1f8a50_0 .net *"_ivl_44", 0 0, L_000001827f59f380;  1 drivers
v000001827f1f8af0_0 .net *"_ivl_46", 0 0, L_000001827f5a4f90;  1 drivers
v000001827f1f7e70_0 .net *"_ivl_47", 0 0, L_000001827f59f540;  1 drivers
v000001827f1f84b0_0 .net *"_ivl_49", 0 0, L_000001827f59f5b0;  1 drivers
v000001827f1f7f10_0 .net *"_ivl_5", 0 0, L_000001827f59f8c0;  1 drivers
v000001827f1f8b90_0 .net *"_ivl_51", 0 0, L_000001827f5a4950;  1 drivers
v000001827f1f7650_0 .net *"_ivl_52", 0 0, L_000001827f5a6070;  1 drivers
v000001827f1f7b50_0 .net *"_ivl_53", 0 0, L_000001827f5a49f0;  1 drivers
v000001827f1f7790_0 .net *"_ivl_54", 0 0, L_000001827f59fb60;  1 drivers
v000001827f1f6e30_0 .net *"_ivl_56", 0 0, L_000001827f59fbd0;  1 drivers
v000001827f1f8190_0 .net *"_ivl_58", 0 0, L_000001827f5a5f30;  1 drivers
v000001827f1f8550_0 .net *"_ivl_59", 0 0, L_000001827f5a5e90;  1 drivers
v000001827f1f8c30_0 .net *"_ivl_60", 0 0, L_000001827f59fd20;  1 drivers
v000001827f1f7470_0 .net *"_ivl_62", 0 0, L_000001827f5a4090;  1 drivers
v000001827f1f8cd0_0 .net *"_ivl_63", 0 0, L_000001827f59fd90;  1 drivers
v000001827f1f7bf0_0 .net *"_ivl_65", 0 0, L_000001827f59fa80;  1 drivers
v000001827f1f6570_0 .net *"_ivl_67", 0 0, L_000001827f5a5030;  1 drivers
v000001827f1f76f0_0 .net *"_ivl_68", 0 0, L_000001827f5a6390;  1 drivers
v000001827f1f7c90_0 .net *"_ivl_69", 0 0, L_000001827f59fc40;  1 drivers
v000001827f1f6610_0 .net *"_ivl_7", 0 0, L_000001827f5a5350;  1 drivers
v000001827f1f66b0_0 .net *"_ivl_71", 0 0, L_000001827f5a5c10;  1 drivers
v000001827f1f7d30_0 .net *"_ivl_72", 0 0, L_000001827f59fcb0;  1 drivers
v000001827f1f69d0_0 .net *"_ivl_74", 0 0, L_000001827f5a5850;  1 drivers
v000001827f1f6750_0 .net *"_ivl_75", 0 0, L_000001827f59faf0;  1 drivers
v000001827f1f6a70_0 .net *"_ivl_77", 0 0, L_000001827f5aed90;  1 drivers
v000001827f1f67f0_0 .net *"_ivl_79", 0 0, L_000001827f5a58f0;  1 drivers
v000001827f1f7010_0 .net *"_ivl_8", 0 0, L_000001827f5a6570;  1 drivers
v000001827f1f6b10_0 .net *"_ivl_80", 0 0, L_000001827f5a4590;  1 drivers
v000001827f1f6bb0_0 .net *"_ivl_81", 0 0, L_000001827f5addd0;  1 drivers
v000001827f1f70b0_0 .net *"_ivl_83", 0 0, L_000001827f5a4db0;  1 drivers
v000001827f1f7150_0 .net *"_ivl_84", 0 0, L_000001827f5ad900;  1 drivers
v000001827f1f7330_0 .net *"_ivl_86", 0 0, L_000001827f5a4630;  1 drivers
v000001827f1f7fb0_0 .net *"_ivl_87", 0 0, L_000001827f5ae850;  1 drivers
v000001827f1f8050_0 .net *"_ivl_89", 0 0, L_000001827f5a61b0;  1 drivers
v000001827f1f73d0_0 .net *"_ivl_9", 0 0, L_000001827f5a4310;  1 drivers
v000001827f1f9090_0 .net *"_ivl_90", 0 0, L_000001827f5ae4d0;  1 drivers
v000001827f1f94f0_0 .net *"_ivl_92", 0 0, L_000001827f5af260;  1 drivers
S_000001827f58d1d0 .scope generate, "cla_blocks[7]" "cla_blocks[7]" 3 15, 3 15 0, S_000001827f14dc40;
 .timescale 0 0;
P_000001827f1c7a70 .param/l "i" 0 3 15, +C4<0111>;
L_000001827f5aed20 .functor AND 1, L_000001827f5a53f0, L_000001827f5a46d0, C4<1>, C4<1>;
L_000001827f5aefc0 .functor OR 1, L_000001827f5a6250, L_000001827f5aed20, C4<0>, C4<0>;
L_000001827f5ad890 .functor AND 1, L_000001827f5a5210, L_000001827f5a5530, C4<1>, C4<1>;
L_000001827f5ad970 .functor OR 1, L_000001827f5a4e50, L_000001827f5ad890, C4<0>, C4<0>;
L_000001827f5aeaf0 .functor AND 1, L_000001827f5a55d0, L_000001827f5a4810, C4<1>, C4<1>;
L_000001827f5ae0e0 .functor AND 1, L_000001827f5aeaf0, L_000001827f5a5a30, C4<1>, C4<1>;
L_000001827f5ae150 .functor OR 1, L_000001827f5ad970, L_000001827f5ae0e0, C4<0>, C4<0>;
L_000001827f5aee70 .functor AND 1, L_000001827f5a41d0, L_000001827f5a5710, C4<1>, C4<1>;
L_000001827f5aee00 .functor OR 1, L_000001827f5a5670, L_000001827f5aee70, C4<0>, C4<0>;
L_000001827f5ae700 .functor AND 1, L_000001827f5a5990, L_000001827f5a4770, C4<1>, C4<1>;
L_000001827f5aec40 .functor AND 1, L_000001827f5ae700, L_000001827f5a6430, C4<1>, C4<1>;
L_000001827f5add60 .functor OR 1, L_000001827f5aee00, L_000001827f5aec40, C4<0>, C4<0>;
L_000001827f5af030 .functor AND 1, L_000001827f5a5ad0, L_000001827f5a5b70, C4<1>, C4<1>;
L_000001827f5ae5b0 .functor AND 1, L_000001827f5af030, L_000001827f5a62f0, C4<1>, C4<1>;
L_000001827f5ae7e0 .functor AND 1, L_000001827f5ae5b0, L_000001827f5a5cb0, C4<1>, C4<1>;
L_000001827f5ae8c0 .functor OR 1, L_000001827f5add60, L_000001827f5ae7e0, C4<0>, C4<0>;
L_000001827f5ad9e0 .functor AND 1, L_000001827f5a5df0, L_000001827f5a6610, C4<1>, C4<1>;
L_000001827f5adc10 .functor OR 1, L_000001827f5a5d50, L_000001827f5ad9e0, C4<0>, C4<0>;
L_000001827f5aef50 .functor AND 1, L_000001827f5a3eb0, L_000001827f5a3f50, C4<1>, C4<1>;
L_000001827f5ada50 .functor AND 1, L_000001827f5aef50, L_000001827f5a4270, C4<1>, C4<1>;
L_000001827f5af0a0 .functor OR 1, L_000001827f5adc10, L_000001827f5ada50, C4<0>, C4<0>;
L_000001827f5ae770 .functor AND 1, L_000001827f5a7150, L_000001827f5a8a50, C4<1>, C4<1>;
L_000001827f5adac0 .functor AND 1, L_000001827f5ae770, L_000001827f5a80f0, C4<1>, C4<1>;
L_000001827f5ae1c0 .functor AND 1, L_000001827f5adac0, L_000001827f5a8050, C4<1>, C4<1>;
L_000001827f5af110 .functor OR 1, L_000001827f5af0a0, L_000001827f5ae1c0, C4<0>, C4<0>;
L_000001827f5ae2a0 .functor AND 1, L_000001827f5a7b50, L_000001827f5a7bf0, C4<1>, C4<1>;
L_000001827f5aeee0 .functor AND 1, L_000001827f5ae2a0, L_000001827f5a70b0, C4<1>, C4<1>;
L_000001827f5af180 .functor AND 1, L_000001827f5aeee0, L_000001827f5a8af0, C4<1>, C4<1>;
L_000001827f5ae070 .functor AND 1, L_000001827f5af180, L_000001827f5a6a70, C4<1>, C4<1>;
L_000001827f5adc80 .functor OR 1, L_000001827f5af110, L_000001827f5ae070, C4<0>, C4<0>;
v000001827f1fb110_0 .net *"_ivl_0", 0 0, L_000001827f5a6250;  1 drivers
v000001827f1fb430_0 .net *"_ivl_1", 0 0, L_000001827f5a53f0;  1 drivers
v000001827f1f9d10_0 .net *"_ivl_10", 0 0, L_000001827f5ad890;  1 drivers
v000001827f1fadf0_0 .net *"_ivl_12", 0 0, L_000001827f5ad970;  1 drivers
v000001827f1f8e10_0 .net *"_ivl_14", 0 0, L_000001827f5a55d0;  1 drivers
v000001827f1facb0_0 .net *"_ivl_15", 0 0, L_000001827f5a4810;  1 drivers
v000001827f1f9e50_0 .net *"_ivl_16", 0 0, L_000001827f5aeaf0;  1 drivers
v000001827f1f9270_0 .net *"_ivl_18", 0 0, L_000001827f5a5a30;  1 drivers
v000001827f1f9db0_0 .net *"_ivl_19", 0 0, L_000001827f5ae0e0;  1 drivers
v000001827f1f8eb0_0 .net *"_ivl_2", 0 0, L_000001827f5a46d0;  1 drivers
v000001827f1f9950_0 .net *"_ivl_21", 0 0, L_000001827f5ae150;  1 drivers
v000001827f1fa8f0_0 .net *"_ivl_23", 0 0, L_000001827f5a5670;  1 drivers
v000001827f1f9bd0_0 .net *"_ivl_24", 0 0, L_000001827f5a41d0;  1 drivers
v000001827f1faa30_0 .net *"_ivl_25", 0 0, L_000001827f5a5710;  1 drivers
v000001827f1fa2b0_0 .net *"_ivl_26", 0 0, L_000001827f5aee70;  1 drivers
v000001827f1fa990_0 .net *"_ivl_28", 0 0, L_000001827f5aee00;  1 drivers
v000001827f1f8ff0_0 .net *"_ivl_3", 0 0, L_000001827f5aed20;  1 drivers
v000001827f1f9c70_0 .net *"_ivl_30", 0 0, L_000001827f5a5990;  1 drivers
v000001827f1fb390_0 .net *"_ivl_31", 0 0, L_000001827f5a4770;  1 drivers
v000001827f1f9590_0 .net *"_ivl_32", 0 0, L_000001827f5ae700;  1 drivers
v000001827f1fb4d0_0 .net *"_ivl_34", 0 0, L_000001827f5a6430;  1 drivers
v000001827f1f96d0_0 .net *"_ivl_35", 0 0, L_000001827f5aec40;  1 drivers
v000001827f1f9ef0_0 .net *"_ivl_37", 0 0, L_000001827f5add60;  1 drivers
v000001827f1fb2f0_0 .net *"_ivl_39", 0 0, L_000001827f5a5ad0;  1 drivers
v000001827f1f9f90_0 .net *"_ivl_40", 0 0, L_000001827f5a5b70;  1 drivers
v000001827f1fa5d0_0 .net *"_ivl_41", 0 0, L_000001827f5af030;  1 drivers
v000001827f1f8f50_0 .net *"_ivl_43", 0 0, L_000001827f5a62f0;  1 drivers
v000001827f1fb070_0 .net *"_ivl_44", 0 0, L_000001827f5ae5b0;  1 drivers
v000001827f1faad0_0 .net *"_ivl_46", 0 0, L_000001827f5a5cb0;  1 drivers
v000001827f1fb250_0 .net *"_ivl_47", 0 0, L_000001827f5ae7e0;  1 drivers
v000001827f1f91d0_0 .net *"_ivl_49", 0 0, L_000001827f5ae8c0;  1 drivers
v000001827f1fafd0_0 .net *"_ivl_5", 0 0, L_000001827f5aefc0;  1 drivers
v000001827f1fa030_0 .net *"_ivl_51", 0 0, L_000001827f5a5d50;  1 drivers
v000001827f1fa670_0 .net *"_ivl_52", 0 0, L_000001827f5a5df0;  1 drivers
v000001827f1f9130_0 .net *"_ivl_53", 0 0, L_000001827f5a6610;  1 drivers
v000001827f1fb1b0_0 .net *"_ivl_54", 0 0, L_000001827f5ad9e0;  1 drivers
v000001827f1f8d70_0 .net *"_ivl_56", 0 0, L_000001827f5adc10;  1 drivers
v000001827f1f9310_0 .net *"_ivl_58", 0 0, L_000001827f5a3eb0;  1 drivers
v000001827f1f93b0_0 .net *"_ivl_59", 0 0, L_000001827f5a3f50;  1 drivers
v000001827f1fa0d0_0 .net *"_ivl_60", 0 0, L_000001827f5aef50;  1 drivers
v000001827f1fa170_0 .net *"_ivl_62", 0 0, L_000001827f5a4270;  1 drivers
v000001827f1f9450_0 .net *"_ivl_63", 0 0, L_000001827f5ada50;  1 drivers
v000001827f1fa210_0 .net *"_ivl_65", 0 0, L_000001827f5af0a0;  1 drivers
v000001827f1f9630_0 .net *"_ivl_67", 0 0, L_000001827f5a7150;  1 drivers
v000001827f1fa350_0 .net *"_ivl_68", 0 0, L_000001827f5a8a50;  1 drivers
v000001827f1fab70_0 .net *"_ivl_69", 0 0, L_000001827f5ae770;  1 drivers
v000001827f1f9b30_0 .net *"_ivl_7", 0 0, L_000001827f5a4e50;  1 drivers
v000001827f1f9770_0 .net *"_ivl_71", 0 0, L_000001827f5a80f0;  1 drivers
v000001827f1fa3f0_0 .net *"_ivl_72", 0 0, L_000001827f5adac0;  1 drivers
v000001827f1f9810_0 .net *"_ivl_74", 0 0, L_000001827f5a8050;  1 drivers
v000001827f1fa710_0 .net *"_ivl_75", 0 0, L_000001827f5ae1c0;  1 drivers
v000001827f1f98b0_0 .net *"_ivl_77", 0 0, L_000001827f5af110;  1 drivers
v000001827f1f99f0_0 .net *"_ivl_79", 0 0, L_000001827f5a7b50;  1 drivers
v000001827f1f9a90_0 .net *"_ivl_8", 0 0, L_000001827f5a5210;  1 drivers
v000001827f1fa490_0 .net *"_ivl_80", 0 0, L_000001827f5a7bf0;  1 drivers
v000001827f1fa530_0 .net *"_ivl_81", 0 0, L_000001827f5ae2a0;  1 drivers
v000001827f1fa7b0_0 .net *"_ivl_83", 0 0, L_000001827f5a70b0;  1 drivers
v000001827f1fa850_0 .net *"_ivl_84", 0 0, L_000001827f5aeee0;  1 drivers
v000001827f1fac10_0 .net *"_ivl_86", 0 0, L_000001827f5a8af0;  1 drivers
v000001827f1fad50_0 .net *"_ivl_87", 0 0, L_000001827f5af180;  1 drivers
v000001827f1fae90_0 .net *"_ivl_89", 0 0, L_000001827f5a6a70;  1 drivers
v000001827f1faf30_0 .net *"_ivl_9", 0 0, L_000001827f5a5530;  1 drivers
v000001827f1fb570_0 .net *"_ivl_90", 0 0, L_000001827f5ae070;  1 drivers
v000001827f1fb890_0 .net *"_ivl_92", 0 0, L_000001827f5adc80;  1 drivers
    .scope S_000001827f14dab0;
T_0 ;
    %vpi_call 2 9 "$dumpfile", "CLA.vcd" {0 0 0};
    %vpi_call 2 10 "$dumpvars", 32'sb00000000000000000000000000000000, S_000001827f14dab0 {0 0 0};
    %end;
    .thread T_0;
    .scope S_000001827f14dab0;
T_1 ;
    %pushi/vec4 0, 0, 32;
    %store/vec4 v000001827f591ef0_0, 0, 32;
    %pushi/vec4 0, 0, 32;
    %store/vec4 v000001827f590730_0, 0, 32;
    %pushi/vec4 0, 0, 1;
    %store/vec4 v000001827f5907d0_0, 0, 1;
    %delay 10000, 0;
    %pushi/vec4 30, 0, 32;
    %store/vec4 v000001827f591ef0_0, 0, 32;
    %pushi/vec4 42, 0, 32;
    %store/vec4 v000001827f590730_0, 0, 32;
    %delay 50000, 0;
    %end;
    .thread T_1;
# The file index is used to find the file name in the following table.
:file_names 4;
    "N/A";
    "<interactive>";
    "./verilog/Project10_mini_CPU/tb/CLA_tb.v";
    "./verilog/Project10_mini_CPU/src_mini_CPU/CLA.v";
