#! /c/Source/iverilog-install/bin/vvp
:ivl_version "12.0 (devel)" "(s20150603-1110-g18392a46)";
:ivl_delay_selection "TYPICAL";
:vpi_time_precision - 12;
:vpi_module "C:\iverilog\lib\ivl\system.vpi";
:vpi_module "C:\iverilog\lib\ivl\vhdl_sys.vpi";
:vpi_module "C:\iverilog\lib\ivl\vhdl_textio.vpi";
:vpi_module "C:\iverilog\lib\ivl\v2005_math.vpi";
:vpi_module "C:\iverilog\lib\ivl\va_math.vpi";
S_00000285a807c2d0 .scope module, "Pipeline_CPU_tb" "Pipeline_CPU_tb" 2 2;
 .timescale -9 -12;
P_00000285a80ee9a0 .param/l "W" 0 2 2, +C4<00000000000000000000000000100000>;
v00000285a84cc160_0 .var "clk", 0 0;
v00000285a84cc980_0 .net "current_inst", 31 0, L_00000285a84601b0;  1 drivers
v00000285a84cc340_0 .net "current_pc", 31 0, L_00000285a8460450;  1 drivers
v00000285a84cc700_0 .var "reset", 0 0;
v00000285a84cd880_0 .net "wb_data", 31 0, L_00000285a8460df0;  1 drivers
E_00000285a80ee6a0 .event negedge, v00000285a84c03c0_0;
S_00000285a807c460 .scope module, "uut" "Pipeline_CPU" 2 17, 3 2 0, S_00000285a807c2d0;
 .timescale 0 0;
    .port_info 0 /INPUT 1 "clk";
    .port_info 1 /INPUT 1 "reset";
    .port_info 2 /OUTPUT 32 "current_pc";
    .port_info 3 /OUTPUT 32 "current_inst";
    .port_info 4 /OUTPUT 32 "wb_data";
P_00000285a80eeba0 .param/l "W" 0 3 2, +C4<00000000000000000000000000100000>;
L_00000285a8460450 .functor BUFZ 32, v00000285a84c6980_0, C4<00000000000000000000000000000000>, C4<00000000000000000000000000000000>, C4<00000000000000000000000000000000>;
L_00000285a84601b0 .functor BUFZ 32, L_00000285a84cc8e0, C4<00000000000000000000000000000000>, C4<00000000000000000000000000000000>, C4<00000000000000000000000000000000>;
L_00000285a8460df0 .functor BUFZ 32, L_00000285a8528860, C4<00000000000000000000000000000000>, C4<00000000000000000000000000000000>, C4<00000000000000000000000000000000>;
v00000285a84ca510_0 .net "EX_A", 31 0, L_00000285a85269c0;  1 drivers
v00000285a84ca470_0 .net "EX_ALU_Control", 3 0, L_00000285a8529b20;  1 drivers
v00000285a84caa10_0 .net "EX_ALU_in_b", 31 0, L_00000285a8526100;  1 drivers
v00000285a84ca8d0_0 .net "EX_ALUsrc", 0 0, L_00000285a8529a80;  1 drivers
v00000285a84cafb0_0 .net "EX_B", 31 0, L_00000285a8526f60;  1 drivers
v00000285a84cbcd0_0 .net "EX_MemRead", 0 0, L_00000285a8529da0;  1 drivers
v00000285a84cb550_0 .net "EX_MemWrite", 0 0, L_00000285a8529ee0;  1 drivers
v00000285a84cb0f0_0 .net "EX_MemtoReg", 0 0, L_00000285a8529940;  1 drivers
v00000285a84ca5b0_0 .net "EX_PCsrc", 0 0, L_00000285a8460b50;  1 drivers
v00000285a84cbc30_0 .net "EX_Rd", 4 0, L_00000285a85284a0;  1 drivers
v00000285a84cb190_0 .net "EX_RegWrite", 0 0, L_00000285a85289a0;  1 drivers
v00000285a84cbd70_0 .net "EX_Result", 31 0, v00000285a8461180_0;  1 drivers
v00000285a84ca650_0 .net "EX_Target", 31 0, L_00000285a8526a60;  1 drivers
v00000285a84cbe10_0 .net "EX_ZF", 0 0, L_00000285a8527000;  1 drivers
v00000285a84cb2d0_0 .net "EX_imm", 31 0, L_00000285a8526e20;  1 drivers
v00000285a84ca0b0_0 .net "EX_is_BEQ", 0 0, L_00000285a8528a40;  1 drivers
v00000285a84cac90_0 .net "EX_is_BGE", 0 0, L_00000285a8527780;  1 drivers
v00000285a84cb4b0_0 .net "EX_is_BLT", 0 0, L_00000285a8528720;  1 drivers
v00000285a84caab0_0 .net "EX_is_BNE", 0 0, L_00000285a8528e00;  1 drivers
v00000285a84ca1f0_0 .net "EX_pc", 31 0, L_00000285a85298a0;  1 drivers
v00000285a84ca290_0 .net "EX_sign", 0 0, L_00000285a8527be0;  1 drivers
v00000285a84ca330_0 .net "ID_A", 31 0, L_00000285a8529d00;  1 drivers
v00000285a84cb870_0 .net "ID_ALUOp", 1 0, v00000285a84c8780_0;  1 drivers
v00000285a84cb370_0 .net "ID_ALU_Control", 3 0, v00000285a8116a90_0;  1 drivers
v00000285a84cab50_0 .net "ID_ALUsrc", 0 0, v00000285a84c9860_0;  1 drivers
v00000285a84ca6f0_0 .net "ID_B", 31 0, L_00000285a8529e40;  1 drivers
v00000285a84cb5f0_0 .net "ID_Branch", 0 0, v00000285a84c8500_0;  1 drivers
v00000285a84cabf0_0 .net "ID_EX_flush", 0 0, v00000285a84bfa60_0;  1 drivers
v00000285a84cb730_0 .net "ID_Early_Target", 31 0, L_00000285a8529620;  1 drivers
v00000285a84ca790_0 .net "ID_Funct3", 2 0, L_00000285a84603e0;  1 drivers
v00000285a84ca830_0 .net "ID_MemRead", 0 0, v00000285a84c9680_0;  1 drivers
v00000285a84cad30_0 .net "ID_MemWrite", 0 0, v00000285a84c9e00_0;  1 drivers
v00000285a84cb7d0_0 .net "ID_MemtoReg", 0 0, v00000285a84c9a40_0;  1 drivers
v00000285a84cb410_0 .net "ID_PCSrc", 0 0, L_00000285a8528ae0;  1 drivers
v00000285a84cb9b0_0 .net "ID_Rd", 4 0, L_00000285a8460530;  1 drivers
v00000285a84cba50_0 .net "ID_RegWrite", 0 0, v00000285a84c9720_0;  1 drivers
v00000285a84cd100_0 .net "ID_Rs1", 4 0, L_00000285a8460680;  1 drivers
v00000285a84cd7e0_0 .net "ID_Rs2", 4 0, L_00000285a8460290;  1 drivers
v00000285a84cc660_0 .net "ID_funct7_bit30", 0 0, L_00000285a85293a0;  1 drivers
v00000285a84cd060_0 .net "ID_imm", 31 0, v00000285a84c6340_0;  1 drivers
v00000285a84cd9c0_0 .net "ID_instruction", 31 0, L_00000285a84cc8e0;  1 drivers
v00000285a84cc200_0 .net "ID_is_BEQ", 0 0, v00000285a84c8e60_0;  1 drivers
v00000285a84cd420_0 .net "ID_is_BGE", 0 0, v00000285a84c8fa0_0;  1 drivers
v00000285a84ccfc0_0 .net "ID_is_BLT", 0 0, v00000285a84c9220_0;  1 drivers
v00000285a84ccac0_0 .net "ID_is_BNE", 0 0, v00000285a84cbaf0_0;  1 drivers
v00000285a84cde20_0 .net "ID_is_JAL", 0 0, v00000285a84cb230_0;  1 drivers
v00000285a84cd1a0_0 .net "ID_pc", 31 0, L_00000285a84cdd80;  1 drivers
v00000285a84cc840_0 .net "IF_ID_flush", 0 0, v00000285a84c05a0_0;  1 drivers
v00000285a84cdb00_0 .net "IF_final_next_pc", 31 0, v00000285a84c53a0_0;  1 drivers
v00000285a84ccc00_0 .net "IF_instruction", 31 0, L_00000285a8460300;  1 drivers
v00000285a84cd240_0 .net "IF_next_pc", 31 0, L_00000285a84cc480;  1 drivers
v00000285a84cc2a0_0 .net "IF_pc", 31 0, v00000285a84c6980_0;  1 drivers
v00000285a84ccf20_0 .net "MEM_B", 31 0, L_00000285a8527a00;  1 drivers
v00000285a84ccde0_0 .net "MEM_MemRead", 0 0, L_00000285a8528400;  1 drivers
v00000285a84cce80_0 .net "MEM_MemWrite", 0 0, L_00000285a8526560;  1 drivers
v00000285a84cdec0_0 .net "MEM_MemtoReg", 0 0, L_00000285a85287c0;  1 drivers
v00000285a84cdba0_0 .net "MEM_Rd", 4 0, L_00000285a8526240;  1 drivers
v00000285a84cd2e0_0 .net "MEM_RegWrite", 0 0, L_00000285a85285e0;  1 drivers
v00000285a84cd6a0_0 .net "MEM_Result", 31 0, L_00000285a8527c80;  1 drivers
v00000285a84cc3e0_0 .net "MEM_read_data", 31 0, L_00000285a85275a0;  1 drivers
v00000285a84cdf60_0 .net "WB_MemtoReg", 0 0, L_00000285a8526880;  1 drivers
v00000285a84cdc40_0 .net "WB_OUT", 31 0, L_00000285a8528860;  1 drivers
v00000285a84cd4c0_0 .net "WB_Rd", 4 0, L_00000285a8526920;  1 drivers
v00000285a84cd380_0 .net "WB_RegWrite", 0 0, L_00000285a8526ec0;  1 drivers
v00000285a84cd560_0 .net "WB_Result", 31 0, L_00000285a85261a0;  1 drivers
v00000285a84cc520_0 .net "WB_read_data", 31 0, L_00000285a8528360;  1 drivers
v00000285a84ccca0_0 .net "clk", 0 0, v00000285a84cc160_0;  1 drivers
v00000285a84cc0c0_0 .net "current_inst", 31 0, L_00000285a84601b0;  alias, 1 drivers
v00000285a84cd600_0 .net "current_pc", 31 0, L_00000285a8460450;  alias, 1 drivers
v00000285a84cd740_0 .net "reset", 0 0, v00000285a84cc700_0;  1 drivers
v00000285a84cc5c0_0 .net "wb_data", 31 0, L_00000285a8460df0;  alias, 1 drivers
L_00000285a84cc7a0 .concat [ 32 32 0 0], L_00000285a8460300, v00000285a84c6980_0;
L_00000285a84cdd80 .part v00000285a84c01e0_0, 32, 32;
L_00000285a84cc8e0 .part v00000285a84c01e0_0, 0, 32;
LS_00000285a8528ea0_0_0 .concat [ 5 32 32 32], L_00000285a8460530, v00000285a84c6340_0, L_00000285a8529e40, L_00000285a8529d00;
LS_00000285a8528ea0_0_4 .concat [ 1 1 1 1], v00000285a84c8fa0_0, v00000285a84c9220_0, v00000285a84cbaf0_0, v00000285a84c8e60_0;
LS_00000285a8528ea0_0_8 .concat [ 4 1 1 1], v00000285a8116a90_0, v00000285a84c9860_0, v00000285a84c9e00_0, v00000285a84c9680_0;
LS_00000285a8528ea0_0_12 .concat [ 1 1 32 0], v00000285a84c9a40_0, v00000285a84c9720_0, L_00000285a84cdd80;
L_00000285a8528ea0 .concat [ 101 4 7 34], LS_00000285a8528ea0_0_0, LS_00000285a8528ea0_0_4, LS_00000285a8528ea0_0_8, LS_00000285a8528ea0_0_12;
L_00000285a85298a0 .part v00000285a84c0e60_0, 114, 32;
L_00000285a85289a0 .part v00000285a84c0e60_0, 113, 1;
L_00000285a8529940 .part v00000285a84c0e60_0, 112, 1;
L_00000285a8529da0 .part v00000285a84c0e60_0, 111, 1;
L_00000285a8529ee0 .part v00000285a84c0e60_0, 110, 1;
L_00000285a8529a80 .part v00000285a84c0e60_0, 109, 1;
L_00000285a8529b20 .part v00000285a84c0e60_0, 105, 4;
L_00000285a8528a40 .part v00000285a84c0e60_0, 104, 1;
L_00000285a8528e00 .part v00000285a84c0e60_0, 103, 1;
L_00000285a8528720 .part v00000285a84c0e60_0, 102, 1;
L_00000285a8527780 .part v00000285a84c0e60_0, 101, 1;
L_00000285a85269c0 .part v00000285a84c0e60_0, 69, 32;
L_00000285a8526f60 .part v00000285a84c0e60_0, 37, 32;
L_00000285a8526e20 .part v00000285a84c0e60_0, 5, 32;
L_00000285a85284a0 .part v00000285a84c0e60_0, 0, 5;
LS_00000285a8526c40_0_0 .concat [ 5 32 32 1], L_00000285a85284a0, L_00000285a8526f60, v00000285a8461180_0, L_00000285a8529940;
LS_00000285a8526c40_0_4 .concat [ 1 1 1 0], L_00000285a8529da0, L_00000285a8529ee0, L_00000285a85289a0;
L_00000285a8526c40 .concat [ 70 3 0 0], LS_00000285a8526c40_0_0, LS_00000285a8526c40_0_4;
L_00000285a85285e0 .part v00000285a84bf420_0, 72, 1;
L_00000285a8526560 .part v00000285a84bf420_0, 71, 1;
L_00000285a8528400 .part v00000285a84bf420_0, 70, 1;
L_00000285a85287c0 .part v00000285a84bf420_0, 69, 1;
L_00000285a8527c80 .part v00000285a84bf420_0, 37, 32;
L_00000285a8527a00 .part v00000285a84bf420_0, 5, 32;
L_00000285a8526240 .part v00000285a84bf420_0, 0, 5;
LS_00000285a8527d20_0_0 .concat [ 5 32 32 1], L_00000285a8526240, L_00000285a8527c80, L_00000285a85275a0, L_00000285a85287c0;
LS_00000285a8527d20_0_4 .concat [ 1 0 0 0], L_00000285a85285e0;
L_00000285a8527d20 .concat [ 70 1 0 0], LS_00000285a8527d20_0_0, LS_00000285a8527d20_0_4;
L_00000285a8526ec0 .part v00000285a84c5080_0, 70, 1;
L_00000285a8526880 .part v00000285a84c5080_0, 69, 1;
L_00000285a8528360 .part v00000285a84c5080_0, 37, 32;
L_00000285a85261a0 .part v00000285a84c5080_0, 5, 32;
L_00000285a8526920 .part v00000285a84c5080_0, 0, 5;
S_00000285a807c5f0 .scope module, "u_ALU" "ALU" 3 214, 4 1 0, S_00000285a807c460;
 .timescale 0 0;
    .port_info 0 /INPUT 32 "A";
    .port_info 1 /INPUT 32 "B";
    .port_info 2 /INPUT 4 "ALU_Control";
    .port_info 3 /OUTPUT 32 "Result";
    .port_info 4 /OUTPUT 1 "ZF";
    .port_info 5 /OUTPUT 1 "sign";
P_00000285a80ee5e0 .param/l "W" 0 4 1, +C4<00000000000000000000000000100000>;
v00000285a8462080_0 .net "A", 31 0, L_00000285a85269c0;  alias, 1 drivers
v00000285a8462ee0_0 .net "ALU_Control", 3 0, L_00000285a8529b20;  alias, 1 drivers
v00000285a84617c0_0 .net "B", 31 0, L_00000285a8526100;  alias, 1 drivers
v00000285a8461900_0 .net "Result", 31 0, v00000285a8461180_0;  alias, 1 drivers
v00000285a84619a0_0 .net "ZF", 0 0, L_00000285a8527000;  alias, 1 drivers
v00000285a8461fe0_0 .net "calculate_result", 31 0, L_00000285a8527960;  1 drivers
v00000285a8462120_0 .net "logic_result", 31 0, v00000285a8461860_0;  1 drivers
v00000285a8461cc0_0 .net "shift_result", 31 0, v00000285a84615e0_0;  1 drivers
v00000285a8461e00_0 .net "sign", 0 0, L_00000285a8527be0;  alias, 1 drivers
S_00000285a8075d20 .scope module, "MUX" "ALU_MUX" 4 33, 5 1 0, S_00000285a807c5f0;
 .timescale 0 0;
    .port_info 0 /INPUT 32 "logic_result";
    .port_info 1 /INPUT 32 "calculate_result";
    .port_info 2 /INPUT 32 "shift_result";
    .port_info 3 /INPUT 4 "ALU_Control";
    .port_info 4 /OUTPUT 32 "ALU_result";
P_00000285a80ee820 .param/l "W" 0 5 1, +C4<00000000000000000000000000100000>;
v00000285a8461680_0 .net "ALU_Control", 3 0, L_00000285a8529b20;  alias, 1 drivers
v00000285a8461180_0 .var "ALU_result", 31 0;
v00000285a8462440_0 .net "calculate_result", 31 0, L_00000285a8527960;  alias, 1 drivers
v00000285a8461220_0 .net "logic_result", 31 0, v00000285a8461860_0;  alias, 1 drivers
v00000285a8461540_0 .net "shift_result", 31 0, v00000285a84615e0_0;  alias, 1 drivers
E_00000285a80eede0 .event anyedge, v00000285a8461680_0, v00000285a8461220_0, v00000285a8462440_0, v00000285a8461540_0;
S_00000285a8075eb0 .scope module, "u_Adder" "calculate_group" 4 17, 6 1 0, S_00000285a807c5f0;
 .timescale 0 0;
    .port_info 0 /INPUT 32 "A";
    .port_info 1 /INPUT 32 "B";
    .port_info 2 /INPUT 4 "ALU_Control";
    .port_info 3 /OUTPUT 32 "calculate_result";
    .port_info 4 /OUTPUT 1 "ZF";
    .port_info 5 /OUTPUT 1 "sign";
P_00000285a80eee60 .param/l "W" 0 6 1, +C4<00000000000000000000000000100000>;
v00000285a8462d00_0 .net "A", 31 0, L_00000285a85269c0;  alias, 1 drivers
v00000285a8462260_0 .net "ALU_Control", 3 0, L_00000285a8529b20;  alias, 1 drivers
v00000285a8462940_0 .net "B", 31 0, L_00000285a8526100;  alias, 1 drivers
v00000285a8461c20_0 .net "ZF", 0 0, L_00000285a8527000;  alias, 1 drivers
L_00000285a84ce6b8 .functor BUFT 1, C4<00000000000000000000000000000000>, C4<0>, C4<0>, C4<0>;
v00000285a8461400_0 .net/2u *"_ivl_2", 31 0, L_00000285a84ce6b8;  1 drivers
v00000285a8462b20_0 .net *"_ivl_4", 0 0, L_00000285a85264c0;  1 drivers
L_00000285a84ce700 .functor BUFT 1, C4<1>, C4<0>, C4<0>, C4<0>;
v00000285a8461f40_0 .net/2u *"_ivl_6", 0 0, L_00000285a84ce700;  1 drivers
L_00000285a84ce748 .functor BUFT 1, C4<0>, C4<0>, C4<0>, C4<0>;
v00000285a8462760_0 .net/2u *"_ivl_8", 0 0, L_00000285a84ce748;  1 drivers
v00000285a8462da0_0 .net "calculate_result", 31 0, L_00000285a8527960;  alias, 1 drivers
v00000285a8462800_0 .net "sign", 0 0, L_00000285a8527be0;  alias, 1 drivers
v00000285a84614a0_0 .var "tmp_result", 32 0;
E_00000285a80eefa0 .event anyedge, v00000285a8461680_0, v00000285a8462d00_0, v00000285a8462940_0;
L_00000285a8527960 .part v00000285a84614a0_0, 0, 32;
L_00000285a85264c0 .cmp/eq 32, L_00000285a8527960, L_00000285a84ce6b8;
L_00000285a8527000 .functor MUXZ 1, L_00000285a84ce748, L_00000285a84ce700, L_00000285a85264c0, C4<>;
L_00000285a8527be0 .part L_00000285a8527960, 31, 1;
S_00000285a8076040 .scope module, "u_Logic" "logical_group" 4 10, 7 1 0, S_00000285a807c5f0;
 .timescale 0 0;
    .port_info 0 /INPUT 32 "A";
    .port_info 1 /INPUT 32 "B";
    .port_info 2 /INPUT 4 "ALU_Control";
    .port_info 3 /OUTPUT 32 "logic_result";
P_00000285a80eeb20 .param/l "W" 0 7 1, +C4<00000000000000000000000000100000>;
v00000285a84623a0_0 .net "A", 31 0, L_00000285a85269c0;  alias, 1 drivers
v00000285a8462bc0_0 .net "ALU_Control", 3 0, L_00000285a8529b20;  alias, 1 drivers
v00000285a8462620_0 .net "B", 31 0, L_00000285a8526100;  alias, 1 drivers
v00000285a8461860_0 .var "logic_result", 31 0;
S_00000285a80707a0 .scope module, "u_Shift" "shift_group" 4 26, 8 1 0, S_00000285a807c5f0;
 .timescale 0 0;
    .port_info 0 /INPUT 32 "A";
    .port_info 1 /INPUT 32 "B";
    .port_info 2 /INPUT 4 "ALU_Control";
    .port_info 3 /OUTPUT 32 "shift_result";
P_00000285a80ef2e0 .param/l "W" 0 8 1, +C4<00000000000000000000000000100000>;
v00000285a8461d60_0 .net "A", 31 0, L_00000285a85269c0;  alias, 1 drivers
v00000285a84626c0_0 .net "ALU_Control", 3 0, L_00000285a8529b20;  alias, 1 drivers
v00000285a8462c60_0 .net "B", 31 0, L_00000285a8526100;  alias, 1 drivers
v00000285a8462e40_0 .net "shift_amt", 4 0, L_00000285a8527460;  1 drivers
v00000285a84615e0_0 .var "shift_result", 31 0;
E_00000285a80eeea0 .event anyedge, v00000285a8461680_0, v00000285a8462d00_0, v00000285a8462e40_0;
L_00000285a8527460 .part L_00000285a8526100, 0, 5;
S_00000285a8070930 .scope module, "u_ALU_Control" "ALU_Control" 3 150, 9 1 0, S_00000285a807c460;
 .timescale 0 0;
    .port_info 0 /INPUT 1 "funct7_bit30";
    .port_info 1 /INPUT 3 "Funct3";
    .port_info 2 /INPUT 2 "ALUOp";
    .port_info 3 /OUTPUT 4 "ALU_Control";
P_00000285a80ee720 .param/l "W" 0 9 1, +C4<00000000000000000000000000100000>;
v00000285a84621c0_0 .net "ALUOp", 1 0, v00000285a84c8780_0;  alias, 1 drivers
v00000285a8116a90_0 .var "ALU_Control", 3 0;
v00000285a81170d0_0 .net "Funct3", 2 0, L_00000285a84603e0;  alias, 1 drivers
v00000285a81166d0_0 .net "funct7_bit30", 0 0, L_00000285a85293a0;  alias, 1 drivers
E_00000285a80ef260 .event anyedge, v00000285a84621c0_0, v00000285a81170d0_0, v00000285a81166d0_0;
S_00000285a8070ac0 .scope module, "u_ALUsrc" "ALUsrc_MUX" 3 208, 10 1 0, S_00000285a807c460;
 .timescale 0 0;
    .port_info 0 /INPUT 1 "ALUsrc";
    .port_info 1 /INPUT 32 "Imm";
    .port_info 2 /INPUT 32 "B";
    .port_info 3 /OUTPUT 32 "ALU_in_b";
P_00000285a80eeb60 .param/l "W" 0 10 1, +C4<00000000000000000000000000100000>;
v00000285a8117170_0 .net "ALU_in_b", 31 0, L_00000285a8526100;  alias, 1 drivers
v00000285a81175d0_0 .net "ALUsrc", 0 0, L_00000285a8529a80;  alias, 1 drivers
v00000285a80fe920_0 .net "B", 31 0, L_00000285a8526f60;  alias, 1 drivers
v00000285a80ffe60_0 .net "Imm", 31 0, L_00000285a8526e20;  alias, 1 drivers
L_00000285a8526100 .functor MUXZ 32, L_00000285a8526f60, L_00000285a8526e20, L_00000285a8529a80, C4<>;
S_00000285a8088860 .scope module, "u_CPU_MUX" "CPU_MUX" 3 280, 11 1 0, S_00000285a807c460;
 .timescale 0 0;
    .port_info 0 /INPUT 32 "ALU_result";
    .port_info 1 /INPUT 32 "mem_read_data";
    .port_info 2 /INPUT 1 "MemtoReg";
    .port_info 3 /OUTPUT 32 "OUT";
P_00000285a80ee760 .param/l "W" 0 11 1, +C4<00000000000000000000000000100000>;
v00000285a80feb00_0 .net "ALU_result", 31 0, L_00000285a85261a0;  alias, 1 drivers
v00000285a80ff780_0 .net "MemtoReg", 0 0, L_00000285a8526880;  alias, 1 drivers
v00000285a80fffa0_0 .net "OUT", 31 0, L_00000285a8528860;  alias, 1 drivers
v00000285a80a3b80_0 .net "mem_read_data", 31 0, L_00000285a8528360;  alias, 1 drivers
L_00000285a8528860 .functor MUXZ 32, L_00000285a85261a0, L_00000285a8528360, L_00000285a8526880, C4<>;
S_00000285a80889f0 .scope module, "u_Data_Memory" "Data_Memory" 3 253, 12 1 0, S_00000285a807c460;
 .timescale 0 0;
    .port_info 0 /INPUT 1 "clk";
    .port_info 1 /INPUT 1 "reset";
    .port_info 2 /INPUT 1 "MemWrite";
    .port_info 3 /INPUT 1 "MemRead";
    .port_info 4 /INPUT 32 "addr";
    .port_info 5 /INPUT 32 "write_data";
    .port_info 6 /OUTPUT 32 "read_data";
P_00000285a80ee860 .param/l "W" 0 12 1, +C4<00000000000000000000000000100000>;
v00000285a84c0dc0_0 .net "MemRead", 0 0, L_00000285a8528400;  alias, 1 drivers
v00000285a84bfb00_0 .net "MemWrite", 0 0, L_00000285a8526560;  alias, 1 drivers
v00000285a84c0960_0 .net *"_ivl_2", 31 0, L_00000285a8527aa0;  1 drivers
v00000285a84bfec0_0 .net *"_ivl_4", 6 0, L_00000285a8527640;  1 drivers
L_00000285a84ce820 .functor BUFT 1, C4<00>, C4<0>, C4<0>, C4<0>;
v00000285a84bf7e0_0 .net *"_ivl_7", 1 0, L_00000285a84ce820;  1 drivers
L_00000285a84ce868 .functor BUFT 1, C4<00000000000000000000000000000000>, C4<0>, C4<0>, C4<0>;
v00000285a84bfd80_0 .net/2u *"_ivl_8", 31 0, L_00000285a84ce868;  1 drivers
v00000285a84c0f00_0 .net "addr", 31 0, L_00000285a8527c80;  alias, 1 drivers
v00000285a84c03c0_0 .net "clk", 0 0, v00000285a84cc160_0;  alias, 1 drivers
v00000285a84c0780_0 .var/i "i", 31 0;
v00000285a84c0320_0 .net "index", 4 0, L_00000285a8528680;  1 drivers
v00000285a84c08c0 .array "mem", 31 0, 31 0;
v00000285a84bfe20_0 .net "read_data", 31 0, L_00000285a85275a0;  alias, 1 drivers
v00000285a84bf560_0 .net "reset", 0 0, v00000285a84cc700_0;  alias, 1 drivers
v00000285a84c0140_0 .net "write_data", 31 0, L_00000285a8527a00;  alias, 1 drivers
E_00000285a80ef460 .event posedge, v00000285a84bf560_0, v00000285a84c03c0_0;
L_00000285a8528680 .part L_00000285a8527c80, 2, 5;
L_00000285a8527aa0 .array/port v00000285a84c08c0, L_00000285a8527640;
L_00000285a8527640 .concat [ 5 2 0 0], L_00000285a8528680, L_00000285a84ce820;
L_00000285a85275a0 .functor MUXZ 32, L_00000285a84ce868, L_00000285a8527aa0, L_00000285a8528400, C4<>;
S_00000285a8088b80 .scope module, "u_EX_MEM_reg" "Pipe_reg_1clk_control" 3 231, 13 1 0, S_00000285a807c460;
 .timescale 0 0;
    .port_info 0 /INPUT 1 "clk";
    .port_info 1 /INPUT 1 "reset";
    .port_info 2 /INPUT 1 "stall";
    .port_info 3 /INPUT 1 "flush";
    .port_info 4 /INPUT 73 "D";
    .port_info 5 /OUTPUT 73 "Q";
P_00000285a80eeae0 .param/l "W" 0 13 1, +C4<00000000000000000000000001001001>;
v00000285a84c0d20_0 .net "D", 72 0, L_00000285a8526c40;  1 drivers
v00000285a84bf420_0 .var "Q", 72 0;
v00000285a84c0500_0 .net "clk", 0 0, v00000285a84cc160_0;  alias, 1 drivers
L_00000285a84ce7d8 .functor BUFT 1, C4<0>, C4<0>, C4<0>, C4<0>;
v00000285a84bf2e0_0 .net "flush", 0 0, L_00000285a84ce7d8;  1 drivers
v00000285a84c00a0_0 .net "reset", 0 0, v00000285a84cc700_0;  alias, 1 drivers
L_00000285a84ce790 .functor BUFT 1, C4<0>, C4<0>, C4<0>, C4<0>;
v00000285a84bf880_0 .net "stall", 0 0, L_00000285a84ce790;  1 drivers
S_00000285a808d050 .scope module, "u_Early_Jump_Unit" "Early_Jump_Unit" 3 156, 14 1 0, S_00000285a807c460;
 .timescale 0 0;
    .port_info 0 /INPUT 32 "Imm";
    .port_info 1 /INPUT 32 "pc";
    .port_info 2 /INPUT 1 "is_JAL";
    .port_info 3 /OUTPUT 32 "Early_Target";
    .port_info 4 /OUTPUT 1 "PCSrc";
P_00000285a80ef360 .param/l "W" 0 14 1, +C4<00000000000000000000000000100000>;
v00000285a84bf920_0 .net "Early_Target", 31 0, L_00000285a8529620;  alias, 1 drivers
v00000285a84c0000_0 .net "Imm", 31 0, v00000285a84c6340_0;  alias, 1 drivers
v00000285a84bfce0_0 .net "PCSrc", 0 0, L_00000285a8528ae0;  alias, 1 drivers
L_00000285a84ce628 .functor BUFT 1, C4<0>, C4<0>, C4<0>, C4<0>;
v00000285a84bf060_0 .net/2u *"_ivl_10", 0 0, L_00000285a84ce628;  1 drivers
L_00000285a84ce598 .functor BUFT 1, C4<00000000000000000000000000000000>, C4<0>, C4<0>, C4<0>;
v00000285a84c0820_0 .net/2u *"_ivl_4", 31 0, L_00000285a84ce598;  1 drivers
v00000285a84c0460_0 .net *"_ivl_6", 0 0, L_00000285a8529760;  1 drivers
L_00000285a84ce5e0 .functor BUFT 1, C4<1>, C4<0>, C4<0>, C4<0>;
v00000285a84bf9c0_0 .net/2u *"_ivl_8", 0 0, L_00000285a84ce5e0;  1 drivers
v00000285a84c0a00_0 .net "is_JAL", 0 0, v00000285a84cb230_0;  alias, 1 drivers
v00000285a84bf100_0 .net "pc", 31 0, L_00000285a84cdd80;  alias, 1 drivers
v00000285a84c0aa0_0 .net "tmp_add", 31 0, L_00000285a8529800;  1 drivers
L_00000285a8529800 .arith/sum 32, v00000285a84c6340_0, L_00000285a84cdd80;
L_00000285a8529620 .functor MUXZ 32, L_00000285a84cdd80, L_00000285a8529800, v00000285a84cb230_0, C4<>;
L_00000285a8529760 .cmp/ne 32, L_00000285a8529620, L_00000285a84ce598;
L_00000285a8528ae0 .functor MUXZ 1, L_00000285a84ce628, L_00000285a84ce5e0, L_00000285a8529760, C4<>;
S_00000285a808d1e0 .scope module, "u_Hazard_Unit" "Hazard_Unit" 3 65, 15 1 0, S_00000285a807c460;
 .timescale 0 0;
    .port_info 0 /INPUT 1 "ID_PCSrc";
    .port_info 1 /INPUT 1 "EX_PCSrc";
    .port_info 2 /OUTPUT 1 "IF_ID_flush";
    .port_info 3 /OUTPUT 1 "ID_EX_flush";
v00000285a84bf380_0 .net "EX_PCSrc", 0 0, L_00000285a8460b50;  alias, 1 drivers
v00000285a84bfa60_0 .var "ID_EX_flush", 0 0;
v00000285a84bf4c0_0 .net "ID_PCSrc", 0 0, L_00000285a8528ae0;  alias, 1 drivers
v00000285a84c05a0_0 .var "IF_ID_flush", 0 0;
E_00000285a80f1420 .event anyedge, v00000285a84bf380_0, v00000285a84bfce0_0;
S_00000285a808d370 .scope module, "u_ID_EX_reg" "Pipe_reg_1clk_control" 3 165, 13 1 0, S_00000285a807c460;
 .timescale 0 0;
    .port_info 0 /INPUT 1 "clk";
    .port_info 1 /INPUT 1 "reset";
    .port_info 2 /INPUT 1 "stall";
    .port_info 3 /INPUT 1 "flush";
    .port_info 4 /INPUT 146 "D";
    .port_info 5 /OUTPUT 146 "Q";
P_00000285a80f09a0 .param/l "W" 0 13 1, +C4<00000000000000000000000010010010>;
v00000285a84bff60_0 .net "D", 145 0, L_00000285a8528ea0;  1 drivers
v00000285a84c0e60_0 .var "Q", 145 0;
v00000285a84c0640_0 .net "clk", 0 0, v00000285a84cc160_0;  alias, 1 drivers
v00000285a84c06e0_0 .net "flush", 0 0, v00000285a84bfa60_0;  alias, 1 drivers
v00000285a84bf1a0_0 .net "reset", 0 0, v00000285a84cc700_0;  alias, 1 drivers
L_00000285a84ce670 .functor BUFT 1, C4<0>, C4<0>, C4<0>, C4<0>;
v00000285a84bfc40_0 .net "stall", 0 0, L_00000285a84ce670;  1 drivers
S_00000285a80b3ca0 .scope module, "u_IF_ID_reg" "Pipe_reg_1clk_control" 3 96, 13 1 0, S_00000285a807c460;
 .timescale 0 0;
    .port_info 0 /INPUT 1 "clk";
    .port_info 1 /INPUT 1 "reset";
    .port_info 2 /INPUT 1 "stall";
    .port_info 3 /INPUT 1 "flush";
    .port_info 4 /INPUT 64 "D";
    .port_info 5 /OUTPUT 64 "Q";
P_00000285a80f14e0 .param/l "W" 0 13 1, +C4<00000000000000000000000001000000>;
v00000285a84bfba0_0 .net "D", 63 0, L_00000285a84cc7a0;  1 drivers
v00000285a84c01e0_0 .var "Q", 63 0;
v00000285a84c0280_0 .net "clk", 0 0, v00000285a84cc160_0;  alias, 1 drivers
v00000285a84bf240_0 .net "flush", 0 0, v00000285a84c05a0_0;  alias, 1 drivers
v00000285a84bf600_0 .net "reset", 0 0, v00000285a84cc700_0;  alias, 1 drivers
L_00000285a84ce118 .functor BUFT 1, C4<0>, C4<0>, C4<0>, C4<0>;
v00000285a84bf6a0_0 .net "stall", 0 0, L_00000285a84ce118;  1 drivers
S_00000285a80b3e30 .scope module, "u_IMEM" "Instruction_Memory" 3 91, 16 1 0, S_00000285a807c460;
 .timescale 0 0;
    .port_info 0 /INPUT 32 "pc";
    .port_info 1 /OUTPUT 32 "instruction";
P_00000285a80f24a0 .param/l "W" 0 16 1, +C4<00000000000000000000000000100000>;
L_00000285a8460300 .functor BUFZ 32, L_00000285a84cd920, C4<00000000000000000000000000000000>, C4<00000000000000000000000000000000>, C4<00000000000000000000000000000000>;
v00000285a84bf740_0 .net *"_ivl_0", 31 0, L_00000285a84cd920;  1 drivers
v00000285a84c0b40_0 .net *"_ivl_3", 4 0, L_00000285a84cda60;  1 drivers
v00000285a84c0be0_0 .net *"_ivl_4", 6 0, L_00000285a84cdce0;  1 drivers
L_00000285a84ce0d0 .functor BUFT 1, C4<00>, C4<0>, C4<0>, C4<0>;
v00000285a84c0c80_0 .net *"_ivl_7", 1 0, L_00000285a84ce0d0;  1 drivers
v00000285a84c58a0_0 .net "instruction", 31 0, L_00000285a8460300;  alias, 1 drivers
v00000285a84c6020 .array "mem", 31 0, 31 0;
v00000285a84c65c0_0 .net "pc", 31 0, v00000285a84c6980_0;  alias, 1 drivers
L_00000285a84cd920 .array/port v00000285a84c6020, L_00000285a84cdce0;
L_00000285a84cda60 .part v00000285a84c6980_0, 2, 5;
L_00000285a84cdce0 .concat [ 5 2 0 0], L_00000285a84cda60, L_00000285a84ce0d0;
S_00000285a84c7d10 .scope module, "u_ImmGen" "ImmGen" 3 146, 17 1 0, S_00000285a807c460;
 .timescale 0 0;
    .port_info 0 /INPUT 32 "inst";
    .port_info 1 /OUTPUT 32 "imm_out";
P_00000285a80f2320 .param/l "W" 0 17 1, +C4<00000000000000000000000000100000>;
v00000285a84c6840_0 .net "Opcode", 6 0, L_00000285a8529580;  1 drivers
v00000285a84c6340_0 .var "imm_out", 31 0;
v00000285a84c6d40_0 .net "inst", 31 0, L_00000285a84cc8e0;  alias, 1 drivers
E_00000285a80f2060 .event anyedge, v00000285a84c6840_0, v00000285a84c6d40_0;
L_00000285a8529580 .part L_00000285a84cc8e0, 0, 7;
S_00000285a84c76d0 .scope module, "u_MEM_WB_reg" "Pipe_reg_1clk_control" 3 263, 13 1 0, S_00000285a807c460;
 .timescale 0 0;
    .port_info 0 /INPUT 1 "clk";
    .port_info 1 /INPUT 1 "reset";
    .port_info 2 /INPUT 1 "stall";
    .port_info 3 /INPUT 1 "flush";
    .port_info 4 /INPUT 71 "D";
    .port_info 5 /OUTPUT 71 "Q";
P_00000285a80f20a0 .param/l "W" 0 13 1, +C4<00000000000000000000000001000111>;
v00000285a84c6e80_0 .net "D", 70 0, L_00000285a8527d20;  1 drivers
v00000285a84c5080_0 .var "Q", 70 0;
v00000285a84c5940_0 .net "clk", 0 0, v00000285a84cc160_0;  alias, 1 drivers
L_00000285a84ce8f8 .functor BUFT 1, C4<0>, C4<0>, C4<0>, C4<0>;
v00000285a84c6ca0_0 .net "flush", 0 0, L_00000285a84ce8f8;  1 drivers
v00000285a84c5b20_0 .net "reset", 0 0, v00000285a84cc700_0;  alias, 1 drivers
L_00000285a84ce8b0 .functor BUFT 1, C4<0>, C4<0>, C4<0>, C4<0>;
v00000285a84c6700_0 .net "stall", 0 0, L_00000285a84ce8b0;  1 drivers
S_00000285a84c7540 .scope module, "u_PCSrc" "PCSrc" 3 222, 18 1 0, S_00000285a807c460;
 .timescale 0 0;
    .port_info 0 /INPUT 1 "ZF";
    .port_info 1 /INPUT 1 "sign";
    .port_info 2 /INPUT 1 "is_BEQ";
    .port_info 3 /INPUT 1 "is_BNE";
    .port_info 4 /INPUT 1 "is_BLT";
    .port_info 5 /INPUT 1 "is_BGE";
    .port_info 6 /OUTPUT 1 "PCSrc";
L_00000285a8460a00 .functor AND 1, L_00000285a8527000, L_00000285a8528a40, C4<1>, C4<1>;
L_00000285a84605a0 .functor AND 1, L_00000285a8527b40, L_00000285a8528e00, C4<1>, C4<1>;
L_00000285a8460a70 .functor OR 1, L_00000285a8460a00, L_00000285a84605a0, C4<0>, C4<0>;
o00000285a8469238 .functor BUFZ 1, C4<z>; HiZ drive
L_00000285a84606f0 .functor AND 1, o00000285a8469238, L_00000285a8528720, C4<1>, C4<1>;
L_00000285a8460840 .functor OR 1, L_00000285a8460a70, L_00000285a84606f0, C4<0>, C4<0>;
L_00000285a8460ae0 .functor AND 1, L_00000285a8527e60, L_00000285a8527780, C4<1>, C4<1>;
L_00000285a8460b50 .functor OR 1, L_00000285a8460840, L_00000285a8460ae0, C4<0>, C4<0>;
v00000285a84c5ee0_0 .net "PCSrc", 0 0, L_00000285a8460b50;  alias, 1 drivers
v00000285a84c6200_0 .net "ZF", 0 0, L_00000285a8527000;  alias, 1 drivers
v00000285a84c54e0_0 .net *"_ivl_0", 0 0, L_00000285a8460a00;  1 drivers
v00000285a84c62a0_0 .net *"_ivl_11", 0 0, L_00000285a8460840;  1 drivers
v00000285a84c60c0_0 .net *"_ivl_13", 0 0, L_00000285a8527e60;  1 drivers
v00000285a84c5580_0 .net *"_ivl_14", 0 0, L_00000285a8460ae0;  1 drivers
v00000285a84c5120_0 .net *"_ivl_3", 0 0, L_00000285a8527b40;  1 drivers
v00000285a84c6f20_0 .net *"_ivl_4", 0 0, L_00000285a84605a0;  1 drivers
v00000285a84c51c0_0 .net *"_ivl_7", 0 0, L_00000285a8460a70;  1 drivers
v00000285a84c5d00_0 .net *"_ivl_8", 0 0, L_00000285a84606f0;  1 drivers
v00000285a84c6b60_0 .net "is_BEQ", 0 0, L_00000285a8528a40;  alias, 1 drivers
v00000285a84c5f80_0 .net "is_BGE", 0 0, L_00000285a8527780;  alias, 1 drivers
v00000285a84c6160_0 .net "is_BLT", 0 0, L_00000285a8528720;  alias, 1 drivers
v00000285a84c5260_0 .net "is_BNE", 0 0, L_00000285a8528e00;  alias, 1 drivers
v00000285a84c67a0_0 .net "sign", 0 0, o00000285a8469238;  0 drivers
L_00000285a8527b40 .reduce/nor L_00000285a8527000;
L_00000285a8527e60 .reduce/nor o00000285a8469238;
S_00000285a84c7b80 .scope module, "u_PC_Adder" "PC_Adder" 3 87, 19 1 0, S_00000285a807c460;
 .timescale 0 0;
    .port_info 0 /INPUT 32 "current_pc";
    .port_info 1 /OUTPUT 32 "next_pc";
P_00000285a80f1ba0 .param/l "W" 0 19 1, +C4<00000000000000000000000000100000>;
L_00000285a84ce088 .functor BUFT 1, C4<00000000000000000000000000000100>, C4<0>, C4<0>, C4<0>;
v00000285a84c6c00_0 .net/2u *"_ivl_0", 31 0, L_00000285a84ce088;  1 drivers
v00000285a84c6660_0 .net "current_pc", 31 0, v00000285a84c6980_0;  alias, 1 drivers
v00000285a84c59e0_0 .net "next_pc", 31 0, L_00000285a84cc480;  alias, 1 drivers
L_00000285a84cc480 .arith/sum 32, v00000285a84c6980_0, L_00000285a84ce088;
S_00000285a84c7860 .scope module, "u_PC_MUX" "PC_MUX" 3 73, 20 1 0, S_00000285a807c460;
 .timescale 0 0;
    .port_info 0 /INPUT 32 "Target";
    .port_info 1 /INPUT 32 "Early_Target";
    .port_info 2 /INPUT 32 "next_pc";
    .port_info 3 /INPUT 1 "ID_PCSrc";
    .port_info 4 /INPUT 1 "EX_PCSrc";
    .port_info 5 /OUTPUT 32 "final_next_pc";
P_00000285a80f1c20 .param/l "W" 0 20 1, +C4<00000000000000000000000000100000>;
v00000285a84c5300_0 .net "EX_PCSrc", 0 0, L_00000285a8460b50;  alias, 1 drivers
v00000285a84c5760_0 .net "Early_Target", 31 0, L_00000285a8529620;  alias, 1 drivers
v00000285a84c68e0_0 .net "ID_PCSrc", 0 0, L_00000285a8528ae0;  alias, 1 drivers
v00000285a84c5620_0 .net "Target", 31 0, L_00000285a8526a60;  alias, 1 drivers
v00000285a84c53a0_0 .var "final_next_pc", 31 0;
v00000285a84c63e0_0 .net "next_pc", 31 0, L_00000285a84cc480;  alias, 1 drivers
E_00000285a80f2a60/0 .event anyedge, v00000285a84c59e0_0, v00000285a84bfce0_0, v00000285a84bf920_0, v00000285a84bf380_0;
E_00000285a80f2a60/1 .event anyedge, v00000285a84c5620_0;
E_00000285a80f2a60 .event/or E_00000285a80f2a60/0, E_00000285a80f2a60/1;
S_00000285a84c7220 .scope module, "u_PC_Target" "PC_Target" 3 203, 21 1 0, S_00000285a807c460;
 .timescale 0 0;
    .port_info 0 /INPUT 32 "pc";
    .port_info 1 /INPUT 32 "imm";
    .port_info 2 /OUTPUT 32 "Target";
P_00000285a80f2120 .param/l "W" 0 21 1, +C4<00000000000000000000000000100000>;
v00000285a84c6520_0 .net "Target", 31 0, L_00000285a8526a60;  alias, 1 drivers
v00000285a84c5440_0 .net "imm", 31 0, L_00000285a8526e20;  alias, 1 drivers
v00000285a84c56c0_0 .net "pc", 31 0, L_00000285a85298a0;  alias, 1 drivers
L_00000285a8526a60 .arith/sum 32, L_00000285a85298a0, L_00000285a8526e20;
S_00000285a84c7ea0 .scope module, "u_PC_reg" "PC_reg" 3 81, 22 1 0, S_00000285a807c460;
 .timescale 0 0;
    .port_info 0 /INPUT 1 "clk";
    .port_info 1 /INPUT 1 "reset";
    .port_info 2 /INPUT 32 "next_pc";
    .port_info 3 /OUTPUT 32 "pc";
P_00000285a80f2620 .param/l "W" 0 22 1, +C4<00000000000000000000000000100000>;
v00000285a84c5800_0 .net "clk", 0 0, v00000285a84cc160_0;  alias, 1 drivers
v00000285a84c6480_0 .net "next_pc", 31 0, v00000285a84c53a0_0;  alias, 1 drivers
v00000285a84c6980_0 .var "pc", 31 0;
v00000285a84c5da0_0 .net "reset", 0 0, v00000285a84cc700_0;  alias, 1 drivers
S_00000285a84c79f0 .scope module, "u_Regfile" "Register_file" 3 129, 23 1 0, S_00000285a807c460;
 .timescale 0 0;
    .port_info 0 /INPUT 32 "we_data";
    .port_info 1 /INPUT 5 "we_addr";
    .port_info 2 /INPUT 5 "Rs1_addr";
    .port_info 3 /INPUT 5 "Rs2_addr";
    .port_info 4 /INPUT 5 "Rt_addr";
    .port_info 5 /INPUT 1 "clk";
    .port_info 6 /INPUT 1 "reset";
    .port_info 7 /INPUT 1 "we";
    .port_info 8 /OUTPUT 32 "Rs1_data";
    .port_info 9 /OUTPUT 32 "Rs2_data";
    .port_info 10 /OUTPUT 32 "Rt_data";
P_00000285a80f2920 .param/l "W" 0 23 1, +C4<00000000000000000000000000100000>;
v00000285a84c5a80_0 .net "Rs1_addr", 4 0, L_00000285a8460680;  alias, 1 drivers
v00000285a84c5bc0_0 .net "Rs1_data", 31 0, L_00000285a8529d00;  alias, 1 drivers
v00000285a84c6a20_0 .net "Rs2_addr", 4 0, L_00000285a8460290;  alias, 1 drivers
v00000285a84c6ac0_0 .net "Rs2_data", 31 0, L_00000285a8529e40;  alias, 1 drivers
v00000285a84c5c60_0 .net "Rt_addr", 4 0, L_00000285a8460530;  alias, 1 drivers
v00000285a84c5e40_0 .net "Rt_data", 31 0, L_00000285a85291c0;  1 drivers
L_00000285a84ce310 .functor BUFT 1, C4<00000>, C4<0>, C4<0>, C4<0>;
v00000285a84c6de0_0 .net/2u *"_ivl_0", 4 0, L_00000285a84ce310;  1 drivers
L_00000285a84ce3a0 .functor BUFT 1, C4<00>, C4<0>, C4<0>, C4<0>;
v00000285a84c8c80_0 .net *"_ivl_11", 1 0, L_00000285a84ce3a0;  1 drivers
L_00000285a84ce3e8 .functor BUFT 1, C4<00000>, C4<0>, C4<0>, C4<0>;
v00000285a84c8280_0 .net/2u *"_ivl_14", 4 0, L_00000285a84ce3e8;  1 drivers
v00000285a84c9360_0 .net *"_ivl_16", 0 0, L_00000285a8529120;  1 drivers
L_00000285a84ce430 .functor BUFT 1, C4<00000000000000000000000000000000>, C4<0>, C4<0>, C4<0>;
v00000285a84c8aa0_0 .net/2u *"_ivl_18", 31 0, L_00000285a84ce430;  1 drivers
v00000285a84c8dc0_0 .net *"_ivl_2", 0 0, L_00000285a85296c0;  1 drivers
v00000285a84c9400_0 .net *"_ivl_20", 31 0, L_00000285a8528d60;  1 drivers
v00000285a84c9180_0 .net *"_ivl_22", 6 0, L_00000285a85294e0;  1 drivers
L_00000285a84ce478 .functor BUFT 1, C4<00>, C4<0>, C4<0>, C4<0>;
v00000285a84c8140_0 .net *"_ivl_25", 1 0, L_00000285a84ce478;  1 drivers
L_00000285a84ce4c0 .functor BUFT 1, C4<00000>, C4<0>, C4<0>, C4<0>;
v00000285a84c86e0_0 .net/2u *"_ivl_28", 4 0, L_00000285a84ce4c0;  1 drivers
v00000285a84c97c0_0 .net *"_ivl_30", 0 0, L_00000285a8529c60;  1 drivers
L_00000285a84ce508 .functor BUFT 1, C4<00000000000000000000000000000000>, C4<0>, C4<0>, C4<0>;
v00000285a84c8460_0 .net/2u *"_ivl_32", 31 0, L_00000285a84ce508;  1 drivers
v00000285a84c81e0_0 .net *"_ivl_34", 31 0, L_00000285a8529f80;  1 drivers
v00000285a84c9d60_0 .net *"_ivl_36", 6 0, L_00000285a8528900;  1 drivers
L_00000285a84ce550 .functor BUFT 1, C4<00>, C4<0>, C4<0>, C4<0>;
v00000285a84c92c0_0 .net *"_ivl_39", 1 0, L_00000285a84ce550;  1 drivers
L_00000285a84ce358 .functor BUFT 1, C4<00000000000000000000000000000000>, C4<0>, C4<0>, C4<0>;
v00000285a84c8a00_0 .net/2u *"_ivl_4", 31 0, L_00000285a84ce358;  1 drivers
v00000285a84c8320_0 .net *"_ivl_6", 31 0, L_00000285a8529bc0;  1 drivers
v00000285a84c8f00_0 .net *"_ivl_8", 6 0, L_00000285a8528cc0;  1 drivers
v00000285a84c8b40_0 .net "clk", 0 0, v00000285a84cc160_0;  alias, 1 drivers
v00000285a84c88c0_0 .var/i "i", 31 0;
v00000285a84c9ae0 .array "mem", 31 0, 31 0;
v00000285a84c9540_0 .net "reset", 0 0, v00000285a84cc700_0;  alias, 1 drivers
v00000285a84c9cc0_0 .net "we", 0 0, L_00000285a8526ec0;  alias, 1 drivers
v00000285a84c95e0_0 .net "we_addr", 4 0, L_00000285a8526920;  alias, 1 drivers
v00000285a84c83c0_0 .net "we_data", 31 0, L_00000285a8528860;  alias, 1 drivers
L_00000285a85296c0 .cmp/eq 5, L_00000285a8460680, L_00000285a84ce310;
L_00000285a8529bc0 .array/port v00000285a84c9ae0, L_00000285a8528cc0;
L_00000285a8528cc0 .concat [ 5 2 0 0], L_00000285a8460680, L_00000285a84ce3a0;
L_00000285a8529d00 .functor MUXZ 32, L_00000285a8529bc0, L_00000285a84ce358, L_00000285a85296c0, C4<>;
L_00000285a8529120 .cmp/eq 5, L_00000285a8460290, L_00000285a84ce3e8;
L_00000285a8528d60 .array/port v00000285a84c9ae0, L_00000285a85294e0;
L_00000285a85294e0 .concat [ 5 2 0 0], L_00000285a8460290, L_00000285a84ce478;
L_00000285a8529e40 .functor MUXZ 32, L_00000285a8528d60, L_00000285a84ce430, L_00000285a8529120, C4<>;
L_00000285a8529c60 .cmp/eq 5, L_00000285a8460530, L_00000285a84ce4c0;
L_00000285a8529f80 .array/port v00000285a84c9ae0, L_00000285a8528900;
L_00000285a8528900 .concat [ 5 2 0 0], L_00000285a8460530, L_00000285a84ce550;
L_00000285a85291c0 .functor MUXZ 32, L_00000285a8529f80, L_00000285a84ce508, L_00000285a8529c60, C4<>;
S_00000285a84c7090 .scope module, "u_decoder" "Main_Decoder" 3 102, 24 1 0, S_00000285a807c460;
 .timescale 0 0;
    .port_info 0 /INPUT 32 "instruction";
    .port_info 1 /OUTPUT 1 "RegWrite";
    .port_info 2 /OUTPUT 1 "MemWrite";
    .port_info 3 /OUTPUT 1 "MemRead";
    .port_info 4 /OUTPUT 1 "Branch";
    .port_info 5 /OUTPUT 1 "ALUsrc";
    .port_info 6 /OUTPUT 1 "MemtoReg";
    .port_info 7 /OUTPUT 1 "funct7_bit30";
    .port_info 8 /OUTPUT 3 "funct3";
    .port_info 9 /OUTPUT 5 "rs1";
    .port_info 10 /OUTPUT 5 "rs2";
    .port_info 11 /OUTPUT 5 "rd";
    .port_info 12 /OUTPUT 2 "ALUOp";
    .port_info 13 /OUTPUT 1 "FPU_en";
    .port_info 14 /OUTPUT 1 "is_LW";
    .port_info 15 /OUTPUT 1 "is_SW";
    .port_info 16 /OUTPUT 1 "is_BEQ";
    .port_info 17 /OUTPUT 1 "is_BNE";
    .port_info 18 /OUTPUT 1 "is_BLT";
    .port_info 19 /OUTPUT 1 "is_BGE";
    .port_info 20 /OUTPUT 1 "is_JAL";
    .port_info 21 /OUTPUT 1 "is_JALR";
P_00000285a80f2ae0 .param/l "W" 0 24 1, +C4<00000000000000000000000000100000>;
L_00000285a84603e0 .functor BUFZ 3, L_00000285a8528c20, C4<000>, C4<000>, C4<000>;
L_00000285a8460680 .functor BUFZ 5, L_00000285a84ccd40, C4<00000>, C4<00000>, C4<00000>;
L_00000285a8460290 .functor BUFZ 5, L_00000285a84ccb60, C4<00000>, C4<00000>, C4<00000>;
L_00000285a8460530 .functor BUFZ 5, L_00000285a8529300, C4<00000>, C4<00000>, C4<00000>;
v00000285a84c8780_0 .var "ALUOp", 1 0;
v00000285a84c9860_0 .var "ALUsrc", 0 0;
v00000285a84c8500_0 .var "Branch", 0 0;
v00000285a84c9900_0 .var "FPU_en", 0 0;
v00000285a84c8960_0 .net "Funct3", 2 0, L_00000285a8528c20;  1 drivers
v00000285a84c8be0_0 .net "Funct7", 6 0, L_00000285a84cca20;  1 drivers
v00000285a84c9680_0 .var "MemRead", 0 0;
v00000285a84c9e00_0 .var "MemWrite", 0 0;
v00000285a84c9a40_0 .var "MemtoReg", 0 0;
v00000285a84c9040_0 .net "Opcode", 6 0, L_00000285a8529440;  1 drivers
v00000285a84c9ea0_0 .net "Rd", 4 0, L_00000285a8529300;  1 drivers
v00000285a84c9720_0 .var "RegWrite", 0 0;
v00000285a84c94a0_0 .net "Rs1", 4 0, L_00000285a84ccd40;  1 drivers
v00000285a84c9f40_0 .net "Rs2", 4 0, L_00000285a84ccb60;  1 drivers
L_00000285a84ce160 .functor BUFT 1, C4<0110011>, C4<0>, C4<0>, C4<0>;
v00000285a84c8820_0 .net/2u *"_ivl_12", 6 0, L_00000285a84ce160;  1 drivers
L_00000285a84ce1a8 .functor BUFT 1, C4<0010011>, C4<0>, C4<0>, C4<0>;
v00000285a84c8d20_0 .net/2u *"_ivl_16", 6 0, L_00000285a84ce1a8;  1 drivers
L_00000285a84ce1f0 .functor BUFT 1, C4<1100011>, C4<0>, C4<0>, C4<0>;
v00000285a84c9b80_0 .net/2u *"_ivl_20", 6 0, L_00000285a84ce1f0;  1 drivers
L_00000285a84ce238 .functor BUFT 1, C4<0000011>, C4<0>, C4<0>, C4<0>;
v00000285a84c85a0_0 .net/2u *"_ivl_24", 6 0, L_00000285a84ce238;  1 drivers
L_00000285a84ce280 .functor BUFT 1, C4<0100011>, C4<0>, C4<0>, C4<0>;
v00000285a84c90e0_0 .net/2u *"_ivl_28", 6 0, L_00000285a84ce280;  1 drivers
L_00000285a84ce2c8 .functor BUFT 1, C4<1010011>, C4<0>, C4<0>, C4<0>;
v00000285a84c99a0_0 .net/2u *"_ivl_32", 6 0, L_00000285a84ce2c8;  1 drivers
v00000285a84c8640_0 .net "funct3", 2 0, L_00000285a84603e0;  alias, 1 drivers
v00000285a84c9c20_0 .net "funct7_bit30", 0 0, L_00000285a85293a0;  alias, 1 drivers
v00000285a84c80a0_0 .net "instruction", 31 0, L_00000285a84cc8e0;  alias, 1 drivers
v00000285a84c8e60_0 .var "is_BEQ", 0 0;
v00000285a84c8fa0_0 .var "is_BGE", 0 0;
v00000285a84c9220_0 .var "is_BLT", 0 0;
v00000285a84cbaf0_0 .var "is_BNE", 0 0;
v00000285a84ca150_0 .net "is_FPU", 0 0, L_00000285a85299e0;  1 drivers
v00000285a84cb910_0 .net "is_Imm_alu", 0 0, L_00000285a8529080;  1 drivers
v00000285a84cb230_0 .var "is_JAL", 0 0;
v00000285a84ca970_0 .var "is_JALR", 0 0;
v00000285a84cae70_0 .var "is_LW", 0 0;
v00000285a84cb050_0 .net "is_R_type", 0 0, L_00000285a8529260;  1 drivers
v00000285a84cadd0_0 .var "is_SW", 0 0;
v00000285a84caf10_0 .net "is_branch", 0 0, L_00000285a8528f40;  1 drivers
v00000285a84cbeb0_0 .net "is_load", 0 0, L_00000285a8528b80;  1 drivers
v00000285a84cbb90_0 .net "is_store", 0 0, L_00000285a8528fe0;  1 drivers
v00000285a84cbf50_0 .net "rd", 4 0, L_00000285a8460530;  alias, 1 drivers
v00000285a84cb690_0 .net "rs1", 4 0, L_00000285a8460680;  alias, 1 drivers
v00000285a84ca3d0_0 .net "rs2", 4 0, L_00000285a8460290;  alias, 1 drivers
E_00000285a80f2ce0 .event anyedge, v00000285a84c9040_0, v00000285a84c8960_0;
L_00000285a84cca20 .part L_00000285a84cc8e0, 25, 7;
L_00000285a84ccb60 .part L_00000285a84cc8e0, 20, 5;
L_00000285a84ccd40 .part L_00000285a84cc8e0, 15, 5;
L_00000285a8528c20 .part L_00000285a84cc8e0, 12, 3;
L_00000285a8529300 .part L_00000285a84cc8e0, 7, 5;
L_00000285a8529440 .part L_00000285a84cc8e0, 0, 7;
L_00000285a8529260 .cmp/eq 7, L_00000285a8529440, L_00000285a84ce160;
L_00000285a8529080 .cmp/eq 7, L_00000285a8529440, L_00000285a84ce1a8;
L_00000285a8528f40 .cmp/eq 7, L_00000285a8529440, L_00000285a84ce1f0;
L_00000285a8528b80 .cmp/eq 7, L_00000285a8529440, L_00000285a84ce238;
L_00000285a8528fe0 .cmp/eq 7, L_00000285a8529440, L_00000285a84ce280;
L_00000285a85299e0 .cmp/eq 7, L_00000285a8529440, L_00000285a84ce2c8;
L_00000285a85293a0 .part L_00000285a84cc8e0, 30, 1;
    .scope S_00000285a808d1e0;
T_0 ;
    %wait E_00000285a80f1420;
    %pushi/vec4 0, 0, 1;
    %store/vec4 v00000285a84c05a0_0, 0, 1;
    %pushi/vec4 0, 0, 1;
    %store/vec4 v00000285a84bfa60_0, 0, 1;
    %load/vec4 v00000285a84bf380_0;
    %flag_set/vec4 8;
    %jmp/0xz  T_0.0, 8;
    %pushi/vec4 1, 0, 1;
    %store/vec4 v00000285a84c05a0_0, 0, 1;
    %pushi/vec4 1, 0, 1;
    %store/vec4 v00000285a84bfa60_0, 0, 1;
    %jmp T_0.1;
T_0.0 ;
    %load/vec4 v00000285a84bf4c0_0;
    %flag_set/vec4 8;
    %jmp/0xz  T_0.2, 8;
    %pushi/vec4 1, 0, 1;
    %store/vec4 v00000285a84c05a0_0, 0, 1;
    %pushi/vec4 0, 0, 1;
    %store/vec4 v00000285a84bfa60_0, 0, 1;
T_0.2 ;
T_0.1 ;
    %jmp T_0;
    .thread T_0, $push;
    .scope S_00000285a84c7860;
T_1 ;
    %wait E_00000285a80f2a60;
    %load/vec4 v00000285a84c63e0_0;
    %store/vec4 v00000285a84c53a0_0, 0, 32;
    %load/vec4 v00000285a84c68e0_0;
    %flag_set/vec4 8;
    %jmp/0xz  T_1.0, 8;
    %load/vec4 v00000285a84c5760_0;
    %store/vec4 v00000285a84c53a0_0, 0, 32;
    %jmp T_1.1;
T_1.0 ;
    %load/vec4 v00000285a84c5300_0;
    %flag_set/vec4 8;
    %jmp/0xz  T_1.2, 8;
    %load/vec4 v00000285a84c5620_0;
    %store/vec4 v00000285a84c53a0_0, 0, 32;
T_1.2 ;
T_1.1 ;
    %jmp T_1;
    .thread T_1, $push;
    .scope S_00000285a84c7ea0;
T_2 ;
    %wait E_00000285a80ef460;
    %load/vec4 v00000285a84c5da0_0;
    %flag_set/vec4 8;
    %jmp/0xz  T_2.0, 8;
    %pushi/vec4 0, 0, 32;
    %assign/vec4 v00000285a84c6980_0, 0;
    %jmp T_2.1;
T_2.0 ;
    %load/vec4 v00000285a84c6480_0;
    %assign/vec4 v00000285a84c6980_0, 0;
T_2.1 ;
    %jmp T_2;
    .thread T_2;
    .scope S_00000285a80b3e30;
T_3 ;
    %vpi_call 16 9 "$readmemh", "./verilog/Project10_mini_CPU/memo/program.txt", v00000285a84c6020 {0 0 0};
    %end;
    .thread T_3;
    .scope S_00000285a80b3ca0;
T_4 ;
    %wait E_00000285a80ef460;
    %load/vec4 v00000285a84bf600_0;
    %flag_set/vec4 8;
    %load/vec4 v00000285a84bf240_0;
    %flag_set/vec4 9;
    %flag_or 9, 8;
    %jmp/0xz  T_4.0, 9;
    %pushi/vec4 0, 0, 64;
    %assign/vec4 v00000285a84c01e0_0, 0;
    %jmp T_4.1;
T_4.0 ;
    %load/vec4 v00000285a84bf6a0_0;
    %nor/r;
    %flag_set/vec4 8;
    %jmp/0xz  T_4.2, 8;
    %load/vec4 v00000285a84bfba0_0;
    %assign/vec4 v00000285a84c01e0_0, 0;
T_4.2 ;
T_4.1 ;
    %jmp T_4;
    .thread T_4;
    .scope S_00000285a84c7090;
T_5 ;
    %wait E_00000285a80f2ce0;
    %pushi/vec4 0, 0, 2;
    %split/vec4 1;
    %store/vec4 v00000285a84cadd0_0, 0, 1;
    %store/vec4 v00000285a84cae70_0, 0, 1;
    %pushi/vec4 0, 0, 4;
    %split/vec4 1;
    %store/vec4 v00000285a84c8fa0_0, 0, 1;
    %split/vec4 1;
    %store/vec4 v00000285a84c9220_0, 0, 1;
    %split/vec4 1;
    %store/vec4 v00000285a84cbaf0_0, 0, 1;
    %store/vec4 v00000285a84c8e60_0, 0, 1;
    %pushi/vec4 0, 0, 2;
    %split/vec4 1;
    %store/vec4 v00000285a84ca970_0, 0, 1;
    %store/vec4 v00000285a84cb230_0, 0, 1;
    %pushi/vec4 0, 0, 6;
    %split/vec4 1;
    %store/vec4 v00000285a84c9a40_0, 0, 1;
    %split/vec4 1;
    %store/vec4 v00000285a84c9860_0, 0, 1;
    %split/vec4 1;
    %store/vec4 v00000285a84c8500_0, 0, 1;
    %split/vec4 1;
    %store/vec4 v00000285a84c9680_0, 0, 1;
    %split/vec4 1;
    %store/vec4 v00000285a84c9e00_0, 0, 1;
    %store/vec4 v00000285a84c9720_0, 0, 1;
    %pushi/vec4 0, 0, 1;
    %store/vec4 v00000285a84c9900_0, 0, 1;
    %pushi/vec4 0, 0, 2;
    %store/vec4 v00000285a84c8780_0, 0, 2;
    %load/vec4 v00000285a84c9040_0;
    %dup/vec4;
    %pushi/vec4 51, 0, 7;
    %cmp/u;
    %jmp/1 T_5.0, 6;
    %dup/vec4;
    %pushi/vec4 19, 0, 7;
    %cmp/u;
    %jmp/1 T_5.1, 6;
    %dup/vec4;
    %pushi/vec4 3, 0, 7;
    %cmp/u;
    %jmp/1 T_5.2, 6;
    %dup/vec4;
    %pushi/vec4 35, 0, 7;
    %cmp/u;
    %jmp/1 T_5.3, 6;
    %dup/vec4;
    %pushi/vec4 99, 0, 7;
    %cmp/u;
    %jmp/1 T_5.4, 6;
    %dup/vec4;
    %pushi/vec4 111, 0, 7;
    %cmp/u;
    %jmp/1 T_5.5, 6;
    %dup/vec4;
    %pushi/vec4 103, 0, 7;
    %cmp/u;
    %jmp/1 T_5.6, 6;
    %dup/vec4;
    %pushi/vec4 83, 0, 7;
    %cmp/u;
    %jmp/1 T_5.7, 6;
    %jmp T_5.9;
T_5.0 ;
    %pushi/vec4 2, 0, 2;
    %store/vec4 v00000285a84c8780_0, 0, 2;
    %pushi/vec4 1, 0, 1;
    %store/vec4 v00000285a84c9720_0, 0, 1;
    %pushi/vec4 0, 0, 1;
    %store/vec4 v00000285a84c9860_0, 0, 1;
    %jmp T_5.9;
T_5.1 ;
    %pushi/vec4 2, 0, 2;
    %store/vec4 v00000285a84c8780_0, 0, 2;
    %pushi/vec4 1, 0, 1;
    %store/vec4 v00000285a84c9720_0, 0, 1;
    %pushi/vec4 1, 0, 1;
    %store/vec4 v00000285a84c9860_0, 0, 1;
    %jmp T_5.9;
T_5.2 ;
    %pushi/vec4 1, 0, 1;
    %store/vec4 v00000285a84cae70_0, 0, 1;
    %pushi/vec4 0, 0, 2;
    %store/vec4 v00000285a84c8780_0, 0, 2;
    %pushi/vec4 1, 0, 1;
    %store/vec4 v00000285a84c9680_0, 0, 1;
    %pushi/vec4 1, 0, 1;
    %store/vec4 v00000285a84c9a40_0, 0, 1;
    %pushi/vec4 1, 0, 1;
    %store/vec4 v00000285a84c9720_0, 0, 1;
    %pushi/vec4 1, 0, 1;
    %store/vec4 v00000285a84c9860_0, 0, 1;
    %jmp T_5.9;
T_5.3 ;
    %pushi/vec4 1, 0, 1;
    %store/vec4 v00000285a84cadd0_0, 0, 1;
    %pushi/vec4 0, 0, 2;
    %store/vec4 v00000285a84c8780_0, 0, 2;
    %pushi/vec4 1, 0, 1;
    %store/vec4 v00000285a84c9e00_0, 0, 1;
    %pushi/vec4 1, 0, 1;
    %store/vec4 v00000285a84c9860_0, 0, 1;
    %jmp T_5.9;
T_5.4 ;
    %pushi/vec4 1, 0, 2;
    %store/vec4 v00000285a84c8780_0, 0, 2;
    %pushi/vec4 1, 0, 1;
    %store/vec4 v00000285a84c8500_0, 0, 1;
    %load/vec4 v00000285a84c8960_0;
    %cmpi/e 0, 0, 3;
    %jmp/0xz  T_5.10, 4;
    %pushi/vec4 1, 0, 1;
    %store/vec4 v00000285a84c8e60_0, 0, 1;
    %jmp T_5.11;
T_5.10 ;
    %load/vec4 v00000285a84c8960_0;
    %cmpi/e 1, 0, 3;
    %jmp/0xz  T_5.12, 4;
    %pushi/vec4 1, 0, 1;
    %store/vec4 v00000285a84cbaf0_0, 0, 1;
    %jmp T_5.13;
T_5.12 ;
    %load/vec4 v00000285a84c8960_0;
    %cmpi/e 4, 0, 3;
    %jmp/0xz  T_5.14, 4;
    %pushi/vec4 1, 0, 1;
    %store/vec4 v00000285a84c9220_0, 0, 1;
    %jmp T_5.15;
T_5.14 ;
    %load/vec4 v00000285a84c8960_0;
    %cmpi/e 5, 0, 3;
    %jmp/0xz  T_5.16, 4;
    %pushi/vec4 1, 0, 1;
    %store/vec4 v00000285a84c8fa0_0, 0, 1;
T_5.16 ;
T_5.15 ;
T_5.13 ;
T_5.11 ;
    %jmp T_5.9;
T_5.5 ;
    %pushi/vec4 1, 0, 1;
    %store/vec4 v00000285a84cb230_0, 0, 1;
    %pushi/vec4 1, 0, 1;
    %store/vec4 v00000285a84c8500_0, 0, 1;
    %pushi/vec4 1, 0, 1;
    %store/vec4 v00000285a84c9720_0, 0, 1;
    %pushi/vec4 0, 0, 2;
    %store/vec4 v00000285a84c8780_0, 0, 2;
    %pushi/vec4 1, 0, 1;
    %store/vec4 v00000285a84c9860_0, 0, 1;
    %jmp T_5.9;
T_5.6 ;
    %pushi/vec4 1, 0, 1;
    %store/vec4 v00000285a84ca970_0, 0, 1;
    %pushi/vec4 1, 0, 1;
    %store/vec4 v00000285a84c8500_0, 0, 1;
    %pushi/vec4 1, 0, 1;
    %store/vec4 v00000285a84c9720_0, 0, 1;
    %pushi/vec4 1, 0, 1;
    %store/vec4 v00000285a84c9860_0, 0, 1;
    %pushi/vec4 0, 0, 2;
    %store/vec4 v00000285a84c8780_0, 0, 2;
    %jmp T_5.9;
T_5.7 ;
    %pushi/vec4 1, 0, 1;
    %store/vec4 v00000285a84c9900_0, 0, 1;
    %pushi/vec4 1, 0, 1;
    %store/vec4 v00000285a84c9720_0, 0, 1;
    %pushi/vec4 2, 0, 2;
    %store/vec4 v00000285a84c8780_0, 0, 2;
    %jmp T_5.9;
T_5.9 ;
    %pop/vec4 1;
    %jmp T_5;
    .thread T_5, $push;
    .scope S_00000285a84c79f0;
T_6 ;
    %wait E_00000285a80ef460;
    %load/vec4 v00000285a84c9540_0;
    %flag_set/vec4 8;
    %jmp/0xz  T_6.0, 8;
    %pushi/vec4 0, 0, 32;
    %store/vec4 v00000285a84c88c0_0, 0, 32;
T_6.2 ;
    %load/vec4 v00000285a84c88c0_0;
    %cmpi/s 32, 0, 32;
    %jmp/0xz T_6.3, 5;
    %pushi/vec4 0, 0, 32;
    %ix/getv/s 3, v00000285a84c88c0_0;
    %ix/load 4, 0, 0; Constant delay
    %assign/vec4/a/d v00000285a84c9ae0, 0, 4;
    %load/vec4 v00000285a84c88c0_0;
    %addi 1, 0, 32;
    %store/vec4 v00000285a84c88c0_0, 0, 32;
    %jmp T_6.2;
T_6.3 ;
    %jmp T_6.1;
T_6.0 ;
    %load/vec4 v00000285a84c9cc0_0;
    %load/vec4 v00000285a84c95e0_0;
    %pushi/vec4 0, 0, 5;
    %cmp/ne;
    %flag_get/vec4 4;
    %and;
    %flag_set/vec4 8;
    %jmp/0xz  T_6.4, 8;
    %load/vec4 v00000285a84c83c0_0;
    %load/vec4 v00000285a84c95e0_0;
    %pad/u 7;
    %ix/vec4 3;
    %ix/load 4, 0, 0; Constant delay
    %assign/vec4/a/d v00000285a84c9ae0, 0, 4;
T_6.4 ;
T_6.1 ;
    %jmp T_6;
    .thread T_6;
    .scope S_00000285a84c7d10;
T_7 ;
    %wait E_00000285a80f2060;
    %pushi/vec4 0, 0, 32;
    %store/vec4 v00000285a84c6340_0, 0, 32;
    %load/vec4 v00000285a84c6840_0;
    %dup/vec4;
    %pushi/vec4 19, 0, 7;
    %cmp/u;
    %jmp/1 T_7.0, 6;
    %dup/vec4;
    %pushi/vec4 3, 0, 7;
    %cmp/u;
    %jmp/1 T_7.1, 6;
    %dup/vec4;
    %pushi/vec4 103, 0, 7;
    %cmp/u;
    %jmp/1 T_7.2, 6;
    %dup/vec4;
    %pushi/vec4 35, 0, 7;
    %cmp/u;
    %jmp/1 T_7.3, 6;
    %dup/vec4;
    %pushi/vec4 99, 0, 7;
    %cmp/u;
    %jmp/1 T_7.4, 6;
    %dup/vec4;
    %pushi/vec4 111, 0, 7;
    %cmp/u;
    %jmp/1 T_7.5, 6;
    %pushi/vec4 0, 0, 32;
    %store/vec4 v00000285a84c6340_0, 0, 32;
    %jmp T_7.7;
T_7.0 ;
    %load/vec4 v00000285a84c6d40_0;
    %parti/s 1, 31, 6;
    %replicate 20;
    %load/vec4 v00000285a84c6d40_0;
    %parti/s 12, 20, 6;
    %concat/vec4; draw_concat_vec4
    %store/vec4 v00000285a84c6340_0, 0, 32;
    %jmp T_7.7;
T_7.1 ;
    %load/vec4 v00000285a84c6d40_0;
    %parti/s 1, 31, 6;
    %replicate 20;
    %load/vec4 v00000285a84c6d40_0;
    %parti/s 12, 20, 6;
    %concat/vec4; draw_concat_vec4
    %store/vec4 v00000285a84c6340_0, 0, 32;
    %jmp T_7.7;
T_7.2 ;
    %load/vec4 v00000285a84c6d40_0;
    %parti/s 1, 31, 6;
    %replicate 20;
    %load/vec4 v00000285a84c6d40_0;
    %parti/s 12, 20, 6;
    %concat/vec4; draw_concat_vec4
    %store/vec4 v00000285a84c6340_0, 0, 32;
    %jmp T_7.7;
T_7.3 ;
    %load/vec4 v00000285a84c6d40_0;
    %parti/s 1, 31, 6;
    %replicate 20;
    %load/vec4 v00000285a84c6d40_0;
    %parti/s 7, 25, 6;
    %concat/vec4; draw_concat_vec4
    %load/vec4 v00000285a84c6d40_0;
    %parti/s 5, 7, 4;
    %concat/vec4; draw_concat_vec4
    %store/vec4 v00000285a84c6340_0, 0, 32;
    %jmp T_7.7;
T_7.4 ;
    %load/vec4 v00000285a84c6d40_0;
    %parti/s 1, 31, 6;
    %replicate 20;
    %load/vec4 v00000285a84c6d40_0;
    %parti/s 1, 31, 6;
    %concat/vec4; draw_concat_vec4
    %load/vec4 v00000285a84c6d40_0;
    %parti/s 1, 7, 4;
    %concat/vec4; draw_concat_vec4
    %load/vec4 v00000285a84c6d40_0;
    %parti/s 6, 25, 6;
    %concat/vec4; draw_concat_vec4
    %load/vec4 v00000285a84c6d40_0;
    %parti/s 4, 8, 5;
    %concat/vec4; draw_concat_vec4
    %store/vec4 v00000285a84c6340_0, 0, 32;
    %jmp T_7.7;
T_7.5 ;
    %load/vec4 v00000285a84c6d40_0;
    %parti/s 1, 31, 6;
    %replicate 12;
    %load/vec4 v00000285a84c6d40_0;
    %parti/s 1, 31, 6;
    %concat/vec4; draw_concat_vec4
    %load/vec4 v00000285a84c6d40_0;
    %parti/s 8, 12, 5;
    %concat/vec4; draw_concat_vec4
    %load/vec4 v00000285a84c6d40_0;
    %parti/s 1, 20, 6;
    %concat/vec4; draw_concat_vec4
    %load/vec4 v00000285a84c6d40_0;
    %parti/s 10, 21, 6;
    %concat/vec4; draw_concat_vec4
    %store/vec4 v00000285a84c6340_0, 0, 32;
    %jmp T_7.7;
T_7.7 ;
    %pop/vec4 1;
    %jmp T_7;
    .thread T_7, $push;
    .scope S_00000285a8070930;
T_8 ;
    %wait E_00000285a80ef260;
    %pushi/vec4 0, 0, 4;
    %store/vec4 v00000285a8116a90_0, 0, 4;
    %load/vec4 v00000285a84621c0_0;
    %dup/vec4;
    %pushi/vec4 0, 0, 2;
    %cmp/u;
    %jmp/1 T_8.0, 6;
    %dup/vec4;
    %pushi/vec4 1, 0, 2;
    %cmp/u;
    %jmp/1 T_8.1, 6;
    %dup/vec4;
    %pushi/vec4 2, 0, 2;
    %cmp/u;
    %jmp/1 T_8.2, 6;
    %pushi/vec4 0, 0, 4;
    %store/vec4 v00000285a8116a90_0, 0, 4;
    %jmp T_8.4;
T_8.0 ;
    %pushi/vec4 2, 0, 4;
    %store/vec4 v00000285a8116a90_0, 0, 4;
    %jmp T_8.4;
T_8.1 ;
    %pushi/vec4 6, 0, 4;
    %store/vec4 v00000285a8116a90_0, 0, 4;
    %jmp T_8.4;
T_8.2 ;
    %load/vec4 v00000285a81170d0_0;
    %dup/vec4;
    %pushi/vec4 0, 0, 3;
    %cmp/u;
    %jmp/1 T_8.5, 6;
    %dup/vec4;
    %pushi/vec4 1, 0, 3;
    %cmp/u;
    %jmp/1 T_8.6, 6;
    %dup/vec4;
    %pushi/vec4 4, 0, 3;
    %cmp/u;
    %jmp/1 T_8.7, 6;
    %dup/vec4;
    %pushi/vec4 5, 0, 3;
    %cmp/u;
    %jmp/1 T_8.8, 6;
    %dup/vec4;
    %pushi/vec4 6, 0, 3;
    %cmp/u;
    %jmp/1 T_8.9, 6;
    %dup/vec4;
    %pushi/vec4 7, 0, 3;
    %cmp/u;
    %jmp/1 T_8.10, 6;
    %jmp T_8.11;
T_8.5 ;
    %load/vec4 v00000285a81166d0_0;
    %flag_set/vec4 8;
    %jmp/0 T_8.12, 8;
    %pushi/vec4 6, 0, 4;
    %jmp/1 T_8.13, 8;
T_8.12 ; End of true expr.
    %pushi/vec4 2, 0, 4;
    %jmp/0 T_8.13, 8;
 ; End of false expr.
    %blend;
T_8.13;
    %store/vec4 v00000285a8116a90_0, 0, 4;
    %jmp T_8.11;
T_8.6 ;
    %pushi/vec4 8, 0, 4;
    %store/vec4 v00000285a8116a90_0, 0, 4;
    %jmp T_8.11;
T_8.7 ;
    %pushi/vec4 0, 0, 4;
    %store/vec4 v00000285a8116a90_0, 0, 4;
    %jmp T_8.11;
T_8.8 ;
    %load/vec4 v00000285a81166d0_0;
    %flag_set/vec4 8;
    %jmp/0 T_8.14, 8;
    %pushi/vec4 10, 0, 4;
    %jmp/1 T_8.15, 8;
T_8.14 ; End of true expr.
    %pushi/vec4 9, 0, 4;
    %jmp/0 T_8.15, 8;
 ; End of false expr.
    %blend;
T_8.15;
    %store/vec4 v00000285a8116a90_0, 0, 4;
    %jmp T_8.11;
T_8.9 ;
    %pushi/vec4 1, 0, 4;
    %store/vec4 v00000285a8116a90_0, 0, 4;
    %jmp T_8.11;
T_8.10 ;
    %pushi/vec4 0, 0, 4;
    %store/vec4 v00000285a8116a90_0, 0, 4;
    %jmp T_8.11;
T_8.11 ;
    %pop/vec4 1;
    %jmp T_8.4;
T_8.4 ;
    %pop/vec4 1;
    %jmp T_8;
    .thread T_8, $push;
    .scope S_00000285a808d370;
T_9 ;
    %wait E_00000285a80ef460;
    %load/vec4 v00000285a84bf1a0_0;
    %flag_set/vec4 8;
    %load/vec4 v00000285a84c06e0_0;
    %flag_set/vec4 9;
    %flag_or 9, 8;
    %jmp/0xz  T_9.0, 9;
    %pushi/vec4 0, 0, 146;
    %assign/vec4 v00000285a84c0e60_0, 0;
    %jmp T_9.1;
T_9.0 ;
    %load/vec4 v00000285a84bfc40_0;
    %nor/r;
    %flag_set/vec4 8;
    %jmp/0xz  T_9.2, 8;
    %load/vec4 v00000285a84bff60_0;
    %assign/vec4 v00000285a84c0e60_0, 0;
T_9.2 ;
T_9.1 ;
    %jmp T_9;
    .thread T_9;
    .scope S_00000285a8076040;
T_10 ;
    %wait E_00000285a80eefa0;
    %load/vec4 v00000285a8462bc0_0;
    %dup/vec4;
    %pushi/vec4 0, 0, 4;
    %cmp/u;
    %jmp/1 T_10.0, 6;
    %dup/vec4;
    %pushi/vec4 1, 0, 4;
    %cmp/u;
    %jmp/1 T_10.1, 6;
    %dup/vec4;
    %pushi/vec4 3, 0, 4;
    %cmp/u;
    %jmp/1 T_10.2, 6;
    %pushi/vec4 0, 0, 32;
    %store/vec4 v00000285a8461860_0, 0, 32;
    %jmp T_10.4;
T_10.0 ;
    %load/vec4 v00000285a84623a0_0;
    %load/vec4 v00000285a8462620_0;
    %and;
    %store/vec4 v00000285a8461860_0, 0, 32;
    %jmp T_10.4;
T_10.1 ;
    %load/vec4 v00000285a84623a0_0;
    %load/vec4 v00000285a8462620_0;
    %or;
    %store/vec4 v00000285a8461860_0, 0, 32;
    %jmp T_10.4;
T_10.2 ;
    %load/vec4 v00000285a84623a0_0;
    %load/vec4 v00000285a8462620_0;
    %xor;
    %store/vec4 v00000285a8461860_0, 0, 32;
    %jmp T_10.4;
T_10.4 ;
    %pop/vec4 1;
    %jmp T_10;
    .thread T_10, $push;
    .scope S_00000285a8075eb0;
T_11 ;
    %wait E_00000285a80eefa0;
    %load/vec4 v00000285a8462260_0;
    %dup/vec4;
    %pushi/vec4 2, 0, 4;
    %cmp/u;
    %jmp/1 T_11.0, 6;
    %dup/vec4;
    %pushi/vec4 6, 0, 4;
    %cmp/u;
    %jmp/1 T_11.1, 6;
    %pushi/vec4 0, 0, 33;
    %store/vec4 v00000285a84614a0_0, 0, 33;
    %jmp T_11.3;
T_11.0 ;
    %pushi/vec4 0, 0, 1;
    %load/vec4 v00000285a8462d00_0;
    %concat/vec4; draw_concat_vec4
    %pushi/vec4 0, 0, 1;
    %load/vec4 v00000285a8462940_0;
    %concat/vec4; draw_concat_vec4
    %add;
    %store/vec4 v00000285a84614a0_0, 0, 33;
    %jmp T_11.3;
T_11.1 ;
    %pushi/vec4 0, 0, 1;
    %load/vec4 v00000285a8462d00_0;
    %concat/vec4; draw_concat_vec4
    %pushi/vec4 0, 0, 1;
    %load/vec4 v00000285a8462940_0;
    %concat/vec4; draw_concat_vec4
    %sub;
    %store/vec4 v00000285a84614a0_0, 0, 33;
    %jmp T_11.3;
T_11.3 ;
    %pop/vec4 1;
    %jmp T_11;
    .thread T_11, $push;
    .scope S_00000285a80707a0;
T_12 ;
    %wait E_00000285a80eeea0;
    %load/vec4 v00000285a84626c0_0;
    %dup/vec4;
    %pushi/vec4 8, 0, 4;
    %cmp/u;
    %jmp/1 T_12.0, 6;
    %dup/vec4;
    %pushi/vec4 9, 0, 4;
    %cmp/u;
    %jmp/1 T_12.1, 6;
    %dup/vec4;
    %pushi/vec4 10, 0, 4;
    %cmp/u;
    %jmp/1 T_12.2, 6;
    %pushi/vec4 0, 0, 32;
    %store/vec4 v00000285a84615e0_0, 0, 32;
    %jmp T_12.4;
T_12.0 ;
    %load/vec4 v00000285a8461d60_0;
    %ix/getv 4, v00000285a8462e40_0;
    %shiftl 4;
    %store/vec4 v00000285a84615e0_0, 0, 32;
    %jmp T_12.4;
T_12.1 ;
    %load/vec4 v00000285a8461d60_0;
    %ix/getv 4, v00000285a8462e40_0;
    %shiftr 4;
    %store/vec4 v00000285a84615e0_0, 0, 32;
    %jmp T_12.4;
T_12.2 ;
    %load/vec4 v00000285a8461d60_0;
    %ix/getv 4, v00000285a8462e40_0;
    %shiftr/s 4;
    %store/vec4 v00000285a84615e0_0, 0, 32;
    %jmp T_12.4;
T_12.4 ;
    %pop/vec4 1;
    %jmp T_12;
    .thread T_12, $push;
    .scope S_00000285a8075d20;
T_13 ;
    %wait E_00000285a80eede0;
    %load/vec4 v00000285a8461680_0;
    %dup/vec4;
    %pushi/vec4 0, 0, 4;
    %cmp/u;
    %jmp/1 T_13.0, 6;
    %dup/vec4;
    %pushi/vec4 1, 0, 4;
    %cmp/u;
    %jmp/1 T_13.1, 6;
    %dup/vec4;
    %pushi/vec4 3, 0, 4;
    %cmp/u;
    %jmp/1 T_13.2, 6;
    %dup/vec4;
    %pushi/vec4 2, 0, 4;
    %cmp/u;
    %jmp/1 T_13.3, 6;
    %dup/vec4;
    %pushi/vec4 6, 0, 4;
    %cmp/u;
    %jmp/1 T_13.4, 6;
    %dup/vec4;
    %pushi/vec4 8, 0, 4;
    %cmp/u;
    %jmp/1 T_13.5, 6;
    %dup/vec4;
    %pushi/vec4 9, 0, 4;
    %cmp/u;
    %jmp/1 T_13.6, 6;
    %dup/vec4;
    %pushi/vec4 10, 0, 4;
    %cmp/u;
    %jmp/1 T_13.7, 6;
    %pushi/vec4 0, 0, 32;
    %store/vec4 v00000285a8461180_0, 0, 32;
    %jmp T_13.9;
T_13.0 ;
    %load/vec4 v00000285a8461220_0;
    %store/vec4 v00000285a8461180_0, 0, 32;
    %jmp T_13.9;
T_13.1 ;
    %load/vec4 v00000285a8461220_0;
    %store/vec4 v00000285a8461180_0, 0, 32;
    %jmp T_13.9;
T_13.2 ;
    %load/vec4 v00000285a8461220_0;
    %store/vec4 v00000285a8461180_0, 0, 32;
    %jmp T_13.9;
T_13.3 ;
    %load/vec4 v00000285a8462440_0;
    %store/vec4 v00000285a8461180_0, 0, 32;
    %jmp T_13.9;
T_13.4 ;
    %load/vec4 v00000285a8462440_0;
    %store/vec4 v00000285a8461180_0, 0, 32;
    %jmp T_13.9;
T_13.5 ;
    %load/vec4 v00000285a8461540_0;
    %store/vec4 v00000285a8461180_0, 0, 32;
    %jmp T_13.9;
T_13.6 ;
    %load/vec4 v00000285a8461540_0;
    %store/vec4 v00000285a8461180_0, 0, 32;
    %jmp T_13.9;
T_13.7 ;
    %load/vec4 v00000285a8461540_0;
    %store/vec4 v00000285a8461180_0, 0, 32;
    %jmp T_13.9;
T_13.9 ;
    %pop/vec4 1;
    %jmp T_13;
    .thread T_13, $push;
    .scope S_00000285a8088b80;
T_14 ;
    %wait E_00000285a80ef460;
    %load/vec4 v00000285a84c00a0_0;
    %flag_set/vec4 8;
    %load/vec4 v00000285a84bf2e0_0;
    %flag_set/vec4 9;
    %flag_or 9, 8;
    %jmp/0xz  T_14.0, 9;
    %pushi/vec4 0, 0, 73;
    %assign/vec4 v00000285a84bf420_0, 0;
    %jmp T_14.1;
T_14.0 ;
    %load/vec4 v00000285a84bf880_0;
    %nor/r;
    %flag_set/vec4 8;
    %jmp/0xz  T_14.2, 8;
    %load/vec4 v00000285a84c0d20_0;
    %assign/vec4 v00000285a84bf420_0, 0;
T_14.2 ;
T_14.1 ;
    %jmp T_14;
    .thread T_14;
    .scope S_00000285a80889f0;
T_15 ;
    %wait E_00000285a80ef460;
    %load/vec4 v00000285a84bf560_0;
    %flag_set/vec4 8;
    %jmp/0xz  T_15.0, 8;
    %pushi/vec4 0, 0, 32;
    %store/vec4 v00000285a84c0780_0, 0, 32;
T_15.2 ;
    %load/vec4 v00000285a84c0780_0;
    %cmpi/s 32, 0, 32;
    %jmp/0xz T_15.3, 5;
    %pushi/vec4 0, 0, 32;
    %ix/getv/s 3, v00000285a84c0780_0;
    %ix/load 4, 0, 0; Constant delay
    %assign/vec4/a/d v00000285a84c08c0, 0, 4;
    %load/vec4 v00000285a84c0780_0;
    %addi 1, 0, 32;
    %store/vec4 v00000285a84c0780_0, 0, 32;
    %jmp T_15.2;
T_15.3 ;
    %jmp T_15.1;
T_15.0 ;
    %load/vec4 v00000285a84bfb00_0;
    %flag_set/vec4 8;
    %jmp/0xz  T_15.4, 8;
    %load/vec4 v00000285a84c0140_0;
    %load/vec4 v00000285a84c0320_0;
    %pad/u 7;
    %ix/vec4 3;
    %ix/load 4, 0, 0; Constant delay
    %assign/vec4/a/d v00000285a84c08c0, 0, 4;
T_15.4 ;
T_15.1 ;
    %jmp T_15;
    .thread T_15;
    .scope S_00000285a84c76d0;
T_16 ;
    %wait E_00000285a80ef460;
    %load/vec4 v00000285a84c5b20_0;
    %flag_set/vec4 8;
    %load/vec4 v00000285a84c6ca0_0;
    %flag_set/vec4 9;
    %flag_or 9, 8;
    %jmp/0xz  T_16.0, 9;
    %pushi/vec4 0, 0, 71;
    %assign/vec4 v00000285a84c5080_0, 0;
    %jmp T_16.1;
T_16.0 ;
    %load/vec4 v00000285a84c6700_0;
    %nor/r;
    %flag_set/vec4 8;
    %jmp/0xz  T_16.2, 8;
    %load/vec4 v00000285a84c6e80_0;
    %assign/vec4 v00000285a84c5080_0, 0;
T_16.2 ;
T_16.1 ;
    %jmp T_16;
    .thread T_16;
    .scope S_00000285a807c2d0;
T_17 ;
    %delay 5000, 0;
    %load/vec4 v00000285a84cc160_0;
    %inv;
    %store/vec4 v00000285a84cc160_0, 0, 1;
    %jmp T_17;
    .thread T_17;
    .scope S_00000285a807c2d0;
T_18 ;
    %vpi_call 2 11 "$dumpfile", "CPU.vcd" {0 0 0};
    %vpi_call 2 12 "$dumpvars", 32'sb00000000000000000000000000000000, S_00000285a807c2d0 {0 0 0};
    %vpi_call 2 14 "$monitor", "Time: %0t ns | Reset: %b  ||  instruction: %h | address: %h | result: %h", $time, v00000285a84cc700_0, v00000285a84cc980_0, v00000285a84cc340_0, v00000285a84cd880_0 {0 0 0};
    %end;
    .thread T_18;
    .scope S_00000285a807c2d0;
T_19 ;
    %pushi/vec4 0, 0, 1;
    %store/vec4 v00000285a84cc160_0, 0, 1;
    %pushi/vec4 1, 0, 1;
    %store/vec4 v00000285a84cc700_0, 0, 1;
    %pushi/vec4 2, 0, 32;
T_19.0 %dup/vec4;
    %pushi/vec4 0, 0, 32;
    %cmp/s;
    %jmp/1xz T_19.1, 5;
    %jmp/1 T_19.1, 4;
    %pushi/vec4 1, 0, 32;
    %sub;
    %wait E_00000285a80ee6a0;
    %jmp T_19.0;
T_19.1 ;
    %pop/vec4 1;
    %pushi/vec4 0, 0, 1;
    %store/vec4 v00000285a84cc700_0, 0, 1;
    %delay 1000000, 0;
    %vpi_call 2 33 "$finish" {0 0 0};
    %end;
    .thread T_19;
# The file index is used to find the file name in the following table.
:file_names 25;
    "N/A";
    "<interactive>";
    "./verilog/Project10_mini_CPU/tb/Pipeline_CPU_tb.v";
    "./verilog/Project10_mini_CPU/src_mini_CPU/TOP_module/Pipeline_CPU.v";
    "./verilog/Project10_mini_CPU/src_mini_CPU/ALU/ALU.v";
    "./verilog/Project10_mini_CPU/src_mini_CPU/ALU/ALU_MUX.v";
    "./verilog/Project10_mini_CPU/src_mini_CPU/ALU/calculate_group.v";
    "./verilog/Project10_mini_CPU/src_mini_CPU/ALU/logical_group.v";
    "./verilog/Project10_mini_CPU/src_mini_CPU/ALU/shift_group.v";
    "./verilog/Project10_mini_CPU/src_mini_CPU/ALU/ALU_Control.v";
    "./verilog/Project10_mini_CPU/src_mini_CPU/MUX/ALUsrc_MUX.v";
    "./verilog/Project10_mini_CPU/src_mini_CPU/MUX/CPU_MUX.v";
    "./verilog/Project10_mini_CPU/src_mini_CPU/Register/Data_Memory.v";
    "./verilog/Project10_mini_CPU/src_mini_CPU/Register/Pipe_reg_1clk_control.v";
    "./verilog/Project10_mini_CPU/src_mini_CPU/Early_Jump_Unit.v";
    "./verilog/Project10_mini_CPU/src_mini_CPU/Hazard_Unit.v";
    "./verilog/Project10_mini_CPU/src_mini_CPU/Instruction_Memory.v";
    "./verilog/Project10_mini_CPU/src_mini_CPU/ImmGen.v";
    "./verilog/Project10_mini_CPU/src_mini_CPU/PC/PCSrc.v";
    "./verilog/Project10_mini_CPU/src_mini_CPU/PC/PC_Adder.v";
    "./verilog/Project10_mini_CPU/src_mini_CPU/MUX/PC_MUX.v";
    "./verilog/Project10_mini_CPU/src_mini_CPU/PC/PC_Target.v";
    "./verilog/Project10_mini_CPU/src_mini_CPU/PC/PC_reg.v";
    "./verilog/Project10_mini_CPU/src_mini_CPU/Register/Register_file.v";
    "./verilog/Project10_mini_CPU/src_mini_CPU/Main_Decoder.v";
