#! /c/Source/iverilog-install/bin/vvp
:ivl_version "12.0 (devel)" "(s20150603-1110-g18392a46)";
:ivl_delay_selection "TYPICAL";
:vpi_time_precision - 12;
:vpi_module "C:\iverilog\lib\ivl\system.vpi";
:vpi_module "C:\iverilog\lib\ivl\vhdl_sys.vpi";
:vpi_module "C:\iverilog\lib\ivl\vhdl_textio.vpi";
:vpi_module "C:\iverilog\lib\ivl\v2005_math.vpi";
:vpi_module "C:\iverilog\lib\ivl\va_math.vpi";
S_0000022c750cb180 .scope module, "FPU_MUL_tb" "FPU_MUL_tb" 2 2;
 .timescale -9 -12;
P_0000022c750e55d0 .param/l "W" 0 2 2, +C4<00000000000000000000000000100000>;
v0000022c754c2e00_0 .var "IN_A", 31 0;
v0000022c754c22c0_0 .var "IN_B", 31 0;
v0000022c754c2220_0 .net "OF", 0 0, L_0000022c754c25e0;  1 drivers
v0000022c754c27c0_0 .net "UF", 0 0, L_0000022c754c31c0;  1 drivers
v0000022c754c2ea0_0 .var "clk", 0 0;
v0000022c754c3b20_0 .var "reset", 0 0;
v0000022c754c2360_0 .net "result_out", 31 0, L_0000022c754c39e0;  1 drivers
S_0000022c750cb310 .scope module, "fmul" "FPU_MUL" 2 17, 3 2 0, S_0000022c750cb180;
 .timescale 0 0;
    .port_info 0 /INPUT 32 "IN_A";
    .port_info 1 /INPUT 32 "IN_B";
    .port_info 2 /INPUT 1 "clk";
    .port_info 3 /INPUT 1 "reset";
    .port_info 4 /OUTPUT 32 "result_out";
    .port_info 5 /OUTPUT 1 "OF";
    .port_info 6 /OUTPUT 1 "UF";
P_0000022c750e53d0 .param/l "W" 0 3 2, +C4<00000000000000000000000000100000>;
v0000022c75159d60_0 .net "IN_A", 31 0, v0000022c754c2e00_0;  1 drivers
v0000022c751588c0_0 .net "IN_B", 31 0, v0000022c754c22c0_0;  1 drivers
v0000022c75159f40_0 .net "OF", 0 0, L_0000022c754c25e0;  alias, 1 drivers
v0000022c75158960_0 .net "UF", 0 0, L_0000022c754c31c0;  alias, 1 drivers
L_0000022c754c44e0 .functor BUFT 1, C4<1>, C4<0>, C4<0>, C4<0>;
v0000022c75159220_0 .net/2u *"_ivl_0", 0 0, L_0000022c754c44e0;  1 drivers
L_0000022c754c4528 .functor BUFT 1, C4<1>, C4<0>, C4<0>, C4<0>;
v0000022c75159900_0 .net/2u *"_ivl_4", 0 0, L_0000022c754c4528;  1 drivers
v0000022c751595e0_0 .net "clk", 0 0, v0000022c754c2ea0_0;  1 drivers
v0000022c75159ea0_0 .net "reset", 0 0, v0000022c754c3b20_0;  1 drivers
v0000022c751599a0_0 .net "result_out", 31 0, L_0000022c754c39e0;  alias, 1 drivers
v0000022c75158be0_0 .net "s1_EXPO_A", 7 0, L_0000022c754c3d00;  1 drivers
v0000022c751581e0_0 .net "s1_EXPO_B", 7 0, L_0000022c754c3080;  1 drivers
v0000022c75158460_0 .net "s1_FRAC_A", 22 0, L_0000022c754c2cc0;  1 drivers
v0000022c75158c80_0 .net "s1_FRAC_B", 22 0, L_0000022c754c33a0;  1 drivers
v0000022c75158dc0_0 .net "s1_IN_A", 31 0, v0000022c75155120_0;  1 drivers
v0000022c75159a40_0 .net "s1_IN_B", 31 0, v0000022c75156c00_0;  1 drivers
v0000022c75158fa0_0 .net "s1_SIGN_A", 0 0, L_0000022c754c24a0;  1 drivers
v0000022c75159040_0 .net "s1_SIGN_B", 0 0, L_0000022c754c29a0;  1 drivers
v0000022c75158f00_0 .net "s2_EXPO_A", 7 0, v0000022c75154470_0;  1 drivers
v0000022c751583c0_0 .net "s2_EXPO_ADD", 8 0, L_0000022c754c2540;  1 drivers
v0000022c75159720_0 .net "s2_EXPO_B", 7 0, v0000022c75154bf0_0;  1 drivers
v0000022c75159400_0 .net "s2_FRAC_A", 22 0, v0000022c75155300_0;  1 drivers
v0000022c75159ae0_0 .net "s2_FRAC_B", 22 0, v0000022c75155580_0;  1 drivers
v0000022c751585a0_0 .net "s2_FRAC_mul", 47 0, L_0000022c754c3120;  1 drivers
v0000022c75159b80_0 .net "s2_SIGN", 0 0, L_0000022c750f3390;  1 drivers
v0000022c75159c20_0 .net "s2_SIGN_A", 0 0, v0000022c751567a0_0;  1 drivers
v0000022c75159cc0_0 .net "s2_SIGN_B", 0 0, v0000022c751568e0_0;  1 drivers
v0000022c75158e60_0 .net "s3_EXPO_ADD", 8 0, v0000022c75153930_0;  1 drivers
v0000022c75159e00_0 .net "s3_FRAC", 22 0, L_0000022c754c2900;  1 drivers
v0000022c751580a0_0 .net "s3_FRAC_mul", 47 0, v0000022c75156f20_0;  1 drivers
v0000022c75158140_0 .net "s3_SIGN", 0 0, v0000022c75156ac0_0;  1 drivers
v0000022c75158280_0 .net "s3_count", 0 0, v0000022c750df360_0;  1 drivers
v0000022c751590e0_0 .net "s3_round_carry", 0 0, L_0000022c754c38a0;  1 drivers
v0000022c75159180_0 .net "s4_EXPO", 7 0, v0000022c75154ab0_0;  1 drivers
v0000022c751594a0_0 .net "s4_EXPO_ADD", 8 0, v0000022c75154dd0_0;  1 drivers
v0000022c754c2400_0 .net "s4_FRAC", 22 0, v0000022c75155f80_0;  1 drivers
v0000022c754c3940_0 .net "s4_SIGN", 0 0, v0000022c75155440_0;  1 drivers
v0000022c754c36c0_0 .net "s4_count", 0 0, v0000022c751553a0_0;  1 drivers
v0000022c754c20e0_0 .net "s4_round_carry", 0 0, v0000022c75159540_0;  1 drivers
v0000022c754c2180_0 .net "s5_EXPO", 7 0, v0000022c75154330_0;  1 drivers
v0000022c754c2680_0 .net "s5_FRAC", 22 0, v0000022c751563e0_0;  1 drivers
v0000022c754c3f80_0 .net "s5_SIGN", 0 0, v0000022c75156d40_0;  1 drivers
L_0000022c754c2c20 .concat [ 23 1 0 0], v0000022c75155300_0, L_0000022c754c44e0;
L_0000022c754c3440 .concat [ 23 1 0 0], v0000022c75155580_0, L_0000022c754c4528;
S_0000022c750cb4a0 .scope module, "expo_add" "MUL_EXPO_ADD" 3 85, 4 1 0, S_0000022c750cb310;
 .timescale 0 0;
    .port_info 0 /INPUT 8 "EXPO_A";
    .port_info 1 /INPUT 8 "EXPO_B";
    .port_info 2 /OUTPUT 9 "EXPO_ADD";
v0000022c750eb550_0 .net "EXPO_A", 7 0, v0000022c75154470_0;  alias, 1 drivers
v0000022c750eab50_0 .net "EXPO_ADD", 8 0, L_0000022c754c2540;  alias, 1 drivers
v0000022c750eb7d0_0 .net "EXPO_B", 7 0, v0000022c75154bf0_0;  alias, 1 drivers
v0000022c750ec270_0 .net *"_ivl_0", 8 0, L_0000022c754c2f40;  1 drivers
L_0000022c754c40a8 .functor BUFT 1, C4<0>, C4<0>, C4<0>, C4<0>;
v0000022c750ec3b0_0 .net *"_ivl_3", 0 0, L_0000022c754c40a8;  1 drivers
v0000022c750eb410_0 .net *"_ivl_4", 8 0, L_0000022c754c34e0;  1 drivers
L_0000022c754c40f0 .functor BUFT 1, C4<0>, C4<0>, C4<0>, C4<0>;
v0000022c750eb0f0_0 .net *"_ivl_7", 0 0, L_0000022c754c40f0;  1 drivers
L_0000022c754c2f40 .concat [ 8 1 0 0], v0000022c75154470_0, L_0000022c754c40a8;
L_0000022c754c34e0 .concat [ 8 1 0 0], v0000022c75154bf0_0, L_0000022c754c40f0;
L_0000022c754c2540 .arith/sum 9, L_0000022c754c2f40, L_0000022c754c34e0;
S_0000022c750c1e50 .scope module, "final" "Exception_Handler" 3 130, 5 1 0, S_0000022c750cb310;
 .timescale 0 0;
    .port_info 0 /INPUT 1 "SIGN";
    .port_info 1 /INPUT 8 "EXPO";
    .port_info 2 /INPUT 23 "FRAC";
    .port_info 3 /OUTPUT 32 "result_out";
P_0000022c750e5a90 .param/l "W" 0 5 1, +C4<00000000000000000000000000100000>;
v0000022c750eae70_0 .net "EXPO", 7 0, v0000022c75154330_0;  alias, 1 drivers
v0000022c750eabf0_0 .net "FRAC", 22 0, v0000022c751563e0_0;  alias, 1 drivers
v0000022c750ec630_0 .net "SIGN", 0 0, v0000022c75156d40_0;  alias, 1 drivers
v0000022c750eba50_0 .net "result_out", 31 0, L_0000022c754c39e0;  alias, 1 drivers
L_0000022c754c39e0 .concat [ 23 8 1 0], v0000022c751563e0_0, v0000022c75154330_0, v0000022c75156d40_0;
S_0000022c750c1fe0 .scope module, "frac_mul" "Multiplier" 3 109, 6 1 0, S_0000022c750cb310;
 .timescale 0 0;
    .port_info 0 /INPUT 24 "FRAC_A";
    .port_info 1 /INPUT 24 "FRAC_B";
    .port_info 2 /OUTPUT 48 "FRAC_mul";
P_0000022c750e5d10 .param/l "W" 0 6 1, +C4<00000000000000000000000000110000>;
v0000022c750ebb90_0 .net "FRAC_A", 23 0, L_0000022c754c2c20;  1 drivers
v0000022c750ead30_0 .net "FRAC_B", 23 0, L_0000022c754c3440;  1 drivers
v0000022c750ec6d0_0 .net "FRAC_mul", 47 0, L_0000022c754c3120;  alias, 1 drivers
v0000022c750ec770_0 .net *"_ivl_0", 47 0, L_0000022c754c3300;  1 drivers
L_0000022c754c4450 .functor BUFT 1, C4<000000000000000000000000>, C4<0>, C4<0>, C4<0>;
v0000022c750eb5f0_0 .net *"_ivl_3", 23 0, L_0000022c754c4450;  1 drivers
v0000022c750eaa10_0 .net *"_ivl_4", 47 0, L_0000022c754c2fe0;  1 drivers
L_0000022c754c4498 .functor BUFT 1, C4<000000000000000000000000>, C4<0>, C4<0>, C4<0>;
v0000022c750eaf10_0 .net *"_ivl_7", 23 0, L_0000022c754c4498;  1 drivers
L_0000022c754c3300 .concat [ 24 24 0 0], L_0000022c754c2c20, L_0000022c754c4450;
L_0000022c754c2fe0 .concat [ 24 24 0 0], L_0000022c754c3440, L_0000022c754c4498;
L_0000022c754c3120 .arith/mult 48, L_0000022c754c3300, L_0000022c754c2fe0;
S_0000022c750c2170 .scope module, "frac_nor" "Normalization_MUL" 3 117, 7 1 0, S_0000022c750cb310;
 .timescale 0 0;
    .port_info 0 /INPUT 48 "FRAC_mul";
    .port_info 1 /OUTPUT 23 "FRAC_out";
    .port_info 2 /OUTPUT 1 "count";
    .port_info 3 /OUTPUT 1 "round_carry";
P_0000022c750e5e50 .param/l "W" 0 7 1, +C4<00000000000000000000000000110000>;
L_0000022c750f2c90 .functor OR 1, v0000022c750df540_0, v0000022c750dfb80_0, C4<0>, C4<0>;
L_0000022c750f3080 .functor AND 1, v0000022c750df4a0_0, L_0000022c750f2c90, C4<1>, C4<1>;
v0000022c750df400_0 .var "FRAC_etc", 22 0;
v0000022c750df5e0_0 .net "FRAC_mul", 47 0, v0000022c75156f20_0;  alias, 1 drivers
v0000022c750df040_0 .net "FRAC_out", 22 0, L_0000022c754c2900;  alias, 1 drivers
v0000022c750df4a0_0 .var "G", 0 0;
v0000022c750dfb80_0 .var "L", 0 0;
v0000022c750df540_0 .var "S", 0 0;
v0000022c750df680_0 .net *"_ivl_0", 23 0, L_0000022c754c2860;  1 drivers
v0000022c750dfd60_0 .net *"_ivl_10", 0 0, L_0000022c750f2c90;  1 drivers
L_0000022c754c4570 .functor BUFT 1, C4<0>, C4<0>, C4<0>, C4<0>;
v0000022c750df0e0_0 .net *"_ivl_3", 0 0, L_0000022c754c4570;  1 drivers
v0000022c750df2c0_0 .net *"_ivl_4", 23 0, L_0000022c754c2720;  1 drivers
L_0000022c754c45b8 .functor BUFT 1, C4<00000000000000000000000>, C4<0>, C4<0>, C4<0>;
v0000022c750df720_0 .net *"_ivl_7", 22 0, L_0000022c754c45b8;  1 drivers
v0000022c750df360_0 .var "count", 0 0;
v0000022c750df860_0 .net "round_carry", 0 0, L_0000022c754c38a0;  alias, 1 drivers
v0000022c750df7c0_0 .net "round_up", 0 0, L_0000022c750f3080;  1 drivers
v0000022c750dfc20_0 .net "rounded_FRAC", 23 0, L_0000022c754c2a40;  1 drivers
E_0000022c750e5ed0 .event anyedge, v0000022c750df5e0_0, v0000022c750df400_0;
L_0000022c754c2860 .concat [ 23 1 0 0], v0000022c750df400_0, L_0000022c754c4570;
L_0000022c754c2720 .concat [ 1 23 0 0], L_0000022c750f3080, L_0000022c754c45b8;
L_0000022c754c2a40 .arith/sum 24, L_0000022c754c2860, L_0000022c754c2720;
L_0000022c754c2900 .part L_0000022c754c2a40, 0, 23;
L_0000022c754c38a0 .part L_0000022c754c2a40, 23, 1;
S_0000022c750c00c0 .scope module, "mul_expo" "MUL_EXPO" 3 94, 8 1 0, S_0000022c750cb310;
 .timescale 0 0;
    .port_info 0 /INPUT 9 "EXPO_ADD";
    .port_info 1 /INPUT 1 "count";
    .port_info 2 /INPUT 1 "round_carry";
    .port_info 3 /OUTPUT 8 "EXPO";
    .port_info 4 /OUTPUT 1 "OF";
    .port_info 5 /OUTPUT 1 "UF";
L_0000022c754c4258 .functor BUFT 1, C4<0>, C4<0>, C4<0>, C4<0>;
L_0000022c750f2a60 .functor XNOR 1, L_0000022c754c3c60, L_0000022c754c4258, C4<0>, C4<0>;
L_0000022c750f26e0 .functor AND 1, L_0000022c750f2a60, L_0000022c754c2b80, C4<1>, C4<1>;
L_0000022c754c4378 .functor BUFT 1, C4<1>, C4<0>, C4<0>, C4<0>;
L_0000022c750f28a0 .functor XNOR 1, L_0000022c754c3da0, L_0000022c754c4378, C4<0>, C4<0>;
v0000022c75154ab0_0 .var "EXPO", 7 0;
v0000022c75154290_0 .net "EXPO_ADD", 8 0, v0000022c75154dd0_0;  alias, 1 drivers
v0000022c75153bb0_0 .net "EXPO_etc", 9 0, L_0000022c754c3bc0;  1 drivers
v0000022c751546f0_0 .net "OF", 0 0, L_0000022c754c25e0;  alias, 1 drivers
v0000022c75153610_0 .net "UF", 0 0, L_0000022c754c31c0;  alias, 1 drivers
L_0000022c754c4138 .functor BUFT 1, C4<0>, C4<0>, C4<0>, C4<0>;
v0000022c75153430_0 .net/2u *"_ivl_0", 0 0, L_0000022c754c4138;  1 drivers
L_0000022c754c41c8 .functor BUFT 1, C4<000000000>, C4<0>, C4<0>, C4<0>;
v0000022c75154650_0 .net *"_ivl_11", 8 0, L_0000022c754c41c8;  1 drivers
v0000022c751540b0_0 .net *"_ivl_12", 9 0, L_0000022c754c2ae0;  1 drivers
v0000022c751548d0_0 .net *"_ivl_14", 9 0, L_0000022c754c3260;  1 drivers
L_0000022c754c4210 .functor BUFT 1, C4<000000000>, C4<0>, C4<0>, C4<0>;
v0000022c75154790_0 .net *"_ivl_17", 8 0, L_0000022c754c4210;  1 drivers
v0000022c75154970_0 .net *"_ivl_2", 9 0, L_0000022c754c2d60;  1 drivers
v0000022c75154a10_0 .net *"_ivl_21", 0 0, L_0000022c754c3c60;  1 drivers
v0000022c75153390_0 .net/2u *"_ivl_22", 0 0, L_0000022c754c4258;  1 drivers
v0000022c75153070_0 .net *"_ivl_24", 0 0, L_0000022c750f2a60;  1 drivers
L_0000022c754c42a0 .functor BUFT 1, C4<0011111111>, C4<0>, C4<0>, C4<0>;
v0000022c75153f70_0 .net/2u *"_ivl_26", 9 0, L_0000022c754c42a0;  1 drivers
v0000022c75154e70_0 .net *"_ivl_28", 0 0, L_0000022c754c2b80;  1 drivers
v0000022c751534d0_0 .net *"_ivl_31", 0 0, L_0000022c750f26e0;  1 drivers
L_0000022c754c42e8 .functor BUFT 1, C4<1>, C4<0>, C4<0>, C4<0>;
v0000022c75153570_0 .net/2u *"_ivl_32", 0 0, L_0000022c754c42e8;  1 drivers
L_0000022c754c4330 .functor BUFT 1, C4<0>, C4<0>, C4<0>, C4<0>;
v0000022c75153a70_0 .net/2u *"_ivl_34", 0 0, L_0000022c754c4330;  1 drivers
v0000022c751536b0_0 .net *"_ivl_39", 0 0, L_0000022c754c3da0;  1 drivers
L_0000022c754c4180 .functor BUFT 1, C4<0001111111>, C4<0>, C4<0>, C4<0>;
v0000022c751541f0_0 .net/2u *"_ivl_4", 9 0, L_0000022c754c4180;  1 drivers
v0000022c75154150_0 .net/2u *"_ivl_40", 0 0, L_0000022c754c4378;  1 drivers
v0000022c75153110_0 .net *"_ivl_42", 0 0, L_0000022c750f28a0;  1 drivers
L_0000022c754c43c0 .functor BUFT 1, C4<1>, C4<0>, C4<0>, C4<0>;
v0000022c751537f0_0 .net/2u *"_ivl_44", 0 0, L_0000022c754c43c0;  1 drivers
L_0000022c754c4408 .functor BUFT 1, C4<0>, C4<0>, C4<0>, C4<0>;
v0000022c75153c50_0 .net/2u *"_ivl_46", 0 0, L_0000022c754c4408;  1 drivers
v0000022c751531b0_0 .net *"_ivl_6", 9 0, L_0000022c754c3a80;  1 drivers
v0000022c75153250_0 .net *"_ivl_8", 9 0, L_0000022c754c3800;  1 drivers
v0000022c75154f10_0 .net "count", 0 0, v0000022c751553a0_0;  alias, 1 drivers
v0000022c75153b10_0 .net "round_carry", 0 0, v0000022c75159540_0;  alias, 1 drivers
E_0000022c750e4290 .event anyedge, v0000022c751546f0_0, v0000022c75153610_0, v0000022c75153bb0_0;
L_0000022c754c2d60 .concat [ 9 1 0 0], v0000022c75154dd0_0, L_0000022c754c4138;
L_0000022c754c3a80 .arith/sub 10, L_0000022c754c2d60, L_0000022c754c4180;
L_0000022c754c3800 .concat [ 1 9 0 0], v0000022c751553a0_0, L_0000022c754c41c8;
L_0000022c754c2ae0 .arith/sum 10, L_0000022c754c3a80, L_0000022c754c3800;
L_0000022c754c3260 .concat [ 1 9 0 0], v0000022c75159540_0, L_0000022c754c4210;
L_0000022c754c3bc0 .arith/sum 10, L_0000022c754c2ae0, L_0000022c754c3260;
L_0000022c754c3c60 .part L_0000022c754c3bc0, 9, 1;
L_0000022c754c2b80 .cmp/ge 10, L_0000022c754c3bc0, L_0000022c754c42a0;
L_0000022c754c25e0 .functor MUXZ 1, L_0000022c754c4330, L_0000022c754c42e8, L_0000022c750f26e0, C4<>;
L_0000022c754c3da0 .part L_0000022c754c3bc0, 9, 1;
L_0000022c754c31c0 .functor MUXZ 1, L_0000022c754c4408, L_0000022c754c43c0, L_0000022c750f28a0, C4<>;
S_0000022c750c0360 .scope module, "reg_EXPO_ADD_s2_s3" "Pipe_reg_1clk" 3 91, 9 1 0, S_0000022c750cb310;
 .timescale 0 0;
    .port_info 0 /INPUT 9 "D";
    .port_info 1 /INPUT 1 "clk";
    .port_info 2 /INPUT 1 "reset";
    .port_info 3 /OUTPUT 9 "Q";
P_0000022c750e47d0 .param/l "W" 0 9 1, +C4<00000000000000000000000000001001>;
v0000022c751532f0_0 .net "D", 8 0, L_0000022c754c2540;  alias, 1 drivers
v0000022c75153930_0 .var "Q", 8 0;
v0000022c75154d30_0 .net "clk", 0 0, v0000022c754c2ea0_0;  alias, 1 drivers
v0000022c75153750_0 .net "reset", 0 0, v0000022c754c3b20_0;  alias, 1 drivers
E_0000022c750e4210 .event posedge, v0000022c75153750_0, v0000022c75154d30_0;
S_0000022c7517d950 .scope module, "reg_EXPO_ADD_s3_s4" "Pipe_reg_1clk" 3 92, 9 1 0, S_0000022c750cb310;
 .timescale 0 0;
    .port_info 0 /INPUT 9 "D";
    .port_info 1 /INPUT 1 "clk";
    .port_info 2 /INPUT 1 "reset";
    .port_info 3 /OUTPUT 9 "Q";
P_0000022c750afec0 .param/l "W" 0 9 1, +C4<00000000000000000000000000001001>;
v0000022c75153890_0 .net "D", 8 0, v0000022c75153930_0;  alias, 1 drivers
v0000022c75154dd0_0 .var "Q", 8 0;
v0000022c75154830_0 .net "clk", 0 0, v0000022c754c2ea0_0;  alias, 1 drivers
v0000022c75153cf0_0 .net "reset", 0 0, v0000022c754c3b20_0;  alias, 1 drivers
S_0000022c7517dae0 .scope module, "reg_EXPO_A_s1_s2" "Pipe_reg_1clk" 3 82, 9 1 0, S_0000022c750cb310;
 .timescale 0 0;
    .port_info 0 /INPUT 8 "D";
    .port_info 1 /INPUT 1 "clk";
    .port_info 2 /INPUT 1 "reset";
    .port_info 3 /OUTPUT 8 "Q";
P_0000022c750afe40 .param/l "W" 0 9 1, +C4<00000000000000000000000000001000>;
v0000022c751539d0_0 .net "D", 7 0, L_0000022c754c3d00;  alias, 1 drivers
v0000022c75154470_0 .var "Q", 7 0;
v0000022c75154b50_0 .net "clk", 0 0, v0000022c754c2ea0_0;  alias, 1 drivers
v0000022c75154c90_0 .net "reset", 0 0, v0000022c754c3b20_0;  alias, 1 drivers
S_0000022c7517dc70 .scope module, "reg_EXPO_B_s1_s2" "Pipe_reg_1clk" 3 83, 9 1 0, S_0000022c750cb310;
 .timescale 0 0;
    .port_info 0 /INPUT 8 "D";
    .port_info 1 /INPUT 1 "clk";
    .port_info 2 /INPUT 1 "reset";
    .port_info 3 /OUTPUT 8 "Q";
P_0000022c750aff00 .param/l "W" 0 9 1, +C4<00000000000000000000000000001000>;
v0000022c75153d90_0 .net "D", 7 0, L_0000022c754c3080;  alias, 1 drivers
v0000022c75154bf0_0 .var "Q", 7 0;
v0000022c75153e30_0 .net "clk", 0 0, v0000022c754c2ea0_0;  alias, 1 drivers
v0000022c75153ed0_0 .net "reset", 0 0, v0000022c754c3b20_0;  alias, 1 drivers
S_0000022c7517e9e0 .scope module, "reg_EXPO_s4_s5" "Pipe_reg_1clk" 3 103, 9 1 0, S_0000022c750cb310;
 .timescale 0 0;
    .port_info 0 /INPUT 8 "D";
    .port_info 1 /INPUT 1 "clk";
    .port_info 2 /INPUT 1 "reset";
    .port_info 3 /OUTPUT 8 "Q";
P_0000022c750b0180 .param/l "W" 0 9 1, +C4<00000000000000000000000000001000>;
v0000022c75154010_0 .net "D", 7 0, v0000022c75154ab0_0;  alias, 1 drivers
v0000022c75154330_0 .var "Q", 7 0;
v0000022c751543d0_0 .net "clk", 0 0, v0000022c754c2ea0_0;  alias, 1 drivers
v0000022c75154510_0 .net "reset", 0 0, v0000022c754c3b20_0;  alias, 1 drivers
S_0000022c7517eb70 .scope module, "reg_FRAC_A_s1_s2" "Pipe_reg_1clk" 3 106, 9 1 0, S_0000022c750cb310;
 .timescale 0 0;
    .port_info 0 /INPUT 23 "D";
    .port_info 1 /INPUT 1 "clk";
    .port_info 2 /INPUT 1 "reset";
    .port_info 3 /OUTPUT 23 "Q";
P_0000022c750af880 .param/l "W" 0 9 1, +C4<00000000000000000000000000010111>;
v0000022c751545b0_0 .net "D", 22 0, L_0000022c754c2cc0;  alias, 1 drivers
v0000022c75155300_0 .var "Q", 22 0;
v0000022c75156480_0 .net "clk", 0 0, v0000022c754c2ea0_0;  alias, 1 drivers
v0000022c75156de0_0 .net "reset", 0 0, v0000022c754c3b20_0;  alias, 1 drivers
S_0000022c7517ed00 .scope module, "reg_FRAC_B_s1_s2" "Pipe_reg_1clk" 3 107, 9 1 0, S_0000022c750cb310;
 .timescale 0 0;
    .port_info 0 /INPUT 23 "D";
    .port_info 1 /INPUT 1 "clk";
    .port_info 2 /INPUT 1 "reset";
    .port_info 3 /OUTPUT 23 "Q";
P_0000022c750af4c0 .param/l "W" 0 9 1, +C4<00000000000000000000000000010111>;
v0000022c75156b60_0 .net "D", 22 0, L_0000022c754c33a0;  alias, 1 drivers
v0000022c75155580_0 .var "Q", 22 0;
v0000022c75156520_0 .net "clk", 0 0, v0000022c754c2ea0_0;  alias, 1 drivers
v0000022c751565c0_0 .net "reset", 0 0, v0000022c754c3b20_0;  alias, 1 drivers
S_0000022c750a5a90 .scope module, "reg_FRAC_mul_s2_s3" "Pipe_reg_1clk" 3 115, 9 1 0, S_0000022c750cb310;
 .timescale 0 0;
    .port_info 0 /INPUT 48 "D";
    .port_info 1 /INPUT 1 "clk";
    .port_info 2 /INPUT 1 "reset";
    .port_info 3 /OUTPUT 48 "Q";
P_0000022c750af9c0 .param/l "W" 0 9 1, +C4<00000000000000000000000000110000>;
v0000022c75155620_0 .net "D", 47 0, L_0000022c754c3120;  alias, 1 drivers
v0000022c75156f20_0 .var "Q", 47 0;
v0000022c75156200_0 .net "clk", 0 0, v0000022c754c2ea0_0;  alias, 1 drivers
v0000022c75156340_0 .net "reset", 0 0, v0000022c754c3b20_0;  alias, 1 drivers
S_0000022c750a5c20 .scope module, "reg_FRAC_s3_s4" "Pipe_reg_1clk" 3 126, 9 1 0, S_0000022c750cb310;
 .timescale 0 0;
    .port_info 0 /INPUT 23 "D";
    .port_info 1 /INPUT 1 "clk";
    .port_info 2 /INPUT 1 "reset";
    .port_info 3 /OUTPUT 23 "Q";
P_0000022c750af940 .param/l "W" 0 9 1, +C4<00000000000000000000000000010111>;
v0000022c75155940_0 .net "D", 22 0, L_0000022c754c2900;  alias, 1 drivers
v0000022c75155f80_0 .var "Q", 22 0;
v0000022c75155e40_0 .net "clk", 0 0, v0000022c754c2ea0_0;  alias, 1 drivers
v0000022c751562a0_0 .net "reset", 0 0, v0000022c754c3b20_0;  alias, 1 drivers
S_0000022c750cc260 .scope module, "reg_FRAC_s4_s5" "Pipe_reg_1clk" 3 127, 9 1 0, S_0000022c750cb310;
 .timescale 0 0;
    .port_info 0 /INPUT 23 "D";
    .port_info 1 /INPUT 1 "clk";
    .port_info 2 /INPUT 1 "reset";
    .port_info 3 /OUTPUT 23 "Q";
P_0000022c750afcc0 .param/l "W" 0 9 1, +C4<00000000000000000000000000010111>;
v0000022c75155da0_0 .net "D", 22 0, v0000022c75155f80_0;  alias, 1 drivers
v0000022c751563e0_0 .var "Q", 22 0;
v0000022c751556c0_0 .net "clk", 0 0, v0000022c754c2ea0_0;  alias, 1 drivers
v0000022c75155a80_0 .net "reset", 0 0, v0000022c754c3b20_0;  alias, 1 drivers
S_0000022c75157860 .scope module, "reg_IN_A_s0_s1" "Pipe_reg_1clk" 3 51, 9 1 0, S_0000022c750cb310;
 .timescale 0 0;
    .port_info 0 /INPUT 32 "D";
    .port_info 1 /INPUT 1 "clk";
    .port_info 2 /INPUT 1 "reset";
    .port_info 3 /OUTPUT 32 "Q";
P_0000022c750aff40 .param/l "W" 0 9 1, +C4<00000000000000000000000000100000>;
v0000022c75155ee0_0 .net "D", 31 0, v0000022c754c2e00_0;  alias, 1 drivers
v0000022c75155120_0 .var "Q", 31 0;
v0000022c75156020_0 .net "clk", 0 0, v0000022c754c2ea0_0;  alias, 1 drivers
v0000022c75155760_0 .net "reset", 0 0, v0000022c754c3b20_0;  alias, 1 drivers
S_0000022c751579f0 .scope module, "reg_IN_B_s0_s1" "Pipe_reg_1clk" 3 52, 9 1 0, S_0000022c750cb310;
 .timescale 0 0;
    .port_info 0 /INPUT 32 "D";
    .port_info 1 /INPUT 1 "clk";
    .port_info 2 /INPUT 1 "reset";
    .port_info 3 /OUTPUT 32 "Q";
P_0000022c750b00c0 .param/l "W" 0 9 1, +C4<00000000000000000000000000100000>;
v0000022c75155800_0 .net "D", 31 0, v0000022c754c22c0_0;  alias, 1 drivers
v0000022c75156c00_0 .var "Q", 31 0;
v0000022c751560c0_0 .net "clk", 0 0, v0000022c754c2ea0_0;  alias, 1 drivers
v0000022c75156160_0 .net "reset", 0 0, v0000022c754c3b20_0;  alias, 1 drivers
S_0000022c75157ea0 .scope module, "reg_SIGN_A_s1_s2" "Pipe_reg_1clk" 3 68, 9 1 0, S_0000022c750cb310;
 .timescale 0 0;
    .port_info 0 /INPUT 1 "D";
    .port_info 1 /INPUT 1 "clk";
    .port_info 2 /INPUT 1 "reset";
    .port_info 3 /OUTPUT 1 "Q";
P_0000022c750b0200 .param/l "W" 0 9 1, +C4<00000000000000000000000000000001>;
v0000022c75156660_0 .net "D", 0 0, L_0000022c754c24a0;  alias, 1 drivers
v0000022c751567a0_0 .var "Q", 0 0;
v0000022c75156700_0 .net "clk", 0 0, v0000022c754c2ea0_0;  alias, 1 drivers
v0000022c75155bc0_0 .net "reset", 0 0, v0000022c754c3b20_0;  alias, 1 drivers
S_0000022c75157220 .scope module, "reg_SIGN_B_s1_s2" "Pipe_reg_1clk" 3 69, 9 1 0, S_0000022c750cb310;
 .timescale 0 0;
    .port_info 0 /INPUT 1 "D";
    .port_info 1 /INPUT 1 "clk";
    .port_info 2 /INPUT 1 "reset";
    .port_info 3 /OUTPUT 1 "Q";
P_0000022c750aff80 .param/l "W" 0 9 1, +C4<00000000000000000000000000000001>;
v0000022c75156a20_0 .net "D", 0 0, L_0000022c754c29a0;  alias, 1 drivers
v0000022c751568e0_0 .var "Q", 0 0;
v0000022c75156840_0 .net "clk", 0 0, v0000022c754c2ea0_0;  alias, 1 drivers
v0000022c75156980_0 .net "reset", 0 0, v0000022c754c3b20_0;  alias, 1 drivers
S_0000022c75157b80 .scope module, "reg_SIGN_s2_s3" "Pipe_reg_1clk" 3 77, 9 1 0, S_0000022c750cb310;
 .timescale 0 0;
    .port_info 0 /INPUT 1 "D";
    .port_info 1 /INPUT 1 "clk";
    .port_info 2 /INPUT 1 "reset";
    .port_info 3 /OUTPUT 1 "Q";
P_0000022c750af500 .param/l "W" 0 9 1, +C4<00000000000000000000000000000001>;
v0000022c75156e80_0 .net "D", 0 0, L_0000022c750f3390;  alias, 1 drivers
v0000022c75156ac0_0 .var "Q", 0 0;
v0000022c751559e0_0 .net "clk", 0 0, v0000022c754c2ea0_0;  alias, 1 drivers
v0000022c75156ca0_0 .net "reset", 0 0, v0000022c754c3b20_0;  alias, 1 drivers
S_0000022c75157d10 .scope module, "reg_SIGN_s3_s4" "Pipe_reg_1clk" 3 78, 9 1 0, S_0000022c750cb310;
 .timescale 0 0;
    .port_info 0 /INPUT 1 "D";
    .port_info 1 /INPUT 1 "clk";
    .port_info 2 /INPUT 1 "reset";
    .port_info 3 /OUTPUT 1 "Q";
P_0000022c750af6c0 .param/l "W" 0 9 1, +C4<00000000000000000000000000000001>;
v0000022c751554e0_0 .net "D", 0 0, v0000022c75156ac0_0;  alias, 1 drivers
v0000022c75155440_0 .var "Q", 0 0;
v0000022c75155b20_0 .net "clk", 0 0, v0000022c754c2ea0_0;  alias, 1 drivers
v0000022c75155080_0 .net "reset", 0 0, v0000022c754c3b20_0;  alias, 1 drivers
S_0000022c75157090 .scope module, "reg_SIGN_s4_s5" "Pipe_reg_1clk" 3 79, 9 1 0, S_0000022c750cb310;
 .timescale 0 0;
    .port_info 0 /INPUT 1 "D";
    .port_info 1 /INPUT 1 "clk";
    .port_info 2 /INPUT 1 "reset";
    .port_info 3 /OUTPUT 1 "Q";
P_0000022c750afd40 .param/l "W" 0 9 1, +C4<00000000000000000000000000000001>;
v0000022c751558a0_0 .net "D", 0 0, v0000022c75155440_0;  alias, 1 drivers
v0000022c75156d40_0 .var "Q", 0 0;
v0000022c751551c0_0 .net "clk", 0 0, v0000022c754c2ea0_0;  alias, 1 drivers
v0000022c75155260_0 .net "reset", 0 0, v0000022c754c3b20_0;  alias, 1 drivers
S_0000022c751573b0 .scope module, "reg_count_s3_s4" "Pipe_reg_1clk" 3 124, 9 1 0, S_0000022c750cb310;
 .timescale 0 0;
    .port_info 0 /INPUT 1 "D";
    .port_info 1 /INPUT 1 "clk";
    .port_info 2 /INPUT 1 "reset";
    .port_info 3 /OUTPUT 1 "Q";
P_0000022c750b0380 .param/l "W" 0 9 1, +C4<00000000000000000000000000000001>;
v0000022c75155c60_0 .net "D", 0 0, v0000022c750df360_0;  alias, 1 drivers
v0000022c751553a0_0 .var "Q", 0 0;
v0000022c75155d00_0 .net "clk", 0 0, v0000022c754c2ea0_0;  alias, 1 drivers
v0000022c751586e0_0 .net "reset", 0 0, v0000022c754c3b20_0;  alias, 1 drivers
S_0000022c751576d0 .scope module, "reg_round_carry_s3_s4" "Pipe_reg_1clk" 3 125, 9 1 0, S_0000022c750cb310;
 .timescale 0 0;
    .port_info 0 /INPUT 1 "D";
    .port_info 1 /INPUT 1 "clk";
    .port_info 2 /INPUT 1 "reset";
    .port_info 3 /OUTPUT 1 "Q";
P_0000022c750b0300 .param/l "W" 0 9 1, +C4<00000000000000000000000000000001>;
v0000022c75158aa0_0 .net "D", 0 0, L_0000022c754c38a0;  alias, 1 drivers
v0000022c75159540_0 .var "Q", 0 0;
v0000022c75159860_0 .net "clk", 0 0, v0000022c754c2ea0_0;  alias, 1 drivers
v0000022c751592c0_0 .net "reset", 0 0, v0000022c754c3b20_0;  alias, 1 drivers
S_0000022c75157540 .scope module, "sign_cal" "MUL_SIGN" 3 71, 10 1 0, S_0000022c750cb310;
 .timescale 0 0;
    .port_info 0 /INPUT 1 "SIGN_A";
    .port_info 1 /INPUT 1 "SIGN_B";
    .port_info 2 /OUTPUT 1 "SIGN";
L_0000022c750f3390 .functor XOR 1, v0000022c751567a0_0, v0000022c751568e0_0, C4<0>, C4<0>;
v0000022c75158a00_0 .net "SIGN", 0 0, L_0000022c750f3390;  alias, 1 drivers
v0000022c75158d20_0 .net "SIGN_A", 0 0, v0000022c751567a0_0;  alias, 1 drivers
v0000022c751597c0_0 .net "SIGN_B", 0 0, v0000022c751568e0_0;  alias, 1 drivers
S_0000022c7515d6a0 .scope module, "unpack_A_s1" "FPU_unpack" 3 54, 11 1 0, S_0000022c750cb310;
 .timescale 0 0;
    .port_info 0 /INPUT 32 "IN";
    .port_info 1 /OUTPUT 1 "SIGN";
    .port_info 2 /OUTPUT 8 "EXPO";
    .port_info 3 /OUTPUT 23 "FRAC";
P_0000022c750af8c0 .param/l "W" 0 11 1, +C4<00000000000000000000000000100000>;
v0000022c75158780_0 .net "EXPO", 7 0, L_0000022c754c3d00;  alias, 1 drivers
v0000022c75158640_0 .net "FRAC", 22 0, L_0000022c754c2cc0;  alias, 1 drivers
v0000022c75158320_0 .net "IN", 31 0, v0000022c75155120_0;  alias, 1 drivers
v0000022c75159680_0 .net "SIGN", 0 0, L_0000022c754c24a0;  alias, 1 drivers
L_0000022c754c24a0 .part v0000022c75155120_0, 31, 1;
L_0000022c754c3d00 .part v0000022c75155120_0, 23, 8;
L_0000022c754c2cc0 .part v0000022c75155120_0, 0, 23;
S_0000022c7515de70 .scope module, "unpack_B_s1" "FPU_unpack" 3 60, 11 1 0, S_0000022c750cb310;
 .timescale 0 0;
    .port_info 0 /INPUT 32 "IN";
    .port_info 1 /OUTPUT 1 "SIGN";
    .port_info 2 /OUTPUT 8 "EXPO";
    .port_info 3 /OUTPUT 23 "FRAC";
P_0000022c750b0240 .param/l "W" 0 11 1, +C4<00000000000000000000000000100000>;
v0000022c75158b40_0 .net "EXPO", 7 0, L_0000022c754c3080;  alias, 1 drivers
v0000022c75158820_0 .net "FRAC", 22 0, L_0000022c754c33a0;  alias, 1 drivers
v0000022c75158500_0 .net "IN", 31 0, v0000022c75156c00_0;  alias, 1 drivers
v0000022c75159360_0 .net "SIGN", 0 0, L_0000022c754c29a0;  alias, 1 drivers
L_0000022c754c29a0 .part v0000022c75156c00_0, 31, 1;
L_0000022c754c3080 .part v0000022c75156c00_0, 23, 8;
L_0000022c754c33a0 .part v0000022c75156c00_0, 0, 23;
    .scope S_0000022c75157860;
T_0 ;
    %wait E_0000022c750e4210;
    %load/vec4 v0000022c75155760_0;
    %flag_set/vec4 8;
    %jmp/0xz  T_0.0, 8;
    %pushi/vec4 0, 0, 32;
    %assign/vec4 v0000022c75155120_0, 0;
    %jmp T_0.1;
T_0.0 ;
    %load/vec4 v0000022c75155ee0_0;
    %assign/vec4 v0000022c75155120_0, 0;
T_0.1 ;
    %jmp T_0;
    .thread T_0;
    .scope S_0000022c751579f0;
T_1 ;
    %wait E_0000022c750e4210;
    %load/vec4 v0000022c75156160_0;
    %flag_set/vec4 8;
    %jmp/0xz  T_1.0, 8;
    %pushi/vec4 0, 0, 32;
    %assign/vec4 v0000022c75156c00_0, 0;
    %jmp T_1.1;
T_1.0 ;
    %load/vec4 v0000022c75155800_0;
    %assign/vec4 v0000022c75156c00_0, 0;
T_1.1 ;
    %jmp T_1;
    .thread T_1;
    .scope S_0000022c75157ea0;
T_2 ;
    %wait E_0000022c750e4210;
    %load/vec4 v0000022c75155bc0_0;
    %flag_set/vec4 8;
    %jmp/0xz  T_2.0, 8;
    %pushi/vec4 0, 0, 1;
    %assign/vec4 v0000022c751567a0_0, 0;
    %jmp T_2.1;
T_2.0 ;
    %load/vec4 v0000022c75156660_0;
    %assign/vec4 v0000022c751567a0_0, 0;
T_2.1 ;
    %jmp T_2;
    .thread T_2;
    .scope S_0000022c75157220;
T_3 ;
    %wait E_0000022c750e4210;
    %load/vec4 v0000022c75156980_0;
    %flag_set/vec4 8;
    %jmp/0xz  T_3.0, 8;
    %pushi/vec4 0, 0, 1;
    %assign/vec4 v0000022c751568e0_0, 0;
    %jmp T_3.1;
T_3.0 ;
    %load/vec4 v0000022c75156a20_0;
    %assign/vec4 v0000022c751568e0_0, 0;
T_3.1 ;
    %jmp T_3;
    .thread T_3;
    .scope S_0000022c75157b80;
T_4 ;
    %wait E_0000022c750e4210;
    %load/vec4 v0000022c75156ca0_0;
    %flag_set/vec4 8;
    %jmp/0xz  T_4.0, 8;
    %pushi/vec4 0, 0, 1;
    %assign/vec4 v0000022c75156ac0_0, 0;
    %jmp T_4.1;
T_4.0 ;
    %load/vec4 v0000022c75156e80_0;
    %assign/vec4 v0000022c75156ac0_0, 0;
T_4.1 ;
    %jmp T_4;
    .thread T_4;
    .scope S_0000022c75157d10;
T_5 ;
    %wait E_0000022c750e4210;
    %load/vec4 v0000022c75155080_0;
    %flag_set/vec4 8;
    %jmp/0xz  T_5.0, 8;
    %pushi/vec4 0, 0, 1;
    %assign/vec4 v0000022c75155440_0, 0;
    %jmp T_5.1;
T_5.0 ;
    %load/vec4 v0000022c751554e0_0;
    %assign/vec4 v0000022c75155440_0, 0;
T_5.1 ;
    %jmp T_5;
    .thread T_5;
    .scope S_0000022c75157090;
T_6 ;
    %wait E_0000022c750e4210;
    %load/vec4 v0000022c75155260_0;
    %flag_set/vec4 8;
    %jmp/0xz  T_6.0, 8;
    %pushi/vec4 0, 0, 1;
    %assign/vec4 v0000022c75156d40_0, 0;
    %jmp T_6.1;
T_6.0 ;
    %load/vec4 v0000022c751558a0_0;
    %assign/vec4 v0000022c75156d40_0, 0;
T_6.1 ;
    %jmp T_6;
    .thread T_6;
    .scope S_0000022c7517dae0;
T_7 ;
    %wait E_0000022c750e4210;
    %load/vec4 v0000022c75154c90_0;
    %flag_set/vec4 8;
    %jmp/0xz  T_7.0, 8;
    %pushi/vec4 0, 0, 8;
    %assign/vec4 v0000022c75154470_0, 0;
    %jmp T_7.1;
T_7.0 ;
    %load/vec4 v0000022c751539d0_0;
    %assign/vec4 v0000022c75154470_0, 0;
T_7.1 ;
    %jmp T_7;
    .thread T_7;
    .scope S_0000022c7517dc70;
T_8 ;
    %wait E_0000022c750e4210;
    %load/vec4 v0000022c75153ed0_0;
    %flag_set/vec4 8;
    %jmp/0xz  T_8.0, 8;
    %pushi/vec4 0, 0, 8;
    %assign/vec4 v0000022c75154bf0_0, 0;
    %jmp T_8.1;
T_8.0 ;
    %load/vec4 v0000022c75153d90_0;
    %assign/vec4 v0000022c75154bf0_0, 0;
T_8.1 ;
    %jmp T_8;
    .thread T_8;
    .scope S_0000022c750c0360;
T_9 ;
    %wait E_0000022c750e4210;
    %load/vec4 v0000022c75153750_0;
    %flag_set/vec4 8;
    %jmp/0xz  T_9.0, 8;
    %pushi/vec4 0, 0, 9;
    %assign/vec4 v0000022c75153930_0, 0;
    %jmp T_9.1;
T_9.0 ;
    %load/vec4 v0000022c751532f0_0;
    %assign/vec4 v0000022c75153930_0, 0;
T_9.1 ;
    %jmp T_9;
    .thread T_9;
    .scope S_0000022c7517d950;
T_10 ;
    %wait E_0000022c750e4210;
    %load/vec4 v0000022c75153cf0_0;
    %flag_set/vec4 8;
    %jmp/0xz  T_10.0, 8;
    %pushi/vec4 0, 0, 9;
    %assign/vec4 v0000022c75154dd0_0, 0;
    %jmp T_10.1;
T_10.0 ;
    %load/vec4 v0000022c75153890_0;
    %assign/vec4 v0000022c75154dd0_0, 0;
T_10.1 ;
    %jmp T_10;
    .thread T_10;
    .scope S_0000022c750c00c0;
T_11 ;
    %wait E_0000022c750e4290;
    %load/vec4 v0000022c751546f0_0;
    %flag_set/vec4 8;
    %jmp/0xz  T_11.0, 8;
    %pushi/vec4 255, 0, 8;
    %store/vec4 v0000022c75154ab0_0, 0, 8;
    %jmp T_11.1;
T_11.0 ;
    %load/vec4 v0000022c75153610_0;
    %flag_set/vec4 8;
    %jmp/0xz  T_11.2, 8;
    %pushi/vec4 0, 0, 8;
    %store/vec4 v0000022c75154ab0_0, 0, 8;
    %jmp T_11.3;
T_11.2 ;
    %load/vec4 v0000022c75153bb0_0;
    %parti/s 8, 0, 2;
    %store/vec4 v0000022c75154ab0_0, 0, 8;
T_11.3 ;
T_11.1 ;
    %jmp T_11;
    .thread T_11, $push;
    .scope S_0000022c7517e9e0;
T_12 ;
    %wait E_0000022c750e4210;
    %load/vec4 v0000022c75154510_0;
    %flag_set/vec4 8;
    %jmp/0xz  T_12.0, 8;
    %pushi/vec4 0, 0, 8;
    %assign/vec4 v0000022c75154330_0, 0;
    %jmp T_12.1;
T_12.0 ;
    %load/vec4 v0000022c75154010_0;
    %assign/vec4 v0000022c75154330_0, 0;
T_12.1 ;
    %jmp T_12;
    .thread T_12;
    .scope S_0000022c7517eb70;
T_13 ;
    %wait E_0000022c750e4210;
    %load/vec4 v0000022c75156de0_0;
    %flag_set/vec4 8;
    %jmp/0xz  T_13.0, 8;
    %pushi/vec4 0, 0, 23;
    %assign/vec4 v0000022c75155300_0, 0;
    %jmp T_13.1;
T_13.0 ;
    %load/vec4 v0000022c751545b0_0;
    %assign/vec4 v0000022c75155300_0, 0;
T_13.1 ;
    %jmp T_13;
    .thread T_13;
    .scope S_0000022c7517ed00;
T_14 ;
    %wait E_0000022c750e4210;
    %load/vec4 v0000022c751565c0_0;
    %flag_set/vec4 8;
    %jmp/0xz  T_14.0, 8;
    %pushi/vec4 0, 0, 23;
    %assign/vec4 v0000022c75155580_0, 0;
    %jmp T_14.1;
T_14.0 ;
    %load/vec4 v0000022c75156b60_0;
    %assign/vec4 v0000022c75155580_0, 0;
T_14.1 ;
    %jmp T_14;
    .thread T_14;
    .scope S_0000022c750a5a90;
T_15 ;
    %wait E_0000022c750e4210;
    %load/vec4 v0000022c75156340_0;
    %flag_set/vec4 8;
    %jmp/0xz  T_15.0, 8;
    %pushi/vec4 0, 0, 48;
    %assign/vec4 v0000022c75156f20_0, 0;
    %jmp T_15.1;
T_15.0 ;
    %load/vec4 v0000022c75155620_0;
    %assign/vec4 v0000022c75156f20_0, 0;
T_15.1 ;
    %jmp T_15;
    .thread T_15;
    .scope S_0000022c750c2170;
T_16 ;
    %wait E_0000022c750e5ed0;
    %load/vec4 v0000022c750df5e0_0;
    %parti/s 1, 47, 7;
    %cmpi/e 1, 0, 1;
    %jmp/0xz  T_16.0, 4;
    %load/vec4 v0000022c750df5e0_0;
    %parti/s 23, 24, 6;
    %store/vec4 v0000022c750df400_0, 0, 23;
    %pushi/vec4 1, 0, 1;
    %store/vec4 v0000022c750df360_0, 0, 1;
    %load/vec4 v0000022c750df400_0;
    %parti/s 1, 0, 2;
    %store/vec4 v0000022c750dfb80_0, 0, 1;
    %load/vec4 v0000022c750df5e0_0;
    %parti/s 1, 23, 6;
    %store/vec4 v0000022c750df4a0_0, 0, 1;
    %load/vec4 v0000022c750df5e0_0;
    %parti/s 23, 0, 2;
    %or/r;
    %store/vec4 v0000022c750df540_0, 0, 1;
    %jmp T_16.1;
T_16.0 ;
    %load/vec4 v0000022c750df5e0_0;
    %parti/s 23, 23, 6;
    %store/vec4 v0000022c750df400_0, 0, 23;
    %pushi/vec4 0, 0, 1;
    %store/vec4 v0000022c750df360_0, 0, 1;
    %load/vec4 v0000022c750df400_0;
    %parti/s 1, 0, 2;
    %store/vec4 v0000022c750dfb80_0, 0, 1;
    %load/vec4 v0000022c750df5e0_0;
    %parti/s 1, 22, 6;
    %store/vec4 v0000022c750df4a0_0, 0, 1;
    %load/vec4 v0000022c750df5e0_0;
    %parti/s 22, 0, 2;
    %or/r;
    %store/vec4 v0000022c750df540_0, 0, 1;
T_16.1 ;
    %jmp T_16;
    .thread T_16, $push;
    .scope S_0000022c751573b0;
T_17 ;
    %wait E_0000022c750e4210;
    %load/vec4 v0000022c751586e0_0;
    %flag_set/vec4 8;
    %jmp/0xz  T_17.0, 8;
    %pushi/vec4 0, 0, 1;
    %assign/vec4 v0000022c751553a0_0, 0;
    %jmp T_17.1;
T_17.0 ;
    %load/vec4 v0000022c75155c60_0;
    %assign/vec4 v0000022c751553a0_0, 0;
T_17.1 ;
    %jmp T_17;
    .thread T_17;
    .scope S_0000022c751576d0;
T_18 ;
    %wait E_0000022c750e4210;
    %load/vec4 v0000022c751592c0_0;
    %flag_set/vec4 8;
    %jmp/0xz  T_18.0, 8;
    %pushi/vec4 0, 0, 1;
    %assign/vec4 v0000022c75159540_0, 0;
    %jmp T_18.1;
T_18.0 ;
    %load/vec4 v0000022c75158aa0_0;
    %assign/vec4 v0000022c75159540_0, 0;
T_18.1 ;
    %jmp T_18;
    .thread T_18;
    .scope S_0000022c750a5c20;
T_19 ;
    %wait E_0000022c750e4210;
    %load/vec4 v0000022c751562a0_0;
    %flag_set/vec4 8;
    %jmp/0xz  T_19.0, 8;
    %pushi/vec4 0, 0, 23;
    %assign/vec4 v0000022c75155f80_0, 0;
    %jmp T_19.1;
T_19.0 ;
    %load/vec4 v0000022c75155940_0;
    %assign/vec4 v0000022c75155f80_0, 0;
T_19.1 ;
    %jmp T_19;
    .thread T_19;
    .scope S_0000022c750cc260;
T_20 ;
    %wait E_0000022c750e4210;
    %load/vec4 v0000022c75155a80_0;
    %flag_set/vec4 8;
    %jmp/0xz  T_20.0, 8;
    %pushi/vec4 0, 0, 23;
    %assign/vec4 v0000022c751563e0_0, 0;
    %jmp T_20.1;
T_20.0 ;
    %load/vec4 v0000022c75155da0_0;
    %assign/vec4 v0000022c751563e0_0, 0;
T_20.1 ;
    %jmp T_20;
    .thread T_20;
    .scope S_0000022c750cb180;
T_21 ;
    %delay 5000, 0;
    %load/vec4 v0000022c754c2ea0_0;
    %inv;
    %store/vec4 v0000022c754c2ea0_0, 0, 1;
    %jmp T_21;
    .thread T_21;
    .scope S_0000022c750cb180;
T_22 ;
    %vpi_call 2 11 "$dumpfile", "FPU.vcd" {0 0 0};
    %vpi_call 2 12 "$dumpvars", 32'sb00000000000000000000000000000000, S_0000022c750cb180 {0 0 0};
    %vpi_call 2 14 "$monitor", "Time: %0t ns | Reset: %b | IN_A: %h | IN_B: %h || OUT: %h | OF: %b | UF: %b", $time, v0000022c754c3b20_0, v0000022c754c2e00_0, v0000022c754c22c0_0, v0000022c754c2360_0, v0000022c754c2220_0, v0000022c754c27c0_0 {0 0 0};
    %end;
    .thread T_22;
    .scope S_0000022c750cb180;
T_23 ;
    %pushi/vec4 0, 0, 1;
    %store/vec4 v0000022c754c2ea0_0, 0, 1;
    %pushi/vec4 1, 0, 1;
    %store/vec4 v0000022c754c3b20_0, 0, 1;
    %pushi/vec4 0, 0, 32;
    %store/vec4 v0000022c754c2e00_0, 0, 32;
    %pushi/vec4 0, 0, 32;
    %store/vec4 v0000022c754c22c0_0, 0, 32;
    %delay 11000, 0;
    %pushi/vec4 0, 0, 1;
    %store/vec4 v0000022c754c3b20_0, 0, 1;
    %pushi/vec4 1069547520, 0, 32;
    %store/vec4 v0000022c754c2e00_0, 0, 32;
    %pushi/vec4 1073741824, 0, 32;
    %store/vec4 v0000022c754c22c0_0, 0, 32;
    %delay 150000, 0;
    %vpi_call 2 40 "$finish" {0 0 0};
    %end;
    .thread T_23;
# The file index is used to find the file name in the following table.
:file_names 12;
    "N/A";
    "<interactive>";
    "./verilog/Project10_mini_CPU/tb/FPU_MUL_tb.v";
    "./verilog/Project10_mini_CPU/src_mini_CPU/FPU_MUL.v";
    "./verilog/Project10_mini_CPU/src_mini_CPU/MUL_EXPO_ADD.v";
    "./verilog/Project10_mini_CPU/src_mini_CPU/Exception_Handler.v";
    "./verilog/Project10_mini_CPU/src_mini_CPU/Multiplier.v";
    "./verilog/Project10_mini_CPU/src_mini_CPU/Normalization_MUL.v";
    "./verilog/Project10_mini_CPU/src_mini_CPU/MUL_EXPO.v";
    "./verilog/Project10_mini_CPU/src_mini_CPU/Pipe_reg_1clk.v";
    "./verilog/Project10_mini_CPU/src_mini_CPU/MUL_SIGN.v";
    "./verilog/Project10_mini_CPU/src_mini_CPU/FPU_unpack.v";
