#! /c/Source/iverilog-install/bin/vvp
:ivl_version "12.0 (devel)" "(s20150603-1110-g18392a46)";
:ivl_delay_selection "TYPICAL";
:vpi_time_precision + 0;
:vpi_module "C:\iverilog\lib\ivl\system.vpi";
:vpi_module "C:\iverilog\lib\ivl\vhdl_sys.vpi";
:vpi_module "C:\iverilog\lib\ivl\vhdl_textio.vpi";
:vpi_module "C:\iverilog\lib\ivl\v2005_math.vpi";
:vpi_module "C:\iverilog\lib\ivl\va_math.vpi";
S_000001a8596abb60 .scope module, "LZD_tb" "LZD_tb" 2 1;
 .timescale 0 0;
P_000001a8596948a0 .param/l "W" 0 2 1, +C4<00000000000000000000000001000000>;
v000001a8596a3fd0_0 .var "Cout", 0 0;
v000001a8596a4070_0 .var "Sum", 47 0;
v000001a8596a4110_0 .net "all_zero", 0 0, v000001a8596abe80_0;  1 drivers
v000001a8596a41b0_0 .net "count", 5 0, v000001a8596abf20_0;  1 drivers
S_000001a8596abcf0 .scope module, "uut0" "LZD" 2 12, 3 1 0, S_000001a8596abb60;
 .timescale 0 0;
    .port_info 0 /INPUT 48 "Sum";
    .port_info 1 /INPUT 1 "Cout";
    .port_info 2 /OUTPUT 6 "count";
    .port_info 3 /OUTPUT 1 "all_zero";
P_000001a859695220 .param/l "W" 0 3 1, +C4<00000000000000000000000001000000>;
v000001a8596731c0_0 .net "Cout", 0 0, v000001a8596a3fd0_0;  1 drivers
v000001a859672e50_0 .net "SUM", 63 0, L_000001a8596a4250;  1 drivers
v000001a8594dbe80_0 .net "Sum", 47 0, v000001a8596a4070_0;  1 drivers
L_000001a8596fbfe8 .functor BUFT 1, C4<000000000000000>, C4<0>, C4<0>, C4<0>;
v000001a859672c80_0 .net/2u *"_ivl_0", 14 0, L_000001a8596fbfe8;  1 drivers
v000001a8596abe80_0 .var "all_zero", 0 0;
v000001a8596abf20_0 .var "count", 5 0;
v000001a8596a3f30_0 .var "temp", 63 0;
E_000001a859694a20 .event anyedge, v000001a859672e50_0, v000001a8596a3f30_0;
L_000001a8596a4250 .concat [ 15 48 1 0], L_000001a8596fbfe8, v000001a8596a4070_0, v000001a8596a3fd0_0;
    .scope S_000001a8596abcf0;
T_0 ;
    %wait E_000001a859694a20;
    %load/vec4 v000001a859672e50_0;
    %store/vec4 v000001a8596a3f30_0, 0, 64;
    %pushi/vec4 0, 0, 6;
    %store/vec4 v000001a8596abf20_0, 0, 6;
    %pushi/vec4 0, 0, 1;
    %store/vec4 v000001a8596abe80_0, 0, 1;
    %load/vec4 v000001a8596a3f30_0;
    %cmpi/e 0, 0, 64;
    %jmp/0xz  T_0.0, 4;
    %pushi/vec4 1, 0, 1;
    %store/vec4 v000001a8596abe80_0, 0, 1;
    %pushi/vec4 0, 0, 6;
    %store/vec4 v000001a8596abf20_0, 0, 6;
    %jmp T_0.1;
T_0.0 ;
    %load/vec4 v000001a8596a3f30_0;
    %parti/s 32, 32, 7;
    %cmpi/e 0, 0, 32;
    %jmp/0xz  T_0.2, 4;
    %pushi/vec4 1, 0, 1;
    %ix/load 4, 5, 0;
    %flag_set/imm 4, 0;
    %store/vec4 v000001a8596abf20_0, 4, 1;
    %load/vec4 v000001a8596a3f30_0;
    %ix/load 4, 32, 0;
    %flag_set/imm 4, 0;
    %shiftl 4;
    %store/vec4 v000001a8596a3f30_0, 0, 64;
T_0.2 ;
    %load/vec4 v000001a8596a3f30_0;
    %parti/s 16, 48, 7;
    %cmpi/e 0, 0, 16;
    %jmp/0xz  T_0.4, 4;
    %pushi/vec4 1, 0, 1;
    %ix/load 4, 4, 0;
    %flag_set/imm 4, 0;
    %store/vec4 v000001a8596abf20_0, 4, 1;
    %load/vec4 v000001a8596a3f30_0;
    %ix/load 4, 16, 0;
    %flag_set/imm 4, 0;
    %shiftl 4;
    %store/vec4 v000001a8596a3f30_0, 0, 64;
T_0.4 ;
    %load/vec4 v000001a8596a3f30_0;
    %parti/s 8, 56, 7;
    %cmpi/e 0, 0, 8;
    %jmp/0xz  T_0.6, 4;
    %pushi/vec4 1, 0, 1;
    %ix/load 4, 3, 0;
    %flag_set/imm 4, 0;
    %store/vec4 v000001a8596abf20_0, 4, 1;
    %load/vec4 v000001a8596a3f30_0;
    %ix/load 4, 8, 0;
    %flag_set/imm 4, 0;
    %shiftl 4;
    %store/vec4 v000001a8596a3f30_0, 0, 64;
T_0.6 ;
    %load/vec4 v000001a8596a3f30_0;
    %parti/s 4, 60, 7;
    %cmpi/e 0, 0, 4;
    %jmp/0xz  T_0.8, 4;
    %pushi/vec4 1, 0, 1;
    %ix/load 4, 2, 0;
    %flag_set/imm 4, 0;
    %store/vec4 v000001a8596abf20_0, 4, 1;
    %load/vec4 v000001a8596a3f30_0;
    %ix/load 4, 4, 0;
    %flag_set/imm 4, 0;
    %shiftl 4;
    %store/vec4 v000001a8596a3f30_0, 0, 64;
T_0.8 ;
    %load/vec4 v000001a8596a3f30_0;
    %parti/s 2, 62, 7;
    %cmpi/e 0, 0, 2;
    %jmp/0xz  T_0.10, 4;
    %pushi/vec4 1, 0, 1;
    %ix/load 4, 1, 0;
    %flag_set/imm 4, 0;
    %store/vec4 v000001a8596abf20_0, 4, 1;
    %load/vec4 v000001a8596a3f30_0;
    %ix/load 4, 2, 0;
    %flag_set/imm 4, 0;
    %shiftl 4;
    %store/vec4 v000001a8596a3f30_0, 0, 64;
T_0.10 ;
    %load/vec4 v000001a8596a3f30_0;
    %parti/s 1, 63, 7;
    %cmpi/e 0, 0, 1;
    %jmp/0xz  T_0.12, 4;
    %pushi/vec4 1, 0, 1;
    %ix/load 4, 0, 0;
    %flag_set/imm 4, 0;
    %store/vec4 v000001a8596abf20_0, 4, 1;
T_0.12 ;
T_0.1 ;
    %jmp T_0;
    .thread T_0, $push;
    .scope S_000001a8596abb60;
T_1 ;
    %vpi_call 2 8 "$dumpfile", "LZD.vcd" {0 0 0};
    %vpi_call 2 9 "$dumpvars", 32'sb00000000000000000000000000000000, S_000001a8596abb60 {0 0 0};
    %end;
    .thread T_1;
    .scope S_000001a8596abb60;
T_2 ;
    %pushi/vec4 0, 0, 48;
    %store/vec4 v000001a8596a4070_0, 0, 48;
    %pushi/vec4 0, 0, 1;
    %store/vec4 v000001a8596a3fd0_0, 0, 1;
    %delay 10, 0;
    %pushi/vec4 2769088389, 0, 32;
    %concati/vec4 49121, 0, 16;
    %store/vec4 v000001a8596a4070_0, 0, 48;
    %pushi/vec4 0, 0, 1;
    %store/vec4 v000001a8596a3fd0_0, 0, 1;
    %delay 10, 0;
    %pushi/vec4 2565549087, 0, 41;
    %concati/vec4 56, 0, 7;
    %store/vec4 v000001a8596a4070_0, 0, 48;
    %pushi/vec4 1, 0, 1;
    %store/vec4 v000001a8596a3fd0_0, 0, 1;
    %delay 10, 0;
    %pushi/vec4 2565549087, 0, 41;
    %concati/vec4 56, 0, 7;
    %store/vec4 v000001a8596a4070_0, 0, 48;
    %pushi/vec4 0, 0, 1;
    %store/vec4 v000001a8596a3fd0_0, 0, 1;
    %delay 10, 0;
    %pushi/vec4 0, 0, 48;
    %store/vec4 v000001a8596a4070_0, 0, 48;
    %pushi/vec4 0, 0, 1;
    %store/vec4 v000001a8596a3fd0_0, 0, 1;
    %delay 10, 0;
    %pushi/vec4 0, 0, 48;
    %store/vec4 v000001a8596a4070_0, 0, 48;
    %pushi/vec4 1, 0, 1;
    %store/vec4 v000001a8596a3fd0_0, 0, 1;
    %delay 50, 0;
    %vpi_call 2 45 "$finish" {0 0 0};
    %end;
    .thread T_2;
# The file index is used to find the file name in the following table.
:file_names 4;
    "N/A";
    "<interactive>";
    "./verilog/Project10_mini_CPU/tb/LZD_tb.v";
    "./verilog/Project10_mini_CPU/src_mini_CPU/LZD.v";
