#! /c/Source/iverilog-install/bin/vvp
:ivl_version "12.0 (devel)" "(s20150603-1110-g18392a46)";
:ivl_delay_selection "TYPICAL";
:vpi_time_precision - 12;
:vpi_module "C:\iverilog\lib\ivl\system.vpi";
:vpi_module "C:\iverilog\lib\ivl\vhdl_sys.vpi";
:vpi_module "C:\iverilog\lib\ivl\vhdl_textio.vpi";
:vpi_module "C:\iverilog\lib\ivl\v2005_math.vpi";
:vpi_module "C:\iverilog\lib\ivl\va_math.vpi";
S_0000028dd717d170 .scope module, "shift_reg_tb" "shift_reg_tb" 2 2;
 .timescale -9 -12;
P_0000028dd729b5f0 .param/l "W" 0 2 2, +C4<00000000000000000000000000100000>;
v0000028dd71e85d0_0 .var "D_in", 31 0;
v0000028dd71e8ad0_0 .net "D_out", 31 0, v0000028dd717e670_0;  1 drivers
v0000028dd71e83f0_0 .var "clk", 0 0;
v0000028dd71e8710_0 .net "fin", 0 0, L_0000028dd71e8490;  1 drivers
v0000028dd71e78b0_0 .var "load", 0 0;
v0000028dd71e9610_0 .var "reset", 0 0;
v0000028dd71e9110_0 .var "shift", 0 0;
E_0000028dd729b170 .event posedge, v0000028dd717eb70_0;
E_0000028dd729aeb0 .event anyedge, v0000028dd717ec10_0;
S_0000028dd718e530 .scope module, "uut0" "Top_register" 2 10, 3 1 0, S_0000028dd717d170;
 .timescale 0 0;
    .port_info 0 /INPUT 1 "clk";
    .port_info 1 /INPUT 1 "reset";
    .port_info 2 /INPUT 1 "shift";
    .port_info 3 /INPUT 1 "load";
    .port_info 4 /INPUT 32 "D_in";
    .port_info 5 /OUTPUT 32 "D_out";
    .port_info 6 /OUTPUT 1 "fin";
P_0000028dd729af30 .param/l "W" 0 3 1, +C4<00000000000000000000000000100000>;
v0000028dd717e8f0_0 .net "D_in", 31 0, v0000028dd71e85d0_0;  1 drivers
v0000028dd717e990_0 .net "D_out", 31 0, v0000028dd717e670_0;  alias, 1 drivers
v0000028dd717ea30_0 .net "N", 0 0, L_0000028dd71e87b0;  1 drivers
v0000028dd71e7950_0 .net "clk", 0 0, v0000028dd71e83f0_0;  1 drivers
v0000028dd71e92f0_0 .net "fin", 0 0, L_0000028dd71e8490;  alias, 1 drivers
v0000028dd71e8210_0 .net "load", 0 0, v0000028dd71e78b0_0;  1 drivers
v0000028dd71e80d0_0 .net "reset", 0 0, v0000028dd71e9610_0;  1 drivers
v0000028dd71e8990_0 .net "shift", 0 0, v0000028dd71e9110_0;  1 drivers
S_0000028dd718e6c0 .scope module, "reg0" "TX_shift_reg" 3 9, 4 1 0, S_0000028dd718e530;
 .timescale 0 0;
    .port_info 0 /INPUT 32 "D_in";
    .port_info 1 /INPUT 1 "clk";
    .port_info 2 /INPUT 1 "reset";
    .port_info 3 /INPUT 1 "load";
    .port_info 4 /INPUT 1 "shift";
    .port_info 5 /OUTPUT 1 "N";
    .port_info 6 /OUTPUT 1 "fin";
P_0000028dd729aff0 .param/l "W" 0 4 1, +C4<00000000000000000000000000100000>;
v0000028dd717e850_0 .net "D_in", 31 0, v0000028dd71e85d0_0;  alias, 1 drivers
v0000028dd717f1b0_0 .net "N", 0 0, L_0000028dd71e87b0;  alias, 1 drivers
v0000028dd717ed50_0 .var "Q_a", 31 0;
L_0000028dd71e9908 .functor BUFT 1, C4<1>, C4<0>, C4<0>, C4<0>;
v0000028dd717e710_0 .net/2u *"_ivl_10", 0 0, L_0000028dd71e9908;  1 drivers
L_0000028dd71e9950 .functor BUFT 1, C4<0>, C4<0>, C4<0>, C4<0>;
v0000028dd717f570_0 .net/2u *"_ivl_12", 0 0, L_0000028dd71e9950;  1 drivers
v0000028dd717f390_0 .net *"_ivl_2", 31 0, L_0000028dd71e7d10;  1 drivers
L_0000028dd71e9878 .functor BUFT 1, C4<00000000000000000000000000>, C4<0>, C4<0>, C4<0>;
v0000028dd717f430_0 .net *"_ivl_5", 25 0, L_0000028dd71e9878;  1 drivers
L_0000028dd71e98c0 .functor BUFT 1, C4<00000000000000000000000000100000>, C4<0>, C4<0>, C4<0>;
v0000028dd717ecb0_0 .net/2u *"_ivl_6", 31 0, L_0000028dd71e98c0;  1 drivers
v0000028dd717ee90_0 .net *"_ivl_8", 0 0, L_0000028dd71e8f30;  1 drivers
v0000028dd717eb70_0 .net "clk", 0 0, v0000028dd71e83f0_0;  alias, 1 drivers
v0000028dd717f070_0 .var "count", 5 0;
v0000028dd717ec10_0 .net "fin", 0 0, L_0000028dd71e8490;  alias, 1 drivers
v0000028dd717f4d0_0 .net "load", 0 0, v0000028dd71e78b0_0;  alias, 1 drivers
v0000028dd717f250_0 .net "reset", 0 0, v0000028dd71e9610_0;  alias, 1 drivers
v0000028dd717edf0_0 .net "shift", 0 0, v0000028dd71e9110_0;  alias, 1 drivers
E_0000028dd729b070 .event posedge, v0000028dd717f250_0, v0000028dd717eb70_0;
L_0000028dd71e87b0 .part v0000028dd717ed50_0, 0, 1;
L_0000028dd71e7d10 .concat [ 6 26 0 0], v0000028dd717f070_0, L_0000028dd71e9878;
L_0000028dd71e8f30 .cmp/eq 32, L_0000028dd71e7d10, L_0000028dd71e98c0;
L_0000028dd71e8490 .functor MUXZ 1, L_0000028dd71e9950, L_0000028dd71e9908, L_0000028dd71e8f30, C4<>;
S_0000028dd718e850 .scope module, "reg1" "RX_shift_reg" 3 14, 5 1 0, S_0000028dd718e530;
 .timescale 0 0;
    .port_info 0 /INPUT 1 "N";
    .port_info 1 /INPUT 1 "clk";
    .port_info 2 /INPUT 1 "reset";
    .port_info 3 /INPUT 1 "shift";
    .port_info 4 /OUTPUT 32 "D_out";
P_0000028dd729b030 .param/l "W" 0 5 1, +C4<00000000000000000000000000100000>;
v0000028dd717e670_0 .var "D_out", 31 0;
v0000028dd717efd0_0 .net "N", 0 0, L_0000028dd71e87b0;  alias, 1 drivers
v0000028dd717ef30_0 .net "clk", 0 0, v0000028dd71e83f0_0;  alias, 1 drivers
v0000028dd717ead0_0 .net "reset", 0 0, v0000028dd71e9610_0;  alias, 1 drivers
v0000028dd717e7b0_0 .net "shift", 0 0, v0000028dd71e9110_0;  alias, 1 drivers
    .scope S_0000028dd718e6c0;
T_0 ;
    %wait E_0000028dd729b070;
    %load/vec4 v0000028dd717f250_0;
    %flag_set/vec4 8;
    %jmp/0xz  T_0.0, 8;
    %pushi/vec4 0, 0, 32;
    %assign/vec4 v0000028dd717ed50_0, 0;
    %jmp T_0.1;
T_0.0 ;
    %load/vec4 v0000028dd717f4d0_0;
    %flag_set/vec4 8;
    %jmp/0xz  T_0.2, 8;
    %load/vec4 v0000028dd717e850_0;
    %assign/vec4 v0000028dd717ed50_0, 0;
    %jmp T_0.3;
T_0.2 ;
    %load/vec4 v0000028dd717edf0_0;
    %flag_set/vec4 8;
    %jmp/0xz  T_0.4, 8;
    %pushi/vec4 0, 0, 1;
    %load/vec4 v0000028dd717ed50_0;
    %parti/s 31, 1, 2;
    %concat/vec4; draw_concat_vec4
    %assign/vec4 v0000028dd717ed50_0, 0;
T_0.4 ;
T_0.3 ;
T_0.1 ;
    %jmp T_0;
    .thread T_0;
    .scope S_0000028dd718e6c0;
T_1 ;
    %wait E_0000028dd729b070;
    %load/vec4 v0000028dd717f250_0;
    %flag_set/vec4 8;
    %jmp/0xz  T_1.0, 8;
    %pushi/vec4 0, 0, 6;
    %assign/vec4 v0000028dd717f070_0, 0;
    %jmp T_1.1;
T_1.0 ;
    %load/vec4 v0000028dd717f4d0_0;
    %flag_set/vec4 8;
    %jmp/0xz  T_1.2, 8;
    %pushi/vec4 0, 0, 6;
    %assign/vec4 v0000028dd717f070_0, 0;
    %jmp T_1.3;
T_1.2 ;
    %load/vec4 v0000028dd717edf0_0;
    %flag_set/vec4 8;
    %jmp/0xz  T_1.4, 8;
    %load/vec4 v0000028dd717f070_0;
    %addi 1, 0, 6;
    %assign/vec4 v0000028dd717f070_0, 0;
T_1.4 ;
T_1.3 ;
T_1.1 ;
    %jmp T_1;
    .thread T_1;
    .scope S_0000028dd718e850;
T_2 ;
    %wait E_0000028dd729b070;
    %load/vec4 v0000028dd717ead0_0;
    %flag_set/vec4 8;
    %jmp/0xz  T_2.0, 8;
    %pushi/vec4 0, 0, 32;
    %assign/vec4 v0000028dd717e670_0, 0;
    %jmp T_2.1;
T_2.0 ;
    %load/vec4 v0000028dd717e7b0_0;
    %flag_set/vec4 8;
    %jmp/0xz  T_2.2, 8;
    %load/vec4 v0000028dd717efd0_0;
    %load/vec4 v0000028dd717e670_0;
    %parti/s 31, 1, 2;
    %concat/vec4; draw_concat_vec4
    %assign/vec4 v0000028dd717e670_0, 0;
T_2.2 ;
T_2.1 ;
    %jmp T_2;
    .thread T_2;
    .scope S_0000028dd717d170;
T_3 ;
    %delay 5000, 0;
    %load/vec4 v0000028dd71e83f0_0;
    %inv;
    %store/vec4 v0000028dd71e83f0_0, 0, 1;
    %jmp T_3;
    .thread T_3;
    .scope S_0000028dd717d170;
T_4 ;
    %vpi_call 2 21 "$dumpfile", "Shift_register.vcd" {0 0 0};
    %vpi_call 2 22 "$dumpvars", 32'sb00000000000000000000000000000000, S_0000028dd717d170 {0 0 0};
    %end;
    .thread T_4;
    .scope S_0000028dd717d170;
T_5 ;
    %pushi/vec4 0, 0, 1;
    %store/vec4 v0000028dd71e83f0_0, 0, 1;
    %pushi/vec4 1, 0, 1;
    %store/vec4 v0000028dd71e9610_0, 0, 1;
    %pushi/vec4 0, 0, 1;
    %store/vec4 v0000028dd71e78b0_0, 0, 1;
    %pushi/vec4 0, 0, 1;
    %store/vec4 v0000028dd71e9110_0, 0, 1;
    %pushi/vec4 0, 0, 32;
    %store/vec4 v0000028dd71e85d0_0, 0, 32;
    %delay 15000, 0;
    %pushi/vec4 0, 0, 1;
    %store/vec4 v0000028dd71e9610_0, 0, 1;
    %pushi/vec4 2779115760, 0, 32;
    %store/vec4 v0000028dd71e85d0_0, 0, 32;
    %wait E_0000028dd729b170;
    %pushi/vec4 1, 0, 1;
    %store/vec4 v0000028dd71e78b0_0, 0, 1;
    %wait E_0000028dd729b170;
    %pushi/vec4 0, 0, 1;
    %store/vec4 v0000028dd71e78b0_0, 0, 1;
    %pushi/vec4 1, 0, 1;
    %store/vec4 v0000028dd71e9110_0, 0, 1;
T_5.0 ;
    %load/vec4 v0000028dd71e8710_0;
    %pushi/vec4 1, 0, 1;
    %cmp/e;
    %flag_get/vec4 4;
    %cmpi/ne 1, 0, 1;
    %jmp/0xz T_5.1, 6;
    %wait E_0000028dd729aeb0;
    %jmp T_5.0;
T_5.1 ;
    %wait E_0000028dd729b170;
    %pushi/vec4 0, 0, 1;
    %store/vec4 v0000028dd71e9110_0, 0, 1;
    %delay 20000, 0;
    %vpi_call 2 45 "$finish" {0 0 0};
    %end;
    .thread T_5;
# The file index is used to find the file name in the following table.
:file_names 6;
    "N/A";
    "<interactive>";
    "./verilog/Project7_Shift_register/tb/shift_reg_tb.v";
    "./verilog/Project7_Shift_register/src_latch/Top_register.v";
    "./verilog/Project7_Shift_register/src_latch/TX_shift_reg.v";
    "./verilog/Project7_Shift_register/src_latch/RX_shift_reg.v";
